{"/home/bao/test-project/frontend/src/App.js": {"path":"/home/bao/test-project/frontend/src/App.js","statementMap":{"0":{"start":{"line":24,"column":14},"end":{"line":24,"column":60}},"1":{"start":{"line":24,"column":31},"end":{"line":24,"column":59}},"2":{"start":{"line":25,"column":18},"end":{"line":25,"column":70}},"3":{"start":{"line":25,"column":35},"end":{"line":25,"column":69}},"4":{"start":{"line":26,"column":20},"end":{"line":26,"column":74}},"5":{"start":{"line":26,"column":37},"end":{"line":26,"column":73}},"6":{"start":{"line":27,"column":20},"end":{"line":27,"column":74}},"7":{"start":{"line":27,"column":37},"end":{"line":27,"column":73}},"8":{"start":{"line":28,"column":17},"end":{"line":28,"column":67}},"9":{"start":{"line":28,"column":34},"end":{"line":28,"column":66}},"10":{"start":{"line":29,"column":19},"end":{"line":29,"column":71}},"11":{"start":{"line":29,"column":36},"end":{"line":29,"column":70}},"12":{"start":{"line":30,"column":21},"end":{"line":30,"column":79}},"13":{"start":{"line":30,"column":38},"end":{"line":30,"column":78}},"14":{"start":{"line":31,"column":23},"end":{"line":31,"column":83}},"15":{"start":{"line":31,"column":40},"end":{"line":31,"column":82}},"16":{"start":{"line":32,"column":27},"end":{"line":32,"column":91}},"17":{"start":{"line":32,"column":44},"end":{"line":32,"column":90}},"18":{"start":{"line":34,"column":43},"end":{"line":34,"column":49}},"19":{"start":{"line":35,"column":17},"end":{"line":35,"column":27}},"20":{"start":{"line":38,"column":21},"end":{"line":57,"column":1}},"21":{"start":{"line":39,"column":59},"end":{"line":39,"column":73}},"22":{"start":{"line":40,"column":19},"end":{"line":40,"column":32}},"23":{"start":{"line":42,"column":2},"end":{"line":46,"column":53}},"24":{"start":{"line":43,"column":4},"end":{"line":45,"column":5}},"25":{"start":{"line":44,"column":6},"end":{"line":44,"column":25}},"26":{"start":{"line":48,"column":2},"end":{"line":50,"column":3}},"27":{"start":{"line":49,"column":4},"end":{"line":49,"column":52}},"28":{"start":{"line":52,"column":2},"end":{"line":54,"column":3}},"29":{"start":{"line":53,"column":4},"end":{"line":53,"column":71}},"30":{"start":{"line":56,"column":2},"end":{"line":56,"column":18}},"31":{"start":{"line":60,"column":20},"end":{"line":68,"column":1}},"32":{"start":{"line":61,"column":30},"end":{"line":61,"column":44}},"33":{"start":{"line":63,"column":2},"end":{"line":65,"column":3}},"34":{"start":{"line":64,"column":4},"end":{"line":64,"column":39}},"35":{"start":{"line":67,"column":2},"end":{"line":67,"column":18}},"36":{"start":{"line":71,"column":19},"end":{"line":110,"column":1}},"37":{"start":{"line":72,"column":19},"end":{"line":72,"column":32}},"38":{"start":{"line":73,"column":19},"end":{"line":73,"column":32}},"39":{"start":{"line":75,"column":20},"end":{"line":83,"column":3}},"40":{"start":{"line":85,"column":25},"end":{"line":94,"column":3}},"41":{"start":{"line":86,"column":17},"end":{"line":86,"column":34}},"42":{"start":{"line":87,"column":4},"end":{"line":87,"column":53}},"43":{"start":{"line":87,"column":36},"end":{"line":87,"column":53}},"44":{"start":{"line":88,"column":4},"end":{"line":88,"column":51}},"45":{"start":{"line":88,"column":35},"end":{"line":88,"column":51}},"46":{"start":{"line":89,"column":4},"end":{"line":89,"column":59}},"47":{"start":{"line":89,"column":39},"end":{"line":89,"column":59}},"48":{"start":{"line":90,"column":4},"end":{"line":90,"column":67}},"49":{"start":{"line":90,"column":43},"end":{"line":90,"column":67}},"50":{"start":{"line":91,"column":4},"end":{"line":91,"column":57}},"51":{"start":{"line":91,"column":38},"end":{"line":91,"column":57}},"52":{"start":{"line":92,"column":4},"end":{"line":92,"column":57}},"53":{"start":{"line":92,"column":38},"end":{"line":92,"column":57}},"54":{"start":{"line":93,"column":4},"end":{"line":93,"column":15}},"55":{"start":{"line":96,"column":26},"end":{"line":98,"column":3}},"56":{"start":{"line":97,"column":4},"end":{"line":97,"column":18}},"57":{"start":{"line":100,"column":2},"end":{"line":109,"column":4}},"58":{"start":{"line":113,"column":19},"end":{"line":168,"column":1}},"59":{"start":{"line":114,"column":36},"end":{"line":114,"column":57}},"60":{"start":{"line":115,"column":27},"end":{"line":115,"column":41}},"61":{"start":{"line":116,"column":19},"end":{"line":116,"column":32}},"62":{"start":{"line":118,"column":24},"end":{"line":123,"column":3}},"63":{"start":{"line":119,"column":76},"end":{"line":119,"column":96}},"64":{"start":{"line":120,"column":80},"end":{"line":120,"column":101}},"65":{"start":{"line":122,"column":79},"end":{"line":122,"column":88}},"66":{"start":{"line":122,"column":89},"end":{"line":122,"column":108}},"67":{"start":{"line":125,"column":2},"end":{"line":167,"column":4}},"68":{"start":{"line":140,"column":27},"end":{"line":140,"column":51}},"69":{"start":{"line":171,"column":18},"end":{"line":182,"column":1}},"70":{"start":{"line":172,"column":2},"end":{"line":181,"column":8}},"71":{"start":{"line":184,"column":22},"end":{"line":184,"column":97}},"72":{"start":{"line":184,"column":28},"end":{"line":184,"column":97}},"73":{"start":{"line":185,"column":17},"end":{"line":185,"column":91}},"74":{"start":{"line":185,"column":23},"end":{"line":185,"column":91}},"75":{"start":{"line":186,"column":17},"end":{"line":186,"column":90}},"76":{"start":{"line":186,"column":23},"end":{"line":186,"column":90}},"77":{"start":{"line":189,"column":19},"end":{"line":209,"column":1}},"78":{"start":{"line":190,"column":2},"end":{"line":208,"column":4}},"79":{"start":{"line":212,"column":2},"end":{"line":220,"column":4}}},"fnMap":{"0":{"name":"(anonymous_0)","decl":{"start":{"line":24,"column":25},"end":{"line":24,"column":26}},"loc":{"start":{"line":24,"column":31},"end":{"line":24,"column":59}},"line":24},"1":{"name":"(anonymous_1)","decl":{"start":{"line":25,"column":29},"end":{"line":25,"column":30}},"loc":{"start":{"line":25,"column":35},"end":{"line":25,"column":69}},"line":25},"2":{"name":"(anonymous_2)","decl":{"start":{"line":26,"column":31},"end":{"line":26,"column":32}},"loc":{"start":{"line":26,"column":37},"end":{"line":26,"column":73}},"line":26},"3":{"name":"(anonymous_3)","decl":{"start":{"line":27,"column":31},"end":{"line":27,"column":32}},"loc":{"start":{"line":27,"column":37},"end":{"line":27,"column":73}},"line":27},"4":{"name":"(anonymous_4)","decl":{"start":{"line":28,"column":28},"end":{"line":28,"column":29}},"loc":{"start":{"line":28,"column":34},"end":{"line":28,"column":66}},"line":28},"5":{"name":"(anonymous_5)","decl":{"start":{"line":29,"column":30},"end":{"line":29,"column":31}},"loc":{"start":{"line":29,"column":36},"end":{"line":29,"column":70}},"line":29},"6":{"name":"(anonymous_6)","decl":{"start":{"line":30,"column":32},"end":{"line":30,"column":33}},"loc":{"start":{"line":30,"column":38},"end":{"line":30,"column":78}},"line":30},"7":{"name":"(anonymous_7)","decl":{"start":{"line":31,"column":34},"end":{"line":31,"column":35}},"loc":{"start":{"line":31,"column":40},"end":{"line":31,"column":82}},"line":31},"8":{"name":"(anonymous_8)","decl":{"start":{"line":32,"column":38},"end":{"line":32,"column":39}},"loc":{"start":{"line":32,"column":44},"end":{"line":32,"column":90}},"line":32},"9":{"name":"(anonymous_9)","decl":{"start":{"line":38,"column":21},"end":{"line":38,"column":22}},"loc":{"start":{"line":38,"column":39},"end":{"line":57,"column":1}},"line":38},"10":{"name":"(anonymous_10)","decl":{"start":{"line":42,"column":12},"end":{"line":42,"column":13}},"loc":{"start":{"line":42,"column":18},"end":{"line":46,"column":3}},"line":42},"11":{"name":"(anonymous_11)","decl":{"start":{"line":60,"column":20},"end":{"line":60,"column":21}},"loc":{"start":{"line":60,"column":38},"end":{"line":68,"column":1}},"line":60},"12":{"name":"(anonymous_12)","decl":{"start":{"line":71,"column":19},"end":{"line":71,"column":20}},"loc":{"start":{"line":71,"column":25},"end":{"line":110,"column":1}},"line":71},"13":{"name":"(anonymous_13)","decl":{"start":{"line":85,"column":25},"end":{"line":85,"column":26}},"loc":{"start":{"line":85,"column":31},"end":{"line":94,"column":3}},"line":85},"14":{"name":"(anonymous_14)","decl":{"start":{"line":96,"column":26},"end":{"line":96,"column":27}},"loc":{"start":{"line":96,"column":39},"end":{"line":98,"column":3}},"line":96},"15":{"name":"(anonymous_15)","decl":{"start":{"line":113,"column":19},"end":{"line":113,"column":20}},"loc":{"start":{"line":113,"column":37},"end":{"line":168,"column":1}},"line":113},"16":{"name":"(anonymous_16)","decl":{"start":{"line":119,"column":70},"end":{"line":119,"column":71}},"loc":{"start":{"line":119,"column":76},"end":{"line":119,"column":96}},"line":119},"17":{"name":"(anonymous_17)","decl":{"start":{"line":120,"column":74},"end":{"line":120,"column":75}},"loc":{"start":{"line":120,"column":80},"end":{"line":120,"column":101}},"line":120},"18":{"name":"(anonymous_18)","decl":{"start":{"line":122,"column":71},"end":{"line":122,"column":72}},"loc":{"start":{"line":122,"column":77},"end":{"line":122,"column":110}},"line":122},"19":{"name":"(anonymous_19)","decl":{"start":{"line":140,"column":21},"end":{"line":140,"column":22}},"loc":{"start":{"line":140,"column":27},"end":{"line":140,"column":51}},"line":140},"20":{"name":"(anonymous_20)","decl":{"start":{"line":171,"column":18},"end":{"line":171,"column":19}},"loc":{"start":{"line":172,"column":2},"end":{"line":181,"column":8}},"line":172},"21":{"name":"(anonymous_21)","decl":{"start":{"line":184,"column":22},"end":{"line":184,"column":23}},"loc":{"start":{"line":184,"column":28},"end":{"line":184,"column":97}},"line":184},"22":{"name":"(anonymous_22)","decl":{"start":{"line":185,"column":17},"end":{"line":185,"column":18}},"loc":{"start":{"line":185,"column":23},"end":{"line":185,"column":91}},"line":185},"23":{"name":"(anonymous_23)","decl":{"start":{"line":186,"column":17},"end":{"line":186,"column":18}},"loc":{"start":{"line":186,"column":23},"end":{"line":186,"column":90}},"line":186},"24":{"name":"(anonymous_24)","decl":{"start":{"line":189,"column":19},"end":{"line":189,"column":20}},"loc":{"start":{"line":189,"column":25},"end":{"line":209,"column":1}},"line":189},"25":{"name":"App","decl":{"start":{"line":211,"column":9},"end":{"line":211,"column":12}},"loc":{"start":{"line":211,"column":15},"end":{"line":221,"column":1}},"line":211}},"branchMap":{"0":{"loc":{"start":{"line":43,"column":4},"end":{"line":45,"column":5}},"type":"if","locations":[{"start":{"line":43,"column":4},"end":{"line":45,"column":5}},{"start":{},"end":{}}],"line":43},"1":{"loc":{"start":{"line":43,"column":8},"end":{"line":43,"column":38}},"type":"binary-expr","locations":[{"start":{"line":43,"column":8},"end":{"line":43,"column":24}},{"start":{"line":43,"column":28},"end":{"line":43,"column":38}}],"line":43},"2":{"loc":{"start":{"line":48,"column":2},"end":{"line":50,"column":3}},"type":"if","locations":[{"start":{"line":48,"column":2},"end":{"line":50,"column":3}},{"start":{},"end":{}}],"line":48},"3":{"loc":{"start":{"line":52,"column":2},"end":{"line":54,"column":3}},"type":"if","locations":[{"start":{"line":52,"column":2},"end":{"line":54,"column":3}},{"start":{},"end":{}}],"line":52},"4":{"loc":{"start":{"line":63,"column":2},"end":{"line":65,"column":3}},"type":"if","locations":[{"start":{"line":63,"column":2},"end":{"line":65,"column":3}},{"start":{},"end":{}}],"line":63},"5":{"loc":{"start":{"line":87,"column":4},"end":{"line":87,"column":53}},"type":"if","locations":[{"start":{"line":87,"column":4},"end":{"line":87,"column":53}},{"start":{},"end":{}}],"line":87},"6":{"loc":{"start":{"line":88,"column":4},"end":{"line":88,"column":51}},"type":"if","locations":[{"start":{"line":88,"column":4},"end":{"line":88,"column":51}},{"start":{},"end":{}}],"line":88},"7":{"loc":{"start":{"line":89,"column":4},"end":{"line":89,"column":59}},"type":"if","locations":[{"start":{"line":89,"column":4},"end":{"line":89,"column":59}},{"start":{},"end":{}}],"line":89},"8":{"loc":{"start":{"line":90,"column":4},"end":{"line":90,"column":67}},"type":"if","locations":[{"start":{"line":90,"column":4},"end":{"line":90,"column":67}},{"start":{},"end":{}}],"line":90},"9":{"loc":{"start":{"line":91,"column":4},"end":{"line":91,"column":57}},"type":"if","locations":[{"start":{"line":91,"column":4},"end":{"line":91,"column":57}},{"start":{},"end":{}}],"line":91},"10":{"loc":{"start":{"line":92,"column":4},"end":{"line":92,"column":57}},"type":"if","locations":[{"start":{"line":92,"column":4},"end":{"line":92,"column":57}},{"start":{},"end":{}}],"line":92},"11":{"loc":{"start":{"line":130,"column":11},"end":{"line":130,"column":74}},"type":"binary-expr","locations":[{"start":{"line":130,"column":11},"end":{"line":130,"column":21}},{"start":{"line":130,"column":25},"end":{"line":130,"column":74}}],"line":130},"12":{"loc":{"start":{"line":139,"column":18},"end":{"line":139,"column":75}},"type":"cond-expr","locations":[{"start":{"line":139,"column":30},"end":{"line":139,"column":52}},{"start":{"line":139,"column":55},"end":{"line":139,"column":75}}],"line":139},"13":{"loc":{"start":{"line":151,"column":19},"end":{"line":151,"column":80}},"type":"binary-expr","locations":[{"start":{"line":151,"column":19},"end":{"line":151,"column":29}},{"start":{"line":151,"column":33},"end":{"line":151,"column":80}}],"line":151},"14":{"loc":{"start":{"line":151,"column":40},"end":{"line":151,"column":72}},"type":"binary-expr","locations":[{"start":{"line":151,"column":40},"end":{"line":151,"column":54}},{"start":{"line":151,"column":58},"end":{"line":151,"column":72}}],"line":151}},"s":{"0":0,"1":0,"2":0,"3":0,"4":0,"5":0,"6":0,"7":0,"8":0,"9":0,"10":0,"11":0,"12":0,"13":0,"14":0,"15":0,"16":0,"17":0,"18":0,"19":0,"20":0,"21":0,"22":0,"23":0,"24":0,"25":0,"26":0,"27":0,"28":0,"29":0,"30":0,"31":0,"32":0,"33":0,"34":0,"35":0,"36":0,"37":0,"38":0,"39":0,"40":0,"41":0,"42":0,"43":0,"44":0,"45":0,"46":0,"47":0,"48":0,"49":0,"50":0,"51":0,"52":0,"53":0,"54":0,"55":0,"56":0,"57":0,"58":0,"59":0,"60":0,"61":0,"62":0,"63":0,"64":0,"65":0,"66":0,"67":0,"68":0,"69":0,"70":0,"71":0,"72":0,"73":0,"74":0,"75":0,"76":0,"77":0,"78":0,"79":0},"f":{"0":0,"1":0,"2":0,"3":0,"4":0,"5":0,"6":0,"7":0,"8":0,"9":0,"10":0,"11":0,"12":0,"13":0,"14":0,"15":0,"16":0,"17":0,"18":0,"19":0,"20":0,"21":0,"22":0,"23":0,"24":0,"25":0},"b":{"0":[0,0],"1":[0,0],"2":[0,0],"3":[0,0],"4":[0,0],"5":[0,0],"6":[0,0],"7":[0,0],"8":[0,0],"9":[0,0],"10":[0,0],"11":[0,0],"12":[0,0],"13":[0,0],"14":[0,0]}}
,"/home/bao/test-project/frontend/src/index.js": {"path":"/home/bao/test-project/frontend/src/index.js","statementMap":{"0":{"start":{"line":6,"column":13},"end":{"line":6,"column":65}},"1":{"start":{"line":7,"column":0},"end":{"line":11,"column":2}}},"fnMap":{},"branchMap":{},"s":{"0":0,"1":0},"f":{},"b":{}}
,"/home/bao/test-project/frontend/src/components/Auth/PrivateRoute.jsx": {"path":"/home/bao/test-project/frontend/src/components/Auth/PrivateRoute.jsx","statementMap":{"0":{"start":{"line":10,"column":21},"end":{"line":31,"column":1}},"1":{"start":{"line":11,"column":59},"end":{"line":11,"column":73}},"2":{"start":{"line":12,"column":19},"end":{"line":12,"column":32}},"3":{"start":{"line":15,"column":2},"end":{"line":19,"column":53}},"4":{"start":{"line":16,"column":4},"end":{"line":18,"column":5}},"5":{"start":{"line":17,"column":6},"end":{"line":17,"column":25}},"6":{"start":{"line":21,"column":2},"end":{"line":23,"column":3}},"7":{"start":{"line":22,"column":4},"end":{"line":22,"column":52}},"8":{"start":{"line":25,"column":2},"end":{"line":28,"column":3}},"9":{"start":{"line":27,"column":4},"end":{"line":27,"column":71}},"10":{"start":{"line":30,"column":2},"end":{"line":30,"column":18}}},"fnMap":{"0":{"name":"(anonymous_0)","decl":{"start":{"line":10,"column":21},"end":{"line":10,"column":22}},"loc":{"start":{"line":10,"column":39},"end":{"line":31,"column":1}},"line":10},"1":{"name":"(anonymous_1)","decl":{"start":{"line":15,"column":12},"end":{"line":15,"column":13}},"loc":{"start":{"line":15,"column":18},"end":{"line":19,"column":3}},"line":15}},"branchMap":{"0":{"loc":{"start":{"line":16,"column":4},"end":{"line":18,"column":5}},"type":"if","locations":[{"start":{"line":16,"column":4},"end":{"line":18,"column":5}},{"start":{},"end":{}}],"line":16},"1":{"loc":{"start":{"line":16,"column":8},"end":{"line":16,"column":38}},"type":"binary-expr","locations":[{"start":{"line":16,"column":8},"end":{"line":16,"column":24}},{"start":{"line":16,"column":28},"end":{"line":16,"column":38}}],"line":16},"2":{"loc":{"start":{"line":21,"column":2},"end":{"line":23,"column":3}},"type":"if","locations":[{"start":{"line":21,"column":2},"end":{"line":23,"column":3}},{"start":{},"end":{}}],"line":21},"3":{"loc":{"start":{"line":25,"column":2},"end":{"line":28,"column":3}},"type":"if","locations":[{"start":{"line":25,"column":2},"end":{"line":28,"column":3}},{"start":{},"end":{}}],"line":25}},"s":{"0":0,"1":0,"2":0,"3":0,"4":0,"5":0,"6":0,"7":0,"8":0,"9":0,"10":0},"f":{"0":0,"1":0},"b":{"0":[0,0],"1":[0,0],"2":[0,0],"3":[0,0]}}
,"/home/bao/test-project/frontend/src/components/Cesium/CesiumViewer.jsx": {"path":"/home/bao/test-project/frontend/src/components/Cesium/CesiumViewer.jsx","statementMap":{"0":{"start":{"line":8,"column":0},"end":{"line":8,"column":55}},"1":{"start":{"line":10,"column":21},"end":{"line":133,"column":1}},"2":{"start":{"line":17,"column":26},"end":{"line":17,"column":38}},"3":{"start":{"line":18,"column":20},"end":{"line":18,"column":32}},"4":{"start":{"line":19,"column":32},"end":{"line":19,"column":47}},"5":{"start":{"line":21,"column":2},"end":{"line":110,"column":9}},"6":{"start":{"line":22,"column":4},"end":{"line":22,"column":41}},"7":{"start":{"line":22,"column":34},"end":{"line":22,"column":41}},"8":{"start":{"line":25,"column":19},"end":{"line":51,"column":6}},"9":{"start":{"line":53,"column":4},"end":{"line":53,"column":31}},"10":{"start":{"line":56,"column":66},"end":{"line":56,"column":91}},"11":{"start":{"line":57,"column":4},"end":{"line":64,"column":7}},"12":{"start":{"line":67,"column":4},"end":{"line":67,"column":45}},"13":{"start":{"line":70,"column":4},"end":{"line":70,"column":54}},"14":{"start":{"line":73,"column":4},"end":{"line":84,"column":5}},"15":{"start":{"line":74,"column":22},"end":{"line":74,"column":71}},"16":{"start":{"line":75,"column":6},"end":{"line":83,"column":49}},"17":{"start":{"line":76,"column":26},"end":{"line":76,"column":69}},"18":{"start":{"line":77,"column":8},"end":{"line":82,"column":9}},"19":{"start":{"line":78,"column":31},"end":{"line":78,"column":75}},"20":{"start":{"line":79,"column":22},"end":{"line":79,"column":67}},"21":{"start":{"line":80,"column":22},"end":{"line":80,"column":66}},"22":{"start":{"line":81,"column":10},"end":{"line":81,"column":64}},"23":{"start":{"line":87,"column":4},"end":{"line":98,"column":5}},"24":{"start":{"line":88,"column":6},"end":{"line":97,"column":9}},"25":{"start":{"line":89,"column":25},"end":{"line":89,"column":59}},"26":{"start":{"line":90,"column":8},"end":{"line":96,"column":11}},"27":{"start":{"line":101,"column":4},"end":{"line":101,"column":21}},"28":{"start":{"line":102,"column":4},"end":{"line":102,"column":28}},"29":{"start":{"line":105,"column":4},"end":{"line":109,"column":6}},"30":{"start":{"line":106,"column":6},"end":{"line":108,"column":7}},"31":{"start":{"line":107,"column":8},"end":{"line":107,"column":25}},"32":{"start":{"line":113,"column":2},"end":{"line":121,"column":19}},"33":{"start":{"line":114,"column":4},"end":{"line":114,"column":50}},"34":{"start":{"line":114,"column":43},"end":{"line":114,"column":50}},"35":{"start":{"line":116,"column":4},"end":{"line":120,"column":7}},"36":{"start":{"line":123,"column":2},"end":{"line":132,"column":4}}},"fnMap":{"0":{"name":"(anonymous_0)","decl":{"start":{"line":10,"column":21},"end":{"line":10,"column":22}},"loc":{"start":{"line":16,"column":6},"end":{"line":133,"column":1}},"line":16},"1":{"name":"(anonymous_1)","decl":{"start":{"line":21,"column":12},"end":{"line":21,"column":13}},"loc":{"start":{"line":21,"column":18},"end":{"line":110,"column":3}},"line":21},"2":{"name":"(anonymous_2)","decl":{"start":{"line":75,"column":29},"end":{"line":75,"column":30}},"loc":{"start":{"line":75,"column":40},"end":{"line":83,"column":7}},"line":75},"3":{"name":"(anonymous_3)","decl":{"start":{"line":88,"column":45},"end":{"line":88,"column":46}},"loc":{"start":{"line":88,"column":51},"end":{"line":97,"column":7}},"line":88},"4":{"name":"(anonymous_4)","decl":{"start":{"line":105,"column":11},"end":{"line":105,"column":12}},"loc":{"start":{"line":105,"column":17},"end":{"line":109,"column":5}},"line":105},"5":{"name":"(anonymous_5)","decl":{"start":{"line":113,"column":12},"end":{"line":113,"column":13}},"loc":{"start":{"line":113,"column":18},"end":{"line":121,"column":3}},"line":113}},"branchMap":{"0":{"loc":{"start":{"line":22,"column":4},"end":{"line":22,"column":41}},"type":"if","locations":[{"start":{"line":22,"column":4},"end":{"line":22,"column":41}},{"start":{},"end":{}}],"line":22},"1":{"loc":{"start":{"line":73,"column":4},"end":{"line":84,"column":5}},"type":"if","locations":[{"start":{"line":73,"column":4},"end":{"line":84,"column":5}},{"start":{},"end":{}}],"line":73},"2":{"loc":{"start":{"line":77,"column":8},"end":{"line":82,"column":9}},"type":"if","locations":[{"start":{"line":77,"column":8},"end":{"line":82,"column":9}},{"start":{},"end":{}}],"line":77},"3":{"loc":{"start":{"line":87,"column":4},"end":{"line":98,"column":5}},"type":"if","locations":[{"start":{"line":87,"column":4},"end":{"line":98,"column":5}},{"start":{},"end":{}}],"line":87},"4":{"loc":{"start":{"line":106,"column":6},"end":{"line":108,"column":7}},"type":"if","locations":[{"start":{"line":106,"column":6},"end":{"line":108,"column":7}},{"start":{},"end":{}}],"line":106},"5":{"loc":{"start":{"line":106,"column":10},"end":{"line":106,"column":41}},"type":"binary-expr","locations":[{"start":{"line":106,"column":10},"end":{"line":106,"column":16}},{"start":{"line":106,"column":20},"end":{"line":106,"column":41}}],"line":106},"6":{"loc":{"start":{"line":114,"column":4},"end":{"line":114,"column":50}},"type":"if","locations":[{"start":{"line":114,"column":4},"end":{"line":114,"column":50}},{"start":{},"end":{}}],"line":114},"7":{"loc":{"start":{"line":114,"column":8},"end":{"line":114,"column":41}},"type":"binary-expr","locations":[{"start":{"line":114,"column":8},"end":{"line":114,"column":26}},{"start":{"line":114,"column":30},"end":{"line":114,"column":41}}],"line":114},"8":{"loc":{"start":{"line":126,"column":7},"end":{"line":130,"column":7}},"type":"binary-expr","locations":[{"start":{"line":126,"column":7},"end":{"line":126,"column":14}},{"start":{"line":126,"column":18},"end":{"line":126,"column":26}},{"start":{"line":127,"column":8},"end":{"line":129,"column":14}}],"line":126}},"s":{"0":0,"1":0,"2":0,"3":0,"4":0,"5":0,"6":0,"7":0,"8":0,"9":0,"10":0,"11":0,"12":0,"13":0,"14":0,"15":0,"16":0,"17":0,"18":0,"19":0,"20":0,"21":0,"22":0,"23":0,"24":0,"25":0,"26":0,"27":0,"28":0,"29":0,"30":0,"31":0,"32":0,"33":0,"34":0,"35":0,"36":0},"f":{"0":0,"1":0,"2":0,"3":0,"4":0,"5":0},"b":{"0":[0,0],"1":[0,0],"2":[0,0],"3":[0,0],"4":[0,0],"5":[0,0],"6":[0,0],"7":[0,0],"8":[0,0,0]}}
,"/home/bao/test-project/frontend/src/components/Cesium/DataVisualization.jsx": {"path":"/home/bao/test-project/frontend/src/components/Cesium/DataVisualization.jsx","statementMap":{"0":{"start":{"line":7,"column":26},"end":{"line":304,"column":1}},"1":{"start":{"line":8,"column":25},"end":{"line":8,"column":35}},"2":{"start":{"line":9,"column":24},"end":{"line":9,"column":34}},"3":{"start":{"line":12,"column":28},"end":{"line":62,"column":34}},"4":{"start":{"line":13,"column":4},"end":{"line":13,"column":54}},"5":{"start":{"line":13,"column":47},"end":{"line":13,"column":54}},"6":{"start":{"line":15,"column":64},"end":{"line":15,"column":68}},"7":{"start":{"line":18,"column":19},"end":{"line":20,"column":5}},"8":{"start":{"line":19,"column":6},"end":{"line":19,"column":75}},"9":{"start":{"line":22,"column":21},"end":{"line":22,"column":81}},"10":{"start":{"line":23,"column":4},"end":{"line":29,"column":7}},"11":{"start":{"line":31,"column":4},"end":{"line":31,"column":41}},"12":{"start":{"line":34,"column":4},"end":{"line":61,"column":7}},"13":{"start":{"line":35,"column":6},"end":{"line":60,"column":7}},"14":{"start":{"line":36,"column":23},"end":{"line":58,"column":10}},"15":{"start":{"line":59,"column":8},"end":{"line":59,"column":44}},"16":{"start":{"line":65,"column":27},"end":{"line":92,"column":14}},"17":{"start":{"line":66,"column":4},"end":{"line":66,"column":51}},"18":{"start":{"line":66,"column":44},"end":{"line":66,"column":51}},"19":{"start":{"line":68,"column":48},"end":{"line":68,"column":52}},"20":{"start":{"line":70,"column":4},"end":{"line":91,"column":7}},"21":{"start":{"line":71,"column":57},"end":{"line":71,"column":61}},"22":{"start":{"line":72,"column":20},"end":{"line":72,"column":85}},"23":{"start":{"line":74,"column":21},"end":{"line":89,"column":8}},"24":{"start":{"line":90,"column":6},"end":{"line":90,"column":42}},"25":{"start":{"line":95,"column":29},"end":{"line":129,"column":34}},"26":{"start":{"line":96,"column":4},"end":{"line":96,"column":59}},"27":{"start":{"line":96,"column":52},"end":{"line":96,"column":59}},"28":{"start":{"line":98,"column":52},"end":{"line":98,"column":56}},"29":{"start":{"line":100,"column":4},"end":{"line":128,"column":7}},"30":{"start":{"line":101,"column":48},"end":{"line":101,"column":55}},"31":{"start":{"line":102,"column":30},"end":{"line":102,"column":99}},"32":{"start":{"line":103,"column":21},"end":{"line":103,"column":74}},"33":{"start":{"line":104,"column":20},"end":{"line":104,"column":64}},"34":{"start":{"line":106,"column":21},"end":{"line":126,"column":8}},"35":{"start":{"line":127,"column":6},"end":{"line":127,"column":42}},"36":{"start":{"line":132,"column":35},"end":{"line":157,"column":14}},"37":{"start":{"line":133,"column":4},"end":{"line":133,"column":58}},"38":{"start":{"line":133,"column":51},"end":{"line":133,"column":58}},"39":{"start":{"line":135,"column":30},"end":{"line":135,"column":34}},"40":{"start":{"line":137,"column":4},"end":{"line":156,"column":7}},"41":{"start":{"line":138,"column":34},"end":{"line":138,"column":41}},"42":{"start":{"line":139,"column":20},"end":{"line":139,"column":89}},"43":{"start":{"line":141,"column":6},"end":{"line":155,"column":9}},"44":{"start":{"line":142,"column":26},"end":{"line":142,"column":98}},"45":{"start":{"line":142,"column":43},"end":{"line":142,"column":97}},"46":{"start":{"line":144,"column":23},"end":{"line":153,"column":10}},"47":{"start":{"line":154,"column":8},"end":{"line":154,"column":44}},"48":{"start":{"line":160,"column":28},"end":{"line":188,"column":14}},"49":{"start":{"line":161,"column":4},"end":{"line":161,"column":54}},"50":{"start":{"line":161,"column":47},"end":{"line":161,"column":54}},"51":{"start":{"line":163,"column":48},"end":{"line":163,"column":52}},"52":{"start":{"line":165,"column":4},"end":{"line":187,"column":7}},"53":{"start":{"line":166,"column":60},"end":{"line":166,"column":66}},"54":{"start":{"line":169,"column":18},"end":{"line":169,"column":50}},"55":{"start":{"line":170,"column":21},"end":{"line":170,"column":75}},"56":{"start":{"line":171,"column":21},"end":{"line":171,"column":74}},"57":{"start":{"line":173,"column":21},"end":{"line":185,"column":8}},"58":{"start":{"line":186,"column":6},"end":{"line":186,"column":42}},"59":{"start":{"line":191,"column":26},"end":{"line":196,"column":3}},"60":{"start":{"line":192,"column":18},"end":{"line":192,"column":45}},"61":{"start":{"line":193,"column":19},"end":{"line":193,"column":85}},"62":{"start":{"line":194,"column":18},"end":{"line":194,"column":80}},"63":{"start":{"line":195,"column":4},"end":{"line":195,"column":25}},"64":{"start":{"line":199,"column":31},"end":{"line":212,"column":3}},"65":{"start":{"line":200,"column":18},"end":{"line":200,"column":71}},"66":{"start":{"line":202,"column":4},"end":{"line":211,"column":5}},"67":{"start":{"line":204,"column":8},"end":{"line":204,"column":34}},"68":{"start":{"line":206,"column":8},"end":{"line":206,"column":34}},"69":{"start":{"line":208,"column":8},"end":{"line":208,"column":35}},"70":{"start":{"line":210,"column":8},"end":{"line":210,"column":34}},"71":{"start":{"line":214,"column":22},"end":{"line":220,"column":3}},"72":{"start":{"line":215,"column":14},"end":{"line":215,"column":83}},"73":{"start":{"line":216,"column":14},"end":{"line":217,"column":50}},"74":{"start":{"line":218,"column":14},"end":{"line":218,"column":83}},"75":{"start":{"line":219,"column":4},"end":{"line":219,"column":69}},"76":{"start":{"line":222,"column":22},"end":{"line":227,"column":3}},"77":{"start":{"line":223,"column":14},"end":{"line":223,"column":37}},"78":{"start":{"line":224,"column":14},"end":{"line":224,"column":15}},"79":{"start":{"line":225,"column":14},"end":{"line":225,"column":43}},"80":{"start":{"line":226,"column":4},"end":{"line":226,"column":33}},"81":{"start":{"line":229,"column":23},"end":{"line":234,"column":3}},"82":{"start":{"line":230,"column":14},"end":{"line":230,"column":43}},"83":{"start":{"line":231,"column":14},"end":{"line":231,"column":37}},"84":{"start":{"line":232,"column":14},"end":{"line":232,"column":57}},"85":{"start":{"line":233,"column":4},"end":{"line":233,"column":33}},"86":{"start":{"line":236,"column":27},"end":{"line":243,"column":3}},"87":{"start":{"line":237,"column":18},"end":{"line":237,"column":32}},"88":{"start":{"line":238,"column":4},"end":{"line":238,"column":38}},"89":{"start":{"line":238,"column":21},"end":{"line":238,"column":38}},"90":{"start":{"line":239,"column":4},"end":{"line":239,"column":38}},"91":{"start":{"line":239,"column":21},"end":{"line":239,"column":38}},"92":{"start":{"line":240,"column":4},"end":{"line":240,"column":38}},"93":{"start":{"line":240,"column":21},"end":{"line":240,"column":38}},"94":{"start":{"line":241,"column":4},"end":{"line":241,"column":38}},"95":{"start":{"line":241,"column":21},"end":{"line":241,"column":38}},"96":{"start":{"line":242,"column":4},"end":{"line":242,"column":21}},"97":{"start":{"line":245,"column":29},"end":{"line":251,"column":3}},"98":{"start":{"line":246,"column":18},"end":{"line":246,"column":45}},"99":{"start":{"line":247,"column":4},"end":{"line":247,"column":39}},"100":{"start":{"line":247,"column":22},"end":{"line":247,"column":39}},"101":{"start":{"line":248,"column":4},"end":{"line":248,"column":38}},"102":{"start":{"line":248,"column":21},"end":{"line":248,"column":38}},"103":{"start":{"line":249,"column":4},"end":{"line":249,"column":39}},"104":{"start":{"line":249,"column":22},"end":{"line":249,"column":39}},"105":{"start":{"line":250,"column":4},"end":{"line":250,"column":21}},"106":{"start":{"line":254,"column":29},"end":{"line":268,"column":14}},"107":{"start":{"line":255,"column":4},"end":{"line":259,"column":7}},"108":{"start":{"line":256,"column":6},"end":{"line":258,"column":7}},"109":{"start":{"line":257,"column":8},"end":{"line":257,"column":39}},"110":{"start":{"line":260,"column":4},"end":{"line":260,"column":32}},"111":{"start":{"line":262,"column":4},"end":{"line":266,"column":7}},"112":{"start":{"line":263,"column":6},"end":{"line":265,"column":7}},"113":{"start":{"line":264,"column":8},"end":{"line":264,"column":50}},"114":{"start":{"line":267,"column":4},"end":{"line":267,"column":31}},"115":{"start":{"line":270,"column":2},"end":{"line":301,"column":92}},"116":{"start":{"line":271,"column":4},"end":{"line":271,"column":33}},"117":{"start":{"line":271,"column":26},"end":{"line":271,"column":33}},"118":{"start":{"line":274,"column":4},"end":{"line":274,"column":25}},"119":{"start":{"line":277,"column":4},"end":{"line":295,"column":5}},"120":{"start":{"line":279,"column":8},"end":{"line":279,"column":41}},"121":{"start":{"line":280,"column":8},"end":{"line":280,"column":14}},"122":{"start":{"line":282,"column":8},"end":{"line":282,"column":40}},"123":{"start":{"line":283,"column":8},"end":{"line":283,"column":14}},"124":{"start":{"line":285,"column":8},"end":{"line":285,"column":42}},"125":{"start":{"line":286,"column":8},"end":{"line":286,"column":14}},"126":{"start":{"line":288,"column":8},"end":{"line":288,"column":48}},"127":{"start":{"line":289,"column":8},"end":{"line":289,"column":14}},"128":{"start":{"line":291,"column":8},"end":{"line":291,"column":41}},"129":{"start":{"line":292,"column":8},"end":{"line":292,"column":14}},"130":{"start":{"line":294,"column":8},"end":{"line":294,"column":14}},"131":{"start":{"line":297,"column":4},"end":{"line":299,"column":6}},"132":{"start":{"line":298,"column":6},"end":{"line":298,"column":27}},"133":{"start":{"line":303,"column":2},"end":{"line":303,"column":14}}},"fnMap":{"0":{"name":"(anonymous_0)","decl":{"start":{"line":7,"column":26},"end":{"line":7,"column":27}},"loc":{"start":{"line":7,"column":68},"end":{"line":304,"column":1}},"line":7},"1":{"name":"(anonymous_1)","decl":{"start":{"line":12,"column":40},"end":{"line":12,"column":41}},"loc":{"start":{"line":12,"column":66},"end":{"line":62,"column":3}},"line":12},"2":{"name":"(anonymous_2)","decl":{"start":{"line":18,"column":40},"end":{"line":18,"column":41}},"loc":{"start":{"line":19,"column":6},"end":{"line":19,"column":75}},"line":19},"3":{"name":"(anonymous_3)","decl":{"start":{"line":34,"column":29},"end":{"line":34,"column":30}},"loc":{"start":{"line":34,"column":47},"end":{"line":61,"column":5}},"line":34},"4":{"name":"(anonymous_4)","decl":{"start":{"line":65,"column":39},"end":{"line":65,"column":40}},"loc":{"start":{"line":65,"column":64},"end":{"line":92,"column":3}},"line":65},"5":{"name":"(anonymous_5)","decl":{"start":{"line":70,"column":26},"end":{"line":70,"column":27}},"loc":{"start":{"line":70,"column":34},"end":{"line":91,"column":5}},"line":70},"6":{"name":"(anonymous_6)","decl":{"start":{"line":95,"column":41},"end":{"line":95,"column":42}},"loc":{"start":{"line":95,"column":70},"end":{"line":129,"column":3}},"line":95},"7":{"name":"(anonymous_7)","decl":{"start":{"line":100,"column":34},"end":{"line":100,"column":35}},"loc":{"start":{"line":100,"column":45},"end":{"line":128,"column":5}},"line":100},"8":{"name":"(anonymous_8)","decl":{"start":{"line":132,"column":47},"end":{"line":132,"column":48}},"loc":{"start":{"line":132,"column":75},"end":{"line":157,"column":3}},"line":132},"9":{"name":"(anonymous_9)","decl":{"start":{"line":137,"column":33},"end":{"line":137,"column":34}},"loc":{"start":{"line":137,"column":44},"end":{"line":156,"column":5}},"line":137},"10":{"name":"(anonymous_10)","decl":{"start":{"line":141,"column":23},"end":{"line":141,"column":24}},"loc":{"start":{"line":141,"column":34},"end":{"line":155,"column":7}},"line":141},"11":{"name":"(anonymous_11)","decl":{"start":{"line":142,"column":38},"end":{"line":142,"column":39}},"loc":{"start":{"line":142,"column":43},"end":{"line":142,"column":97}},"line":142},"12":{"name":"(anonymous_12)","decl":{"start":{"line":160,"column":40},"end":{"line":160,"column":41}},"loc":{"start":{"line":160,"column":65},"end":{"line":188,"column":3}},"line":160},"13":{"name":"(anonymous_13)","decl":{"start":{"line":165,"column":29},"end":{"line":165,"column":30}},"loc":{"start":{"line":165,"column":39},"end":{"line":187,"column":5}},"line":165},"14":{"name":"(anonymous_14)","decl":{"start":{"line":191,"column":26},"end":{"line":191,"column":27}},"loc":{"start":{"line":191,"column":47},"end":{"line":196,"column":3}},"line":191},"15":{"name":"(anonymous_15)","decl":{"start":{"line":199,"column":31},"end":{"line":199,"column":32}},"loc":{"start":{"line":199,"column":62},"end":{"line":212,"column":3}},"line":199},"16":{"name":"(anonymous_16)","decl":{"start":{"line":214,"column":22},"end":{"line":214,"column":23}},"loc":{"start":{"line":214,"column":33},"end":{"line":220,"column":3}},"line":214},"17":{"name":"(anonymous_17)","decl":{"start":{"line":222,"column":22},"end":{"line":222,"column":23}},"loc":{"start":{"line":222,"column":33},"end":{"line":227,"column":3}},"line":222},"18":{"name":"(anonymous_18)","decl":{"start":{"line":229,"column":23},"end":{"line":229,"column":24}},"loc":{"start":{"line":229,"column":34},"end":{"line":234,"column":3}},"line":229},"19":{"name":"(anonymous_19)","decl":{"start":{"line":236,"column":27},"end":{"line":236,"column":28}},"loc":{"start":{"line":236,"column":46},"end":{"line":243,"column":3}},"line":236},"20":{"name":"(anonymous_20)","decl":{"start":{"line":245,"column":29},"end":{"line":245,"column":30}},"loc":{"start":{"line":245,"column":50},"end":{"line":251,"column":3}},"line":245},"21":{"name":"(anonymous_21)","decl":{"start":{"line":254,"column":41},"end":{"line":254,"column":42}},"loc":{"start":{"line":254,"column":47},"end":{"line":268,"column":3}},"line":254},"22":{"name":"(anonymous_22)","decl":{"start":{"line":255,"column":35},"end":{"line":255,"column":36}},"loc":{"start":{"line":255,"column":45},"end":{"line":259,"column":5}},"line":255},"23":{"name":"(anonymous_23)","decl":{"start":{"line":262,"column":34},"end":{"line":262,"column":35}},"loc":{"start":{"line":262,"column":47},"end":{"line":266,"column":5}},"line":262},"24":{"name":"(anonymous_24)","decl":{"start":{"line":270,"column":12},"end":{"line":270,"column":13}},"loc":{"start":{"line":270,"column":18},"end":{"line":300,"column":3}},"line":270},"25":{"name":"(anonymous_25)","decl":{"start":{"line":297,"column":11},"end":{"line":297,"column":12}},"loc":{"start":{"line":297,"column":17},"end":{"line":299,"column":5}},"line":297}},"branchMap":{"0":{"loc":{"start":{"line":7,"column":49},"end":{"line":7,"column":61}},"type":"default-arg","locations":[{"start":{"line":7,"column":59},"end":{"line":7,"column":61}}],"line":7},"1":{"loc":{"start":{"line":12,"column":52},"end":{"line":12,"column":61}},"type":"default-arg","locations":[{"start":{"line":12,"column":59},"end":{"line":12,"column":61}}],"line":12},"2":{"loc":{"start":{"line":13,"column":4},"end":{"line":13,"column":54}},"type":"if","locations":[{"start":{"line":13,"column":4},"end":{"line":13,"column":54}},{"start":{},"end":{}}],"line":13},"3":{"loc":{"start":{"line":13,"column":8},"end":{"line":13,"column":45}},"type":"binary-expr","locations":[{"start":{"line":13,"column":8},"end":{"line":13,"column":15}},{"start":{"line":13,"column":19},"end":{"line":13,"column":45}}],"line":13},"4":{"loc":{"start":{"line":15,"column":12},"end":{"line":15,"column":29}},"type":"default-arg","locations":[{"start":{"line":15,"column":20},"end":{"line":15,"column":29}}],"line":15},"5":{"loc":{"start":{"line":15,"column":31},"end":{"line":15,"column":40}},"type":"default-arg","locations":[{"start":{"line":15,"column":39},"end":{"line":15,"column":40}}],"line":15},"6":{"loc":{"start":{"line":15,"column":42},"end":{"line":15,"column":59}},"type":"default-arg","locations":[{"start":{"line":15,"column":53},"end":{"line":15,"column":59}}],"line":15},"7":{"loc":{"start":{"line":19,"column":61},"end":{"line":19,"column":74}},"type":"binary-expr","locations":[{"start":{"line":19,"column":61},"end":{"line":19,"column":69}},{"start":{"line":19,"column":73},"end":{"line":19,"column":74}}],"line":19},"8":{"loc":{"start":{"line":35,"column":6},"end":{"line":60,"column":7}},"type":"if","locations":[{"start":{"line":35,"column":6},"end":{"line":60,"column":7}},{"start":{},"end":{}}],"line":35},"9":{"loc":{"start":{"line":40,"column":13},"end":{"line":40,"column":30}},"type":"binary-expr","locations":[{"start":{"line":40,"column":13},"end":{"line":40,"column":25}},{"start":{"line":40,"column":29},"end":{"line":40,"column":30}}],"line":40},"10":{"loc":{"start":{"line":65,"column":50},"end":{"line":65,"column":59}},"type":"default-arg","locations":[{"start":{"line":65,"column":57},"end":{"line":65,"column":59}}],"line":65},"11":{"loc":{"start":{"line":66,"column":4},"end":{"line":66,"column":51}},"type":"if","locations":[{"start":{"line":66,"column":4},"end":{"line":66,"column":51}},{"start":{},"end":{}}],"line":66},"12":{"loc":{"start":{"line":66,"column":8},"end":{"line":66,"column":42}},"type":"binary-expr","locations":[{"start":{"line":66,"column":8},"end":{"line":66,"column":15}},{"start":{"line":66,"column":19},"end":{"line":66,"column":42}}],"line":66},"13":{"loc":{"start":{"line":68,"column":12},"end":{"line":68,"column":28}},"type":"default-arg","locations":[{"start":{"line":68,"column":23},"end":{"line":68,"column":28}}],"line":68},"14":{"loc":{"start":{"line":68,"column":30},"end":{"line":68,"column":43}},"type":"default-arg","locations":[{"start":{"line":68,"column":40},"end":{"line":68,"column":43}}],"line":68},"15":{"loc":{"start":{"line":71,"column":42},"end":{"line":71,"column":52}},"type":"default-arg","locations":[{"start":{"line":71,"column":49},"end":{"line":71,"column":52}}],"line":71},"16":{"loc":{"start":{"line":95,"column":56},"end":{"line":95,"column":65}},"type":"default-arg","locations":[{"start":{"line":95,"column":63},"end":{"line":95,"column":65}}],"line":95},"17":{"loc":{"start":{"line":96,"column":4},"end":{"line":96,"column":59}},"type":"if","locations":[{"start":{"line":96,"column":4},"end":{"line":96,"column":59}},{"start":{},"end":{}}],"line":96},"18":{"loc":{"start":{"line":96,"column":8},"end":{"line":96,"column":50}},"type":"binary-expr","locations":[{"start":{"line":96,"column":8},"end":{"line":96,"column":15}},{"start":{"line":96,"column":19},"end":{"line":96,"column":50}}],"line":96},"19":{"loc":{"start":{"line":98,"column":12},"end":{"line":98,"column":28}},"type":"default-arg","locations":[{"start":{"line":98,"column":24},"end":{"line":98,"column":28}}],"line":98},"20":{"loc":{"start":{"line":98,"column":30},"end":{"line":98,"column":47}},"type":"default-arg","locations":[{"start":{"line":98,"column":42},"end":{"line":98,"column":47}}],"line":98},"21":{"loc":{"start":{"line":132,"column":61},"end":{"line":132,"column":70}},"type":"default-arg","locations":[{"start":{"line":132,"column":68},"end":{"line":132,"column":70}}],"line":132},"22":{"loc":{"start":{"line":133,"column":4},"end":{"line":133,"column":58}},"type":"if","locations":[{"start":{"line":133,"column":4},"end":{"line":133,"column":58}},{"start":{},"end":{}}],"line":133},"23":{"loc":{"start":{"line":133,"column":8},"end":{"line":133,"column":49}},"type":"binary-expr","locations":[{"start":{"line":133,"column":8},"end":{"line":133,"column":15}},{"start":{"line":133,"column":19},"end":{"line":133,"column":49}}],"line":133},"24":{"loc":{"start":{"line":135,"column":12},"end":{"line":135,"column":25}},"type":"default-arg","locations":[{"start":{"line":135,"column":22},"end":{"line":135,"column":25}}],"line":135},"25":{"loc":{"start":{"line":160,"column":51},"end":{"line":160,"column":60}},"type":"default-arg","locations":[{"start":{"line":160,"column":58},"end":{"line":160,"column":60}}],"line":160},"26":{"loc":{"start":{"line":161,"column":4},"end":{"line":161,"column":54}},"type":"if","locations":[{"start":{"line":161,"column":4},"end":{"line":161,"column":54}},{"start":{},"end":{}}],"line":161},"27":{"loc":{"start":{"line":161,"column":8},"end":{"line":161,"column":45}},"type":"binary-expr","locations":[{"start":{"line":161,"column":8},"end":{"line":161,"column":15}},{"start":{"line":161,"column":19},"end":{"line":161,"column":45}}],"line":161},"28":{"loc":{"start":{"line":163,"column":12},"end":{"line":163,"column":24}},"type":"default-arg","locations":[{"start":{"line":163,"column":20},"end":{"line":163,"column":24}}],"line":163},"29":{"loc":{"start":{"line":163,"column":26},"end":{"line":163,"column":43}},"type":"default-arg","locations":[{"start":{"line":163,"column":34},"end":{"line":163,"column":43}}],"line":163},"30":{"loc":{"start":{"line":202,"column":4},"end":{"line":211,"column":5}},"type":"switch","locations":[{"start":{"line":203,"column":6},"end":{"line":204,"column":34}},{"start":{"line":205,"column":6},"end":{"line":206,"column":34}},{"start":{"line":207,"column":6},"end":{"line":208,"column":35}},{"start":{"line":209,"column":6},"end":{"line":210,"column":34}}],"line":202},"31":{"loc":{"start":{"line":215,"column":40},"end":{"line":215,"column":81}},"type":"cond-expr","locations":[{"start":{"line":215,"column":54},"end":{"line":215,"column":55}},{"start":{"line":215,"column":58},"end":{"line":215,"column":81}}],"line":215},"32":{"loc":{"start":{"line":216,"column":40},"end":{"line":217,"column":48}},"type":"cond-expr","locations":[{"start":{"line":216,"column":55},"end":{"line":216,"column":70}},{"start":{"line":217,"column":6},"end":{"line":217,"column":48}}],"line":216},"33":{"loc":{"start":{"line":217,"column":6},"end":{"line":217,"column":48}},"type":"cond-expr","locations":[{"start":{"line":217,"column":21},"end":{"line":217,"column":24}},{"start":{"line":217,"column":27},"end":{"line":217,"column":48}}],"line":217},"34":{"loc":{"start":{"line":218,"column":40},"end":{"line":218,"column":81}},"type":"cond-expr","locations":[{"start":{"line":218,"column":54},"end":{"line":218,"column":77}},{"start":{"line":218,"column":80},"end":{"line":218,"column":81}}],"line":218},"35":{"loc":{"start":{"line":238,"column":4},"end":{"line":238,"column":38}},"type":"if","locations":[{"start":{"line":238,"column":4},"end":{"line":238,"column":38}},{"start":{},"end":{}}],"line":238},"36":{"loc":{"start":{"line":239,"column":4},"end":{"line":239,"column":38}},"type":"if","locations":[{"start":{"line":239,"column":4},"end":{"line":239,"column":38}},{"start":{},"end":{}}],"line":239},"37":{"loc":{"start":{"line":240,"column":4},"end":{"line":240,"column":38}},"type":"if","locations":[{"start":{"line":240,"column":4},"end":{"line":240,"column":38}},{"start":{},"end":{}}],"line":240},"38":{"loc":{"start":{"line":241,"column":4},"end":{"line":241,"column":38}},"type":"if","locations":[{"start":{"line":241,"column":4},"end":{"line":241,"column":38}},{"start":{},"end":{}}],"line":241},"39":{"loc":{"start":{"line":247,"column":4},"end":{"line":247,"column":39}},"type":"if","locations":[{"start":{"line":247,"column":4},"end":{"line":247,"column":39}},{"start":{},"end":{}}],"line":247},"40":{"loc":{"start":{"line":248,"column":4},"end":{"line":248,"column":38}},"type":"if","locations":[{"start":{"line":248,"column":4},"end":{"line":248,"column":38}},{"start":{},"end":{}}],"line":248},"41":{"loc":{"start":{"line":249,"column":4},"end":{"line":249,"column":39}},"type":"if","locations":[{"start":{"line":249,"column":4},"end":{"line":249,"column":39}},{"start":{},"end":{}}],"line":249},"42":{"loc":{"start":{"line":256,"column":6},"end":{"line":258,"column":7}},"type":"if","locations":[{"start":{"line":256,"column":6},"end":{"line":258,"column":7}},{"start":{},"end":{}}],"line":256},"43":{"loc":{"start":{"line":256,"column":10},"end":{"line":256,"column":41}},"type":"binary-expr","locations":[{"start":{"line":256,"column":10},"end":{"line":256,"column":16}},{"start":{"line":256,"column":20},"end":{"line":256,"column":41}}],"line":256},"44":{"loc":{"start":{"line":263,"column":6},"end":{"line":265,"column":7}},"type":"if","locations":[{"start":{"line":263,"column":6},"end":{"line":265,"column":7}},{"start":{},"end":{}}],"line":263},"45":{"loc":{"start":{"line":263,"column":10},"end":{"line":263,"column":41}},"type":"binary-expr","locations":[{"start":{"line":263,"column":10},"end":{"line":263,"column":16}},{"start":{"line":263,"column":20},"end":{"line":263,"column":41}}],"line":263},"46":{"loc":{"start":{"line":271,"column":4},"end":{"line":271,"column":33}},"type":"if","locations":[{"start":{"line":271,"column":4},"end":{"line":271,"column":33}},{"start":{},"end":{}}],"line":271},"47":{"loc":{"start":{"line":271,"column":8},"end":{"line":271,"column":24}},"type":"binary-expr","locations":[{"start":{"line":271,"column":8},"end":{"line":271,"column":15}},{"start":{"line":271,"column":19},"end":{"line":271,"column":24}}],"line":271},"48":{"loc":{"start":{"line":277,"column":4},"end":{"line":295,"column":5}},"type":"switch","locations":[{"start":{"line":278,"column":6},"end":{"line":280,"column":14}},{"start":{"line":281,"column":6},"end":{"line":283,"column":14}},{"start":{"line":284,"column":6},"end":{"line":286,"column":14}},{"start":{"line":287,"column":6},"end":{"line":289,"column":14}},{"start":{"line":290,"column":6},"end":{"line":292,"column":14}},{"start":{"line":293,"column":6},"end":{"line":294,"column":14}}],"line":277}},"s":{"0":0,"1":0,"2":0,"3":0,"4":0,"5":0,"6":0,"7":0,"8":0,"9":0,"10":0,"11":0,"12":0,"13":0,"14":0,"15":0,"16":0,"17":0,"18":0,"19":0,"20":0,"21":0,"22":0,"23":0,"24":0,"25":0,"26":0,"27":0,"28":0,"29":0,"30":0,"31":0,"32":0,"33":0,"34":0,"35":0,"36":0,"37":0,"38":0,"39":0,"40":0,"41":0,"42":0,"43":0,"44":0,"45":0,"46":0,"47":0,"48":0,"49":0,"50":0,"51":0,"52":0,"53":0,"54":0,"55":0,"56":0,"57":0,"58":0,"59":0,"60":0,"61":0,"62":0,"63":0,"64":0,"65":0,"66":0,"67":0,"68":0,"69":0,"70":0,"71":0,"72":0,"73":0,"74":0,"75":0,"76":0,"77":0,"78":0,"79":0,"80":0,"81":0,"82":0,"83":0,"84":0,"85":0,"86":0,"87":0,"88":0,"89":0,"90":0,"91":0,"92":0,"93":0,"94":0,"95":0,"96":0,"97":0,"98":0,"99":0,"100":0,"101":0,"102":0,"103":0,"104":0,"105":0,"106":0,"107":0,"108":0,"109":0,"110":0,"111":0,"112":0,"113":0,"114":0,"115":0,"116":0,"117":0,"118":0,"119":0,"120":0,"121":0,"122":0,"123":0,"124":0,"125":0,"126":0,"127":0,"128":0,"129":0,"130":0,"131":0,"132":0,"133":0},"f":{"0":0,"1":0,"2":0,"3":0,"4":0,"5":0,"6":0,"7":0,"8":0,"9":0,"10":0,"11":0,"12":0,"13":0,"14":0,"15":0,"16":0,"17":0,"18":0,"19":0,"20":0,"21":0,"22":0,"23":0,"24":0,"25":0},"b":{"0":[0],"1":[0],"2":[0,0],"3":[0,0],"4":[0],"5":[0],"6":[0],"7":[0,0],"8":[0,0],"9":[0,0],"10":[0],"11":[0,0],"12":[0,0],"13":[0],"14":[0],"15":[0],"16":[0],"17":[0,0],"18":[0,0],"19":[0],"20":[0],"21":[0],"22":[0,0],"23":[0,0],"24":[0],"25":[0],"26":[0,0],"27":[0,0],"28":[0],"29":[0],"30":[0,0,0,0],"31":[0,0],"32":[0,0],"33":[0,0],"34":[0,0],"35":[0,0],"36":[0,0],"37":[0,0],"38":[0,0],"39":[0,0],"40":[0,0],"41":[0,0],"42":[0,0],"43":[0,0],"44":[0,0],"45":[0,0],"46":[0,0],"47":[0,0],"48":[0,0,0,0,0,0]}}
,"/home/bao/test-project/frontend/src/components/Cesium/EntityInfoPanel.jsx": {"path":"/home/bao/test-project/frontend/src/components/Cesium/EntityInfoPanel.jsx","statementMap":{"0":{"start":{"line":13,"column":24},"end":{"line":220,"column":1}},"1":{"start":{"line":14,"column":2},"end":{"line":14,"column":27}},"2":{"start":{"line":14,"column":15},"end":{"line":14,"column":27}},"3":{"start":{"line":16,"column":41},"end":{"line":16,"column":47}},"4":{"start":{"line":19,"column":24},"end":{"line":135,"column":3}},"5":{"start":{"line":20,"column":4},"end":{"line":134,"column":5}},"6":{"start":{"line":22,"column":8},"end":{"line":45,"column":10}},"7":{"start":{"line":48,"column":8},"end":{"line":71,"column":10}},"8":{"start":{"line":74,"column":8},"end":{"line":98,"column":10}},"9":{"start":{"line":101,"column":8},"end":{"line":124,"column":10}},"10":{"start":{"line":127,"column":8},"end":{"line":133,"column":10}},"11":{"start":{"line":138,"column":30},"end":{"line":146,"column":3}},"12":{"start":{"line":139,"column":4},"end":{"line":145,"column":5}},"13":{"start":{"line":140,"column":23},"end":{"line":140,"column":37}},"14":{"start":{"line":141,"column":19},"end":{"line":141,"column":34}},"15":{"start":{"line":142,"column":25},"end":{"line":142,"column":39}},"16":{"start":{"line":143,"column":22},"end":{"line":143,"column":38}},"17":{"start":{"line":144,"column":15},"end":{"line":144,"column":32}},"18":{"start":{"line":148,"column":30},"end":{"line":156,"column":3}},"19":{"start":{"line":149,"column":4},"end":{"line":155,"column":5}},"20":{"start":{"line":150,"column":23},"end":{"line":150,"column":36}},"21":{"start":{"line":151,"column":19},"end":{"line":151,"column":32}},"22":{"start":{"line":152,"column":25},"end":{"line":152,"column":38}},"23":{"start":{"line":153,"column":22},"end":{"line":153,"column":35}},"24":{"start":{"line":154,"column":15},"end":{"line":154,"column":28}},"25":{"start":{"line":158,"column":24},"end":{"line":174,"column":3}},"26":{"start":{"line":159,"column":4},"end":{"line":165,"column":5}},"27":{"start":{"line":160,"column":6},"end":{"line":160,"column":39}},"28":{"start":{"line":160,"column":22},"end":{"line":160,"column":39}},"29":{"start":{"line":161,"column":6},"end":{"line":161,"column":39}},"30":{"start":{"line":161,"column":22},"end":{"line":161,"column":39}},"31":{"start":{"line":162,"column":6},"end":{"line":162,"column":39}},"32":{"start":{"line":162,"column":22},"end":{"line":162,"column":39}},"33":{"start":{"line":163,"column":6},"end":{"line":163,"column":40}},"34":{"start":{"line":163,"column":23},"end":{"line":163,"column":40}},"35":{"start":{"line":164,"column":6},"end":{"line":164,"column":23}},"36":{"start":{"line":166,"column":4},"end":{"line":172,"column":5}},"37":{"start":{"line":167,"column":6},"end":{"line":167,"column":40}},"38":{"start":{"line":167,"column":23},"end":{"line":167,"column":40}},"39":{"start":{"line":168,"column":6},"end":{"line":168,"column":40}},"40":{"start":{"line":168,"column":23},"end":{"line":168,"column":40}},"41":{"start":{"line":169,"column":6},"end":{"line":169,"column":41}},"42":{"start":{"line":169,"column":24},"end":{"line":169,"column":41}},"43":{"start":{"line":170,"column":6},"end":{"line":170,"column":41}},"44":{"start":{"line":170,"column":24},"end":{"line":170,"column":41}},"45":{"start":{"line":171,"column":6},"end":{"line":171,"column":23}},"46":{"start":{"line":173,"column":4},"end":{"line":173,"column":21}},"47":{"start":{"line":176,"column":18},"end":{"line":183,"column":3}},"48":{"start":{"line":177,"column":4},"end":{"line":182,"column":5}},"49":{"start":{"line":178,"column":23},"end":{"line":178,"column":35}},"50":{"start":{"line":179,"column":19},"end":{"line":179,"column":33}},"51":{"start":{"line":180,"column":25},"end":{"line":180,"column":36}},"52":{"start":{"line":181,"column":15},"end":{"line":181,"column":25}},"53":{"start":{"line":185,"column":2},"end":{"line":219,"column":4}}},"fnMap":{"0":{"name":"(anonymous_0)","decl":{"start":{"line":13,"column":24},"end":{"line":13,"column":25}},"loc":{"start":{"line":13,"column":49},"end":{"line":220,"column":1}},"line":13},"1":{"name":"(anonymous_1)","decl":{"start":{"line":19,"column":24},"end":{"line":19,"column":25}},"loc":{"start":{"line":19,"column":30},"end":{"line":135,"column":3}},"line":19},"2":{"name":"(anonymous_2)","decl":{"start":{"line":138,"column":30},"end":{"line":138,"column":31}},"loc":{"start":{"line":138,"column":40},"end":{"line":146,"column":3}},"line":138},"3":{"name":"(anonymous_3)","decl":{"start":{"line":148,"column":30},"end":{"line":148,"column":31}},"loc":{"start":{"line":148,"column":40},"end":{"line":156,"column":3}},"line":148},"4":{"name":"(anonymous_4)","decl":{"start":{"line":158,"column":24},"end":{"line":158,"column":25}},"loc":{"start":{"line":158,"column":41},"end":{"line":174,"column":3}},"line":158},"5":{"name":"(anonymous_5)","decl":{"start":{"line":176,"column":18},"end":{"line":176,"column":19}},"loc":{"start":{"line":176,"column":28},"end":{"line":183,"column":3}},"line":176}},"branchMap":{"0":{"loc":{"start":{"line":14,"column":2},"end":{"line":14,"column":27}},"type":"if","locations":[{"start":{"line":14,"column":2},"end":{"line":14,"column":27}},{"start":{},"end":{}}],"line":14},"1":{"loc":{"start":{"line":20,"column":4},"end":{"line":134,"column":5}},"type":"switch","locations":[{"start":{"line":21,"column":6},"end":{"line":45,"column":10}},{"start":{"line":47,"column":6},"end":{"line":71,"column":10}},{"start":{"line":73,"column":6},"end":{"line":98,"column":10}},{"start":{"line":100,"column":6},"end":{"line":124,"column":10}},{"start":{"line":126,"column":6},"end":{"line":133,"column":10}}],"line":20},"2":{"loc":{"start":{"line":27,"column":17},"end":{"line":27,"column":81}},"type":"cond-expr","locations":[{"start":{"line":27,"column":38},"end":{"line":27,"column":74}},{"start":{"line":27,"column":77},"end":{"line":27,"column":81}}],"line":27},"3":{"loc":{"start":{"line":30,"column":17},"end":{"line":30,"column":88}},"type":"cond-expr","locations":[{"start":{"line":30,"column":41},"end":{"line":30,"column":81}},{"start":{"line":30,"column":84},"end":{"line":30,"column":88}}],"line":30},"4":{"loc":{"start":{"line":33,"column":17},"end":{"line":33,"column":85}},"type":"cond-expr","locations":[{"start":{"line":33,"column":39},"end":{"line":33,"column":78}},{"start":{"line":33,"column":81},"end":{"line":33,"column":85}}],"line":33},"5":{"loc":{"start":{"line":36,"column":13},"end":{"line":43,"column":13}},"type":"binary-expr","locations":[{"start":{"line":36,"column":13},"end":{"line":36,"column":29}},{"start":{"line":37,"column":14},"end":{"line":42,"column":20}}],"line":36},"6":{"loc":{"start":{"line":53,"column":17},"end":{"line":53,"column":78}},"type":"cond-expr","locations":[{"start":{"line":53,"column":36},"end":{"line":53,"column":71}},{"start":{"line":53,"column":74},"end":{"line":53,"column":78}}],"line":53},"7":{"loc":{"start":{"line":56,"column":17},"end":{"line":56,"column":86}},"type":"cond-expr","locations":[{"start":{"line":56,"column":40},"end":{"line":56,"column":79}},{"start":{"line":56,"column":82},"end":{"line":56,"column":86}}],"line":56},"8":{"loc":{"start":{"line":59,"column":17},"end":{"line":59,"column":84}},"type":"cond-expr","locations":[{"start":{"line":59,"column":40},"end":{"line":59,"column":77}},{"start":{"line":59,"column":80},"end":{"line":59,"column":84}}],"line":59},"9":{"loc":{"start":{"line":62,"column":13},"end":{"line":69,"column":13}},"type":"binary-expr","locations":[{"start":{"line":62,"column":13},"end":{"line":62,"column":35}},{"start":{"line":63,"column":14},"end":{"line":68,"column":20}}],"line":62},"10":{"loc":{"start":{"line":85,"column":17},"end":{"line":85,"column":52}},"type":"binary-expr","locations":[{"start":{"line":85,"column":17},"end":{"line":85,"column":44}},{"start":{"line":85,"column":48},"end":{"line":85,"column":52}}],"line":85},"11":{"loc":{"start":{"line":88,"column":13},"end":{"line":96,"column":13}},"type":"binary-expr","locations":[{"start":{"line":88,"column":13},"end":{"line":88,"column":44}},{"start":{"line":89,"column":14},"end":{"line":95,"column":20}}],"line":88},"12":{"loc":{"start":{"line":106,"column":17},"end":{"line":106,"column":78}},"type":"cond-expr","locations":[{"start":{"line":106,"column":36},"end":{"line":106,"column":71}},{"start":{"line":106,"column":74},"end":{"line":106,"column":78}}],"line":106},"13":{"loc":{"start":{"line":109,"column":17},"end":{"line":109,"column":43}},"type":"binary-expr","locations":[{"start":{"line":109,"column":17},"end":{"line":109,"column":35}},{"start":{"line":109,"column":39},"end":{"line":109,"column":43}}],"line":109},"14":{"loc":{"start":{"line":112,"column":17},"end":{"line":112,"column":92}},"type":"cond-expr","locations":[{"start":{"line":112,"column":44},"end":{"line":112,"column":85}},{"start":{"line":112,"column":88},"end":{"line":112,"column":92}}],"line":112},"15":{"loc":{"start":{"line":115,"column":13},"end":{"line":122,"column":13}},"type":"binary-expr","locations":[{"start":{"line":115,"column":13},"end":{"line":115,"column":31}},{"start":{"line":116,"column":14},"end":{"line":121,"column":20}}],"line":115},"16":{"loc":{"start":{"line":139,"column":4},"end":{"line":145,"column":5}},"type":"switch","locations":[{"start":{"line":140,"column":6},"end":{"line":140,"column":37}},{"start":{"line":141,"column":6},"end":{"line":141,"column":34}},{"start":{"line":142,"column":6},"end":{"line":142,"column":39}},{"start":{"line":143,"column":6},"end":{"line":143,"column":38}},{"start":{"line":144,"column":6},"end":{"line":144,"column":32}}],"line":139},"17":{"loc":{"start":{"line":149,"column":4},"end":{"line":155,"column":5}},"type":"switch","locations":[{"start":{"line":150,"column":6},"end":{"line":150,"column":36}},{"start":{"line":151,"column":6},"end":{"line":151,"column":32}},{"start":{"line":152,"column":6},"end":{"line":152,"column":38}},{"start":{"line":153,"column":6},"end":{"line":153,"column":35}},{"start":{"line":154,"column":6},"end":{"line":154,"column":28}}],"line":149},"18":{"loc":{"start":{"line":159,"column":4},"end":{"line":165,"column":5}},"type":"if","locations":[{"start":{"line":159,"column":4},"end":{"line":165,"column":5}},{"start":{},"end":{}}],"line":159},"19":{"loc":{"start":{"line":160,"column":6},"end":{"line":160,"column":39}},"type":"if","locations":[{"start":{"line":160,"column":6},"end":{"line":160,"column":39}},{"start":{},"end":{}}],"line":160},"20":{"loc":{"start":{"line":161,"column":6},"end":{"line":161,"column":39}},"type":"if","locations":[{"start":{"line":161,"column":6},"end":{"line":161,"column":39}},{"start":{},"end":{}}],"line":161},"21":{"loc":{"start":{"line":162,"column":6},"end":{"line":162,"column":39}},"type":"if","locations":[{"start":{"line":162,"column":6},"end":{"line":162,"column":39}},{"start":{},"end":{}}],"line":162},"22":{"loc":{"start":{"line":163,"column":6},"end":{"line":163,"column":40}},"type":"if","locations":[{"start":{"line":163,"column":6},"end":{"line":163,"column":40}},{"start":{},"end":{}}],"line":163},"23":{"loc":{"start":{"line":166,"column":4},"end":{"line":172,"column":5}},"type":"if","locations":[{"start":{"line":166,"column":4},"end":{"line":172,"column":5}},{"start":{},"end":{}}],"line":166},"24":{"loc":{"start":{"line":167,"column":6},"end":{"line":167,"column":40}},"type":"if","locations":[{"start":{"line":167,"column":6},"end":{"line":167,"column":40}},{"start":{},"end":{}}],"line":167},"25":{"loc":{"start":{"line":168,"column":6},"end":{"line":168,"column":40}},"type":"if","locations":[{"start":{"line":168,"column":6},"end":{"line":168,"column":40}},{"start":{},"end":{}}],"line":168},"26":{"loc":{"start":{"line":169,"column":6},"end":{"line":169,"column":41}},"type":"if","locations":[{"start":{"line":169,"column":6},"end":{"line":169,"column":41}},{"start":{},"end":{}}],"line":169},"27":{"loc":{"start":{"line":170,"column":6},"end":{"line":170,"column":41}},"type":"if","locations":[{"start":{"line":170,"column":6},"end":{"line":170,"column":41}},{"start":{},"end":{}}],"line":170},"28":{"loc":{"start":{"line":177,"column":4},"end":{"line":182,"column":5}},"type":"switch","locations":[{"start":{"line":178,"column":6},"end":{"line":178,"column":35}},{"start":{"line":179,"column":6},"end":{"line":179,"column":33}},{"start":{"line":180,"column":6},"end":{"line":180,"column":36}},{"start":{"line":181,"column":6},"end":{"line":181,"column":25}}],"line":177}},"s":{"0":0,"1":0,"2":0,"3":0,"4":0,"5":0,"6":0,"7":0,"8":0,"9":0,"10":0,"11":0,"12":0,"13":0,"14":0,"15":0,"16":0,"17":0,"18":0,"19":0,"20":0,"21":0,"22":0,"23":0,"24":0,"25":0,"26":0,"27":0,"28":0,"29":0,"30":0,"31":0,"32":0,"33":0,"34":0,"35":0,"36":0,"37":0,"38":0,"39":0,"40":0,"41":0,"42":0,"43":0,"44":0,"45":0,"46":0,"47":0,"48":0,"49":0,"50":0,"51":0,"52":0,"53":0},"f":{"0":0,"1":0,"2":0,"3":0,"4":0,"5":0},"b":{"0":[0,0],"1":[0,0,0,0,0],"2":[0,0],"3":[0,0],"4":[0,0],"5":[0,0],"6":[0,0],"7":[0,0],"8":[0,0],"9":[0,0],"10":[0,0],"11":[0,0],"12":[0,0],"13":[0,0],"14":[0,0],"15":[0,0],"16":[0,0,0,0,0],"17":[0,0,0,0,0],"18":[0,0],"19":[0,0],"20":[0,0],"21":[0,0],"22":[0,0],"23":[0,0],"24":[0,0],"25":[0,0],"26":[0,0],"27":[0,0],"28":[0,0,0,0]}}
,"/home/bao/test-project/frontend/src/components/Cesium/HydrologyEntities.jsx": {"path":"/home/bao/test-project/frontend/src/components/Cesium/HydrologyEntities.jsx","statementMap":{"0":{"start":{"line":7,"column":26},"end":{"line":294,"column":1}},"1":{"start":{"line":8,"column":22},"end":{"line":8,"column":32}},"2":{"start":{"line":10,"column":2},"end":{"line":57,"column":21}},"3":{"start":{"line":11,"column":4},"end":{"line":11,"column":33}},"4":{"start":{"line":11,"column":26},"end":{"line":11,"column":33}},"5":{"start":{"line":14,"column":4},"end":{"line":14,"column":20}},"6":{"start":{"line":17,"column":4},"end":{"line":19,"column":5}},"7":{"start":{"line":18,"column":6},"end":{"line":18,"column":32}},"8":{"start":{"line":22,"column":4},"end":{"line":24,"column":5}},"9":{"start":{"line":23,"column":6},"end":{"line":23,"column":30}},"10":{"start":{"line":27,"column":4},"end":{"line":29,"column":5}},"11":{"start":{"line":28,"column":6},"end":{"line":28,"column":36}},"12":{"start":{"line":32,"column":4},"end":{"line":34,"column":5}},"13":{"start":{"line":33,"column":6},"end":{"line":33,"column":32}},"14":{"start":{"line":37,"column":20},"end":{"line":37,"column":69}},"15":{"start":{"line":38,"column":4},"end":{"line":51,"column":47}},"16":{"start":{"line":39,"column":27},"end":{"line":39,"column":60}},"17":{"start":{"line":40,"column":6},"end":{"line":50,"column":7}},"18":{"start":{"line":41,"column":23},"end":{"line":41,"column":38}},"19":{"start":{"line":42,"column":8},"end":{"line":49,"column":9}},"20":{"start":{"line":43,"column":10},"end":{"line":48,"column":13}},"21":{"start":{"line":53,"column":4},"end":{"line":56,"column":6}},"22":{"start":{"line":54,"column":6},"end":{"line":54,"column":22}},"23":{"start":{"line":55,"column":6},"end":{"line":55,"column":24}},"24":{"start":{"line":60,"column":23},"end":{"line":87,"column":3}},"25":{"start":{"line":61,"column":4},"end":{"line":86,"column":7}},"26":{"start":{"line":62,"column":24},"end":{"line":64,"column":7}},"27":{"start":{"line":63,"column":8},"end":{"line":63,"column":89}},"28":{"start":{"line":66,"column":21},"end":{"line":83,"column":8}},"29":{"start":{"line":85,"column":6},"end":{"line":85,"column":39}},"30":{"start":{"line":90,"column":22},"end":{"line":118,"column":3}},"31":{"start":{"line":91,"column":4},"end":{"line":117,"column":7}},"32":{"start":{"line":92,"column":24},"end":{"line":94,"column":7}},"33":{"start":{"line":93,"column":8},"end":{"line":93,"column":70}},"34":{"start":{"line":96,"column":21},"end":{"line":114,"column":8}},"35":{"start":{"line":116,"column":6},"end":{"line":116,"column":39}},"36":{"start":{"line":121,"column":25},"end":{"line":231,"column":3}},"37":{"start":{"line":122,"column":4},"end":{"line":230,"column":7}},"38":{"start":{"line":125,"column":6},"end":{"line":227,"column":7}},"39":{"start":{"line":127,"column":8},"end":{"line":160,"column":11}},"40":{"start":{"line":161,"column":13},"end":{"line":227,"column":7}},"41":{"start":{"line":163,"column":8},"end":{"line":196,"column":11}},"42":{"start":{"line":199,"column":8},"end":{"line":226,"column":11}},"43":{"start":{"line":229,"column":6},"end":{"line":229,"column":39}},"44":{"start":{"line":234,"column":23},"end":{"line":261,"column":3}},"45":{"start":{"line":235,"column":4},"end":{"line":260,"column":7}},"46":{"start":{"line":236,"column":24},"end":{"line":238,"column":7}},"47":{"start":{"line":237,"column":8},"end":{"line":237,"column":70}},"48":{"start":{"line":240,"column":21},"end":{"line":257,"column":8}},"49":{"start":{"line":259,"column":6},"end":{"line":259,"column":39}},"50":{"start":{"line":264,"column":24},"end":{"line":271,"column":3}},"51":{"start":{"line":265,"column":4},"end":{"line":269,"column":7}},"52":{"start":{"line":266,"column":6},"end":{"line":268,"column":7}},"53":{"start":{"line":267,"column":8},"end":{"line":267,"column":39}},"54":{"start":{"line":270,"column":4},"end":{"line":270,"column":29}},"55":{"start":{"line":274,"column":27},"end":{"line":281,"column":3}},"56":{"start":{"line":275,"column":4},"end":{"line":275,"column":33}},"57":{"start":{"line":275,"column":16},"end":{"line":275,"column":33}},"58":{"start":{"line":276,"column":4},"end":{"line":276,"column":37}},"59":{"start":{"line":276,"column":20},"end":{"line":276,"column":37}},"60":{"start":{"line":277,"column":4},"end":{"line":277,"column":37}},"61":{"start":{"line":277,"column":20},"end":{"line":277,"column":37}},"62":{"start":{"line":278,"column":4},"end":{"line":278,"column":37}},"63":{"start":{"line":278,"column":20},"end":{"line":278,"column":37}},"64":{"start":{"line":279,"column":4},"end":{"line":279,"column":38}},"65":{"start":{"line":279,"column":21},"end":{"line":279,"column":38}},"66":{"start":{"line":280,"column":4},"end":{"line":280,"column":21}},"67":{"start":{"line":284,"column":23},"end":{"line":291,"column":3}},"68":{"start":{"line":285,"column":4},"end":{"line":285,"column":33}},"69":{"start":{"line":285,"column":16},"end":{"line":285,"column":33}},"70":{"start":{"line":286,"column":4},"end":{"line":286,"column":38}},"71":{"start":{"line":286,"column":21},"end":{"line":286,"column":38}},"72":{"start":{"line":287,"column":4},"end":{"line":287,"column":38}},"73":{"start":{"line":287,"column":21},"end":{"line":287,"column":38}},"74":{"start":{"line":288,"column":4},"end":{"line":288,"column":39}},"75":{"start":{"line":288,"column":22},"end":{"line":288,"column":39}},"76":{"start":{"line":289,"column":4},"end":{"line":289,"column":39}},"77":{"start":{"line":289,"column":22},"end":{"line":289,"column":39}},"78":{"start":{"line":290,"column":4},"end":{"line":290,"column":21}},"79":{"start":{"line":293,"column":2},"end":{"line":293,"column":14}}},"fnMap":{"0":{"name":"(anonymous_0)","decl":{"start":{"line":7,"column":26},"end":{"line":7,"column":27}},"loc":{"start":{"line":7,"column":63},"end":{"line":294,"column":1}},"line":7},"1":{"name":"(anonymous_1)","decl":{"start":{"line":10,"column":12},"end":{"line":10,"column":13}},"loc":{"start":{"line":10,"column":18},"end":{"line":57,"column":3}},"line":10},"2":{"name":"(anonymous_2)","decl":{"start":{"line":38,"column":27},"end":{"line":38,"column":28}},"loc":{"start":{"line":38,"column":38},"end":{"line":51,"column":5}},"line":38},"3":{"name":"(anonymous_3)","decl":{"start":{"line":53,"column":11},"end":{"line":53,"column":12}},"loc":{"start":{"line":53,"column":17},"end":{"line":56,"column":5}},"line":53},"4":{"name":"(anonymous_4)","decl":{"start":{"line":60,"column":23},"end":{"line":60,"column":24}},"loc":{"start":{"line":60,"column":35},"end":{"line":87,"column":3}},"line":60},"5":{"name":"(anonymous_5)","decl":{"start":{"line":61,"column":19},"end":{"line":61,"column":20}},"loc":{"start":{"line":61,"column":28},"end":{"line":86,"column":5}},"line":61},"6":{"name":"(anonymous_6)","decl":{"start":{"line":62,"column":46},"end":{"line":62,"column":47}},"loc":{"start":{"line":63,"column":8},"end":{"line":63,"column":89}},"line":63},"7":{"name":"(anonymous_7)","decl":{"start":{"line":90,"column":22},"end":{"line":90,"column":23}},"loc":{"start":{"line":90,"column":33},"end":{"line":118,"column":3}},"line":90},"8":{"name":"(anonymous_8)","decl":{"start":{"line":91,"column":18},"end":{"line":91,"column":19}},"loc":{"start":{"line":91,"column":26},"end":{"line":117,"column":5}},"line":91},"9":{"name":"(anonymous_9)","decl":{"start":{"line":92,"column":45},"end":{"line":92,"column":46}},"loc":{"start":{"line":93,"column":8},"end":{"line":93,"column":70}},"line":93},"10":{"name":"(anonymous_10)","decl":{"start":{"line":121,"column":25},"end":{"line":121,"column":26}},"loc":{"start":{"line":121,"column":39},"end":{"line":231,"column":3}},"line":121},"11":{"name":"(anonymous_11)","decl":{"start":{"line":122,"column":21},"end":{"line":122,"column":22}},"loc":{"start":{"line":122,"column":32},"end":{"line":230,"column":5}},"line":122},"12":{"name":"(anonymous_12)","decl":{"start":{"line":234,"column":23},"end":{"line":234,"column":24}},"loc":{"start":{"line":234,"column":35},"end":{"line":261,"column":3}},"line":234},"13":{"name":"(anonymous_13)","decl":{"start":{"line":235,"column":19},"end":{"line":235,"column":20}},"loc":{"start":{"line":235,"column":28},"end":{"line":260,"column":5}},"line":235},"14":{"name":"(anonymous_14)","decl":{"start":{"line":236,"column":46},"end":{"line":236,"column":47}},"loc":{"start":{"line":237,"column":8},"end":{"line":237,"column":70}},"line":237},"15":{"name":"(anonymous_15)","decl":{"start":{"line":264,"column":24},"end":{"line":264,"column":25}},"loc":{"start":{"line":264,"column":30},"end":{"line":271,"column":3}},"line":264},"16":{"name":"(anonymous_16)","decl":{"start":{"line":265,"column":32},"end":{"line":265,"column":33}},"loc":{"start":{"line":265,"column":42},"end":{"line":269,"column":5}},"line":265},"17":{"name":"(anonymous_17)","decl":{"start":{"line":274,"column":27},"end":{"line":274,"column":28}},"loc":{"start":{"line":274,"column":38},"end":{"line":281,"column":3}},"line":274},"18":{"name":"(anonymous_18)","decl":{"start":{"line":284,"column":23},"end":{"line":284,"column":24}},"loc":{"start":{"line":284,"column":34},"end":{"line":291,"column":3}},"line":284}},"branchMap":{"0":{"loc":{"start":{"line":11,"column":4},"end":{"line":11,"column":33}},"type":"if","locations":[{"start":{"line":11,"column":4},"end":{"line":11,"column":33}},{"start":{},"end":{}}],"line":11},"1":{"loc":{"start":{"line":11,"column":8},"end":{"line":11,"column":24}},"type":"binary-expr","locations":[{"start":{"line":11,"column":8},"end":{"line":11,"column":15}},{"start":{"line":11,"column":19},"end":{"line":11,"column":24}}],"line":11},"2":{"loc":{"start":{"line":17,"column":4},"end":{"line":19,"column":5}},"type":"if","locations":[{"start":{"line":17,"column":4},"end":{"line":19,"column":5}},{"start":{},"end":{}}],"line":17},"3":{"loc":{"start":{"line":22,"column":4},"end":{"line":24,"column":5}},"type":"if","locations":[{"start":{"line":22,"column":4},"end":{"line":24,"column":5}},{"start":{},"end":{}}],"line":22},"4":{"loc":{"start":{"line":27,"column":4},"end":{"line":29,"column":5}},"type":"if","locations":[{"start":{"line":27,"column":4},"end":{"line":29,"column":5}},{"start":{},"end":{}}],"line":27},"5":{"loc":{"start":{"line":32,"column":4},"end":{"line":34,"column":5}},"type":"if","locations":[{"start":{"line":32,"column":4},"end":{"line":34,"column":5}},{"start":{},"end":{}}],"line":32},"6":{"loc":{"start":{"line":40,"column":6},"end":{"line":50,"column":7}},"type":"if","locations":[{"start":{"line":40,"column":6},"end":{"line":50,"column":7}},{"start":{},"end":{}}],"line":40},"7":{"loc":{"start":{"line":40,"column":10},"end":{"line":40,"column":57}},"type":"binary-expr","locations":[{"start":{"line":40,"column":10},"end":{"line":40,"column":38}},{"start":{"line":40,"column":42},"end":{"line":40,"column":57}}],"line":40},"8":{"loc":{"start":{"line":42,"column":8},"end":{"line":49,"column":9}},"type":"if","locations":[{"start":{"line":42,"column":8},"end":{"line":49,"column":9}},{"start":{},"end":{}}],"line":42},"9":{"loc":{"start":{"line":42,"column":12},"end":{"line":42,"column":45}},"type":"binary-expr","locations":[{"start":{"line":42,"column":12},"end":{"line":42,"column":28}},{"start":{"line":42,"column":32},"end":{"line":42,"column":45}}],"line":42},"10":{"loc":{"start":{"line":63,"column":71},"end":{"line":63,"column":88}},"type":"binary-expr","locations":[{"start":{"line":63,"column":71},"end":{"line":63,"column":83}},{"start":{"line":63,"column":87},"end":{"line":63,"column":88}}],"line":63},"11":{"loc":{"start":{"line":77,"column":17},"end":{"line":77,"column":33}},"type":"binary-expr","locations":[{"start":{"line":77,"column":17},"end":{"line":77,"column":28}},{"start":{"line":77,"column":32},"end":{"line":77,"column":33}}],"line":77},"12":{"loc":{"start":{"line":79,"column":44},"end":{"line":79,"column":68}},"type":"binary-expr","locations":[{"start":{"line":79,"column":44},"end":{"line":79,"column":55}},{"start":{"line":79,"column":59},"end":{"line":79,"column":68}}],"line":79},"13":{"loc":{"start":{"line":108,"column":52},"end":{"line":108,"column":75}},"type":"binary-expr","locations":[{"start":{"line":108,"column":52},"end":{"line":108,"column":62}},{"start":{"line":108,"column":66},"end":{"line":108,"column":75}}],"line":108},"14":{"loc":{"start":{"line":125,"column":6},"end":{"line":227,"column":7}},"type":"if","locations":[{"start":{"line":125,"column":6},"end":{"line":227,"column":7}},{"start":{"line":161,"column":13},"end":{"line":227,"column":7}}],"line":125},"15":{"loc":{"start":{"line":139,"column":12},"end":{"line":139,"column":33}},"type":"binary-expr","locations":[{"start":{"line":139,"column":12},"end":{"line":139,"column":26}},{"start":{"line":139,"column":30},"end":{"line":139,"column":33}}],"line":139},"16":{"loc":{"start":{"line":151,"column":21},"end":{"line":151,"column":54}},"type":"binary-expr","locations":[{"start":{"line":151,"column":21},"end":{"line":151,"column":46}},{"start":{"line":151,"column":50},"end":{"line":151,"column":54}}],"line":151},"17":{"loc":{"start":{"line":161,"column":13},"end":{"line":227,"column":7}},"type":"if","locations":[{"start":{"line":161,"column":13},"end":{"line":227,"column":7}},{"start":{"line":197,"column":13},"end":{"line":227,"column":7}}],"line":161},"18":{"loc":{"start":{"line":175,"column":12},"end":{"line":175,"column":33}},"type":"binary-expr","locations":[{"start":{"line":175,"column":12},"end":{"line":175,"column":26}},{"start":{"line":175,"column":30},"end":{"line":175,"column":33}}],"line":175},"19":{"loc":{"start":{"line":187,"column":21},"end":{"line":187,"column":54}},"type":"binary-expr","locations":[{"start":{"line":187,"column":21},"end":{"line":187,"column":46}},{"start":{"line":187,"column":50},"end":{"line":187,"column":54}}],"line":187},"20":{"loc":{"start":{"line":207,"column":12},"end":{"line":207,"column":31}},"type":"binary-expr","locations":[{"start":{"line":207,"column":12},"end":{"line":207,"column":26}},{"start":{"line":207,"column":30},"end":{"line":207,"column":31}}],"line":207},"21":{"loc":{"start":{"line":211,"column":51},"end":{"line":211,"column":77}},"type":"binary-expr","locations":[{"start":{"line":211,"column":51},"end":{"line":211,"column":64}},{"start":{"line":211,"column":68},"end":{"line":211,"column":77}}],"line":211},"22":{"loc":{"start":{"line":251,"column":52},"end":{"line":251,"column":76}},"type":"binary-expr","locations":[{"start":{"line":251,"column":52},"end":{"line":251,"column":63}},{"start":{"line":251,"column":67},"end":{"line":251,"column":76}}],"line":251},"23":{"loc":{"start":{"line":253,"column":56},"end":{"line":253,"column":80}},"type":"binary-expr","locations":[{"start":{"line":253,"column":56},"end":{"line":253,"column":67}},{"start":{"line":253,"column":71},"end":{"line":253,"column":80}}],"line":253},"24":{"loc":{"start":{"line":266,"column":6},"end":{"line":268,"column":7}},"type":"if","locations":[{"start":{"line":266,"column":6},"end":{"line":268,"column":7}},{"start":{},"end":{}}],"line":266},"25":{"loc":{"start":{"line":266,"column":10},"end":{"line":266,"column":41}},"type":"binary-expr","locations":[{"start":{"line":266,"column":10},"end":{"line":266,"column":16}},{"start":{"line":266,"column":20},"end":{"line":266,"column":41}}],"line":266},"26":{"loc":{"start":{"line":275,"column":4},"end":{"line":275,"column":33}},"type":"if","locations":[{"start":{"line":275,"column":4},"end":{"line":275,"column":33}},{"start":{},"end":{}}],"line":275},"27":{"loc":{"start":{"line":276,"column":4},"end":{"line":276,"column":37}},"type":"if","locations":[{"start":{"line":276,"column":4},"end":{"line":276,"column":37}},{"start":{},"end":{}}],"line":276},"28":{"loc":{"start":{"line":277,"column":4},"end":{"line":277,"column":37}},"type":"if","locations":[{"start":{"line":277,"column":4},"end":{"line":277,"column":37}},{"start":{},"end":{}}],"line":277},"29":{"loc":{"start":{"line":278,"column":4},"end":{"line":278,"column":37}},"type":"if","locations":[{"start":{"line":278,"column":4},"end":{"line":278,"column":37}},{"start":{},"end":{}}],"line":278},"30":{"loc":{"start":{"line":279,"column":4},"end":{"line":279,"column":38}},"type":"if","locations":[{"start":{"line":279,"column":4},"end":{"line":279,"column":38}},{"start":{},"end":{}}],"line":279},"31":{"loc":{"start":{"line":285,"column":4},"end":{"line":285,"column":33}},"type":"if","locations":[{"start":{"line":285,"column":4},"end":{"line":285,"column":33}},{"start":{},"end":{}}],"line":285},"32":{"loc":{"start":{"line":286,"column":4},"end":{"line":286,"column":38}},"type":"if","locations":
[...]
,"/home/bao/test-project/frontend/src/types/common.js": {"path":"/home/bao/test-project/frontend/src/types/common.js","statementMap":{},"fnMap":{},"branchMap":{},"s":{},"f":{},"b":{}}
,"/home/bao/test-project/frontend/src/types/index.js": {"path":"/home/bao/test-project/frontend/src/types/index.js","statementMap":{},"fnMap":{},"branchMap":{},"s":{},"f":{},"b":{}}
,"/home/bao/test-project/frontend/src/types/model.js": {"path":"/home/bao/test-project/frontend/src/types/model.js","statementMap":{"0":{"start":{"line":2,"column":38},"end":{"line":8,"column":1}},"1":{"start":{"line":11,"column":36},"end":{"line":16,"column":1}},"2":{"start":{"line":19,"column":33},"end":{"line":26,"column":1}}},"fnMap":{},"branchMap":{},"s":{"0":0,"1":0,"2":0},"f":{},"b":{}}
,"/home/bao/test-project/frontend/src/types/task.js": {"path":"/home/bao/test-project/frontend/src/types/task.js","statementMap":{"0":{"start":{"line":2,"column":35},"end":{"line":10,"column":1}},"1":{"start":{"line":13,"column":42},"end":{"line":17,"column":1}},"2":{"start":{"line":20,"column":32},"end":{"line":25,"column":1}}},"fnMap":{},"branchMap":{},"s":{"0":0,"1":0,"2":0},"f":{},"b":{}}
,"/home/bao/test-project/frontend/src/utils/request.js": {"path":"/home/bao/test-project/frontend/src/utils/request.js","statementMap":{"0":{"start":{"line":4,"column":16},"end":{"line":10,"column":2}},"1":{"start":{"line":13,"column":0},"end":{"line":30,"column":2}},"2":{"start":{"line":16,"column":18},"end":{"line":16,"column":53}},"3":{"start":{"line":18,"column":4},"end":{"line":20,"column":5}},"4":{"start":{"line":19,"column":6},"end":{"line":19,"column":55}},"5":{"start":{"line":23,"column":4},"end":{"line":23,"column":57}},"6":{"start":{"line":25,"column":4},"end":{"line":25,"column":18}},"7":{"start":{"line":28,"column":4},"end":{"line":28,"column":33}},"8":{"start":{"line":33,"column":0},"end":{"line":84,"column":2}},"9":{"start":{"line":35,"column":16},"end":{"line":35,"column":29}},"10":{"start":{"line":38,"column":4},"end":{"line":48,"column":5}},"11":{"start":{"line":40,"column":6},"end":{"line":45,"column":7}},"12":{"start":{"line":42,"column":8},"end":{"line":42,"column":47}},"13":{"start":{"line":43,"column":8},"end":{"line":43,"column":48}},"14":{"start":{"line":44,"column":8},"end":{"line":44,"column":40}},"15":{"start":{"line":47,"column":6},"end":{"line":47,"column":62}},"16":{"start":{"line":50,"column":4},"end":{"line":50,"column":20}},"17":{"start":{"line":53,"column":18},"end":{"line":53,"column":24}},"18":{"start":{"line":55,"column":4},"end":{"line":80,"column":5}},"19":{"start":{"line":56,"column":6},"end":{"line":77,"column":7}},"20":{"start":{"line":58,"column":10},"end":{"line":58,"column":61}},"21":{"start":{"line":59,"column":10},"end":{"line":59,"column":16}},"22":{"start":{"line":61,"column":10},"end":{"line":61,"column":32}},"23":{"start":{"line":62,"column":10},"end":{"line":62,"column":49}},"24":{"start":{"line":63,"column":10},"end":{"line":63,"column":50}},"25":{"start":{"line":64,"column":10},"end":{"line":64,"column":42}},"26":{"start":{"line":65,"column":10},"end":{"line":65,"column":16}},"27":{"start":{"line":67,"column":10},"end":{"line":67,"column":27}},"28":{"start":{"line":68,"column":10},"end":{"line":68,"column":16}},"29":{"start":{"line":70,"column":10},"end":{"line":70,"column":31}},"30":{"start":{"line":71,"column":10},"end":{"line":71,"column":16}},"31":{"start":{"line":73,"column":10},"end":{"line":73,"column":30}},"32":{"start":{"line":74,"column":10},"end":{"line":74,"column":16}},"33":{"start":{"line":76,"column":10},"end":{"line":76,"column":51}},"34":{"start":{"line":78,"column":11},"end":{"line":80,"column":5}},"35":{"start":{"line":79,"column":6},"end":{"line":79,"column":25}},"36":{"start":{"line":82,"column":4},"end":{"line":82,"column":46}},"37":{"start":{"line":88,"column":2},"end":{"line":88,"column":77}}},"fnMap":{"0":{"name":"(anonymous_0)","decl":{"start":{"line":14,"column":2},"end":{"line":14,"column":3}},"loc":{"start":{"line":14,"column":14},"end":{"line":26,"column":3}},"line":14},"1":{"name":"(anonymous_1)","decl":{"start":{"line":27,"column":2},"end":{"line":27,"column":3}},"loc":{"start":{"line":27,"column":13},"end":{"line":29,"column":3}},"line":27},"2":{"name":"(anonymous_2)","decl":{"start":{"line":34,"column":2},"end":{"line":34,"column":3}},"loc":{"start":{"line":34,"column":16},"end":{"line":51,"column":3}},"line":34},"3":{"name":"(anonymous_3)","decl":{"start":{"line":52,"column":2},"end":{"line":52,"column":3}},"loc":{"start":{"line":52,"column":13},"end":{"line":83,"column":3}},"line":52},"4":{"name":"generateRequestId","decl":{"start":{"line":87,"column":9},"end":{"line":87,"column":26}},"loc":{"start":{"line":87,"column":29},"end":{"line":89,"column":1}},"line":87}},"branchMap":{"0":{"loc":{"start":{"line":5,"column":11},"end":{"line":5,"column":74}},"type":"binary-expr","locations":[{"start":{"line":5,"column":11},"end":{"line":5,"column":40}},{"start":{"line":5,"column":44},"end":{"line":5,"column":74}}],"line":5},"1":{"loc":{"start":{"line":18,"column":4},"end":{"line":20,"column":5}},"type":"if","locations":[{"start":{"line":18,"column":4},"end":{"line":20,"column":5}},{"start":{},"end":{}}],"line":18},"2":{"loc":{"start":{"line":38,"column":4},"end":{"line":48,"column":5}},"type":"if","locations":[{"start":{"line":38,"column":4},"end":{"line":48,"column":5}},{"start":{},"end":{}}],"line":38},"3":{"loc":{"start":{"line":40,"column":6},"end":{"line":45,"column":7}},"type":"if","locations":[{"start":{"line":40,"column":6},"end":{"line":45,"column":7}},{"start":{},"end":{}}],"line":40},"4":{"loc":{"start":{"line":47,"column":38},"end":{"line":47,"column":59}},"type":"binary-expr","locations":[{"start":{"line":47,"column":38},"end":{"line":47,"column":49}},{"start":{"line":47,"column":53},"end":{"line":47,"column":59}}],"line":47},"5":{"loc":{"start":{"line":55,"column":4},"end":{"line":80,"column":5}},"type":"if","locations":[{"start":{"line":55,"column":4},"end":{"line":80,"column":5}},{"start":{"line":78,"column":11},"end":{"line":80,"column":5}}],"line":55},"6":{"loc":{"start":{"line":56,"column":6},"end":{"line":77,"column":7}},"type":"switch","locations":[{"start":{"line":57,"column":8},"end":{"line":59,"column":16}},{"start":{"line":60,"column":8},"end":{"line":65,"column":16}},{"start":{"line":66,"column":8},"end":{"line":68,"column":16}},{"start":{"line":69,"column":8},"end":{"line":71,"column":16}},{"start":{"line":72,"column":8},"end":{"line":74,"column":16}},{"start":{"line":75,"column":8},"end":{"line":76,"column":51}}],"line":56},"7":{"loc":{"start":{"line":58,"column":20},"end":{"line":58,"column":60}},"type":"binary-expr","locations":[{"start":{"line":58,"column":20},"end":{"line":58,"column":48}},{"start":{"line":58,"column":52},"end":{"line":58,"column":60}}],"line":58},"8":{"loc":{"start":{"line":78,"column":11},"end":{"line":80,"column":5}},"type":"if","locations":[{"start":{"line":78,"column":11},"end":{"line":80,"column":5}},{"start":{},"end":{}}],"line":78}},"s":{"0":0,"1":0,"2":0,"3":0,"4":0,"5":0,"6":0,"7":0,"8":0,"9":0,"10":0,"11":0,"12":0,"13":0,"14":0,"15":0,"16":0,"17":0,"18":0,"19":0,"20":0,"21":0,"22":0,"23":0,"24":0,"25":0,"26":0,"27":0,"28":0,"29":0,"30":0,"31":0,"32":0,"33":0,"34":0,"35":0,"36":0,"37":0},"f":{"0":0,"1":0,"2":0,"3":0,"4":0},"b":{"0":[0,0],"1":[0,0],"2":[0,0],"3":[0,0],"4":[0,0],"5":[0,0],"6":[0,0,0,0,0,0],"7":[0,0],"8":[0,0]}}
,"/home/bao/test-project/frontend/src/utils/validation.js": {"path":"/home/bao/test-project/frontend/src/utils/validation.js","statementMap":{"0":{"start":{"line":10,"column":32},"end":{"line":15,"column":1}},"1":{"start":{"line":11,"column":2},"end":{"line":13,"column":3}},"2":{"start":{"line":12,"column":4},"end":{"line":12,"column":21}},"3":{"start":{"line":14,"column":2},"end":{"line":14,"column":14}},"4":{"start":{"line":22,"column":29},"end":{"line":29,"column":1}},"5":{"start":{"line":23,"column":2},"end":{"line":23,"column":26}},"6":{"start":{"line":23,"column":14},"end":{"line":23,"column":26}},"7":{"start":{"line":24,"column":21},"end":{"line":24,"column":49}},"8":{"start":{"line":25,"column":2},"end":{"line":27,"column":3}},"9":{"start":{"line":26,"column":4},"end":{"line":26,"column":24}},"10":{"start":{"line":28,"column":2},"end":{"line":28,"column":14}},"11":{"start":{"line":36,"column":32},"end":{"line":48,"column":1}},"12":{"start":{"line":37,"column":2},"end":{"line":37,"column":29}},"13":{"start":{"line":37,"column":17},"end":{"line":37,"column":29}},"14":{"start":{"line":38,"column":2},"end":{"line":40,"column":3}},"15":{"start":{"line":39,"column":4},"end":{"line":39,"column":23}},"16":{"start":{"line":41,"column":2},"end":{"line":43,"column":3}},"17":{"start":{"line":42,"column":4},"end":{"line":42,"column":26}},"18":{"start":{"line":44,"column":2},"end":{"line":46,"column":3}},"19":{"start":{"line":45,"column":4},"end":{"line":45,"column":26}},"20":{"start":{"line":47,"column":2},"end":{"line":47,"column":14}},"21":{"start":{"line":55,"column":30},"end":{"line":61,"column":1}},"22":{"start":{"line":56,"column":2},"end":{"line":56,"column":26}},"23":{"start":{"line":56,"column":14},"end":{"line":56,"column":26}},"24":{"start":{"line":57,"column":2},"end":{"line":59,"column":3}},"25":{"start":{"line":58,"column":4},"end":{"line":58,"column":22}},"26":{"start":{"line":60,"column":2},"end":{"line":60,"column":14}},"27":{"start":{"line":70,"column":29},"end":{"line":80,"column":1}},"28":{"start":{"line":71,"column":2},"end":{"line":71,"column":73}},"29":{"start":{"line":71,"column":61},"end":{"line":71,"column":73}},"30":{"start":{"line":72,"column":14},"end":{"line":72,"column":27}},"31":{"start":{"line":73,"column":2},"end":{"line":75,"column":3}},"32":{"start":{"line":74,"column":4},"end":{"line":74,"column":26}},"33":{"start":{"line":76,"column":2},"end":{"line":78,"column":3}},"34":{"start":{"line":77,"column":4},"end":{"line":77,"column":26}},"35":{"start":{"line":79,"column":2},"end":{"line":79,"column":14}},"36":{"start":{"line":88,"column":28},"end":{"line":131,"column":1}},"37":{"start":{"line":89,"column":17},"end":{"line":89,"column":19}},"38":{"start":{"line":91,"column":2},"end":{"line":128,"column":3}},"39":{"start":{"line":92,"column":18},"end":{"line":92,"column":31}},"40":{"start":{"line":93,"column":23},"end":{"line":93,"column":35}},"41":{"start":{"line":95,"column":4},"end":{"line":127,"column":5}},"42":{"start":{"line":96,"column":18},"end":{"line":96,"column":22}},"43":{"start":{"line":98,"column":6},"end":{"line":121,"column":7}},"44":{"start":{"line":100,"column":10},"end":{"line":100,"column":42}},"45":{"start":{"line":101,"column":10},"end":{"line":101,"column":16}},"46":{"start":{"line":103,"column":10},"end":{"line":103,"column":39}},"47":{"start":{"line":104,"column":10},"end":{"line":104,"column":16}},"48":{"start":{"line":106,"column":10},"end":{"line":106,"column":42}},"49":{"start":{"line":107,"column":10},"end":{"line":107,"column":16}},"50":{"start":{"line":109,"column":10},"end":{"line":109,"column":40}},"51":{"start":{"line":110,"column":10},"end":{"line":110,"column":16}},"52":{"start":{"line":112,"column":10},"end":{"line":112,"column":59}},"53":{"start":{"line":113,"column":10},"end":{"line":113,"column":16}},"54":{"start":{"line":115,"column":10},"end":{"line":117,"column":11}},"55":{"start":{"line":116,"column":12},"end":{"line":116,"column":50}},"56":{"start":{"line":118,"column":10},"end":{"line":118,"column":16}},"57":{"start":{"line":120,"column":10},"end":{"line":120,"column":16}},"58":{"start":{"line":123,"column":6},"end":{"line":126,"column":7}},"59":{"start":{"line":124,"column":8},"end":{"line":124,"column":30}},"60":{"start":{"line":125,"column":8},"end":{"line":125,"column":14}},"61":{"start":{"line":130,"column":2},"end":{"line":130,"column":16}}},"fnMap":{"0":{"name":"(anonymous_0)","decl":{"start":{"line":10,"column":32},"end":{"line":10,"column":33}},"loc":{"start":{"line":10,"column":43},"end":{"line":15,"column":1}},"line":10},"1":{"name":"(anonymous_1)","decl":{"start":{"line":22,"column":29},"end":{"line":22,"column":30}},"loc":{"start":{"line":22,"column":40},"end":{"line":29,"column":1}},"line":22},"2":{"name":"(anonymous_2)","decl":{"start":{"line":36,"column":32},"end":{"line":36,"column":33}},"loc":{"start":{"line":36,"column":46},"end":{"line":48,"column":1}},"line":36},"3":{"name":"(anonymous_3)","decl":{"start":{"line":55,"column":30},"end":{"line":55,"column":31}},"loc":{"start":{"line":55,"column":41},"end":{"line":61,"column":1}},"line":55},"4":{"name":"(anonymous_4)","decl":{"start":{"line":70,"column":29},"end":{"line":70,"column":30}},"loc":{"start":{"line":70,"column":50},"end":{"line":80,"column":1}},"line":70},"5":{"name":"(anonymous_5)","decl":{"start":{"line":88,"column":28},"end":{"line":88,"column":29}},"loc":{"start":{"line":88,"column":47},"end":{"line":131,"column":1}},"line":88}},"branchMap":{"0":{"loc":{"start":{"line":11,"column":2},"end":{"line":13,"column":3}},"type":"if","locations":[{"start":{"line":11,"column":2},"end":{"line":13,"column":3}},{"start":{},"end":{}}],"line":11},"1":{"loc":{"start":{"line":11,"column":6},"end":{"line":11,"column":59}},"type":"binary-expr","locations":[{"start":{"line":11,"column":6},"end":{"line":11,"column":20}},{"start":{"line":11,"column":24},"end":{"line":11,"column":43}},{"start":{"line":11,"column":47},"end":{"line":11,"column":59}}],"line":11},"2":{"loc":{"start":{"line":23,"column":2},"end":{"line":23,"column":26}},"type":"if","locations":[{"start":{"line":23,"column":2},"end":{"line":23,"column":26}},{"start":{},"end":{}}],"line":23},"3":{"loc":{"start":{"line":25,"column":2},"end":{"line":27,"column":3}},"type":"if","locations":[{"start":{"line":25,"column":2},"end":{"line":27,"column":3}},{"start":{},"end":{}}],"line":25},"4":{"loc":{"start":{"line":37,"column":2},"end":{"line":37,"column":29}},"type":"if","locations":[{"start":{"line":37,"column":2},"end":{"line":37,"column":29}},{"start":{},"end":{}}],"line":37},"5":{"loc":{"start":{"line":38,"column":2},"end":{"line":40,"column":3}},"type":"if","locations":[{"start":{"line":38,"column":2},"end":{"line":40,"column":3}},{"start":{},"end":{}}],"line":38},"6":{"loc":{"start":{"line":41,"column":2},"end":{"line":43,"column":3}},"type":"if","locations":[{"start":{"line":41,"column":2},"end":{"line":43,"column":3}},{"start":{},"end":{}}],"line":41},"7":{"loc":{"start":{"line":44,"column":2},"end":{"line":46,"column":3}},"type":"if","locations":[{"start":{"line":44,"column":2},"end":{"line":46,"column":3}},{"start":{},"end":{}}],"line":44},"8":{"loc":{"start":{"line":56,"column":2},"end":{"line":56,"column":26}},"type":"if","locations":[{"start":{"line":56,"column":2},"end":{"line":56,"column":26}},{"start":{},"end":{}}],"line":56},"9":{"loc":{"start":{"line":57,"column":2},"end":{"line":59,"column":3}},"type":"if","locations":[{"start":{"line":57,"column":2},"end":{"line":59,"column":3}},{"start":{},"end":{}}],"line":57},"10":{"loc":{"start":{"line":71,"column":2},"end":{"line":71,"column":73}},"type":"if","locations":[{"start":{"line":71,"column":2},"end":{"line":71,"column":73}},{"start":{},"end":{}}],"line":71},"11":{"loc":{"start":{"line":71,"column":6},"end":{"line":71,"column":59}},"type":"binary-expr","locations":[{"start":{"line":71,"column":6},"end":{"line":71,"column":18}},{"start":{"line":71,"column":22},"end":{"line":71,"column":36}},{"start":{"line":71,"column":40},"end":{"line":71,"column":59}}],"line":71},"12":{"loc":{"start":{"line":73,"column":2},"end":{"line":75,"column":3}},"type":"if","locations":[{"start":{"line":73,"column":2},"end":{"line":75,"column":3}},{"start":{},"end":{}}],"line":73},"13":{"loc":{"start":{"line":73,"column":6},"end":{"line":73,"column":36}},"type":"binary-expr","locations":[{"start":{"line":73,"column":6},"end":{"line":73,"column":23}},{"start":{"line":73,"column":27},"end":{"line":73,"column":36}}],"line":73},"14":{"loc":{"start":{"line":76,"column":2},"end":{"line":78,"column":3}},"type":"if","locations":[{"start":{"line":76,"column":2},"end":{"line":78,"column":3}},{"start":{},"end":{}}],"line":76},"15":{"loc":{"start":{"line":76,"column":6},"end":{"line":76,"column":36}},"type":"binary-expr","locations":[{"start":{"line":76,"column":6},"end":{"line":76,"column":23}},{"start":{"line":76,"column":27},"end":{"line":76,"column":36}}],"line":76},"16":{"loc":{"start":{"line":98,"column":6},"end":{"line":121,"column":7}},"type":"switch","locations":[{"start":{"line":99,"column":8},"end":{"line":101,"column":16}},{"start":{"line":102,"column":8},"end":{"line":104,"column":16}},{"start":{"line":105,"column":8},"end":{"line":107,"column":16}},{"start":{"line":108,"column":8},"end":{"line":110,"column":16}},{"start":{"line":111,"column":8},"end":{"line":113,"column":16}},{"start":{"line":114,"column":8},"end":{"line":118,"column":16}},{"start":{"line":119,"column":8},"end":{"line":120,"column":16}}],"line":98},"17":{"loc":{"start":{"line":115,"column":10},"end":{"line":117,"column":11}},"type":"if","locations":[{"start":{"line":115,"column":10},"end":{"line":117,"column":11}},{"start":{},"end":{}}],"line":115},"18":{"loc":{"start":{"line":123,"column":6},"end":{"line":126,"column":7}},"type":"if","locations":[{"start":{"line":123,"column":6},"end":{"line":126,"column":7}},{"start":{},"end":{}}],"line":123}},"s":{"0":1,"1":5,"2":3,"3":2,"4":1,"5":6,"6":1,"7":5,"8":5,"9":3,"10":2,"11":1,"12":4,"13":0,"14":4,"15":1,"16":3,"17":1,"18":2,"19":1,"20":1,"21":1,"22":4,"23":1,"24":3,"25":1,"26":2,"27":1,"28":4,"29":1,"30":3,"31":3,"32":1,"33":2,"34":1,"35":1,"36":1,"37":0,"38":0,"39":0,"40":0,"41":0,"42":0,"43":0,"44":0,"45":0,"46":0,"47":0,"48":0,"49":0,"50":0,"51":0,"52":0,"53":0,"54":0,"55":0,"56":0,"57":0,"58":0,"59":0,"60":0,"61":0},"f":{"0":5,"1":6,"2":4,"3":4,"4":4,"5":0},"b":{"0":[3,2],"1":[5,4,3],"2":[1,5],"3":[3,2],"4":[0,4],"5":[1,3],"6":[1,2],"7":[1,1],"8":[1,3],"9":[1,2],"10":[1,3],"11":[4,3,3],"12":[1,2],"13":[3,3],"14":[1,1],"15":[2,2],"16":[0,0,0,0,0,0,0],"17":[0,0],"18":[0,0]},"_coverageSchema":"1a1c01bbd47fc00a2c39e90264f33305004495a9","hash":"baa8952694e49033ab6397791d4e65038ea82c20"}
}
