TN:
SF:src/App.js
FN:24,(anonymous_0)
FN:25,(anonymous_1)
FN:26,(anonymous_2)
FN:27,(anonymous_3)
FN:28,(anonymous_4)
FN:29,(anonymous_5)
FN:30,(anonymous_6)
FN:31,(anonymous_7)
FN:32,(anonymous_8)
FN:38,(anonymous_9)
FN:42,(anonymous_10)
FN:60,(anonymous_11)
FN:71,(anonymous_12)
FN:85,(anonymous_13)
FN:96,(anonymous_14)
FN:113,(anonymous_15)
FN:119,(anonymous_16)
FN:120,(anonymous_17)
FN:122,(anonymous_18)
FN:140,(anonymous_19)
FN:171,(anonymous_20)
FN:184,(anonymous_21)
FN:185,(anonymous_22)
FN:186,(anonymous_23)
FN:189,(anonymous_24)
FN:211,App
FNF:26
FNH:0
FNDA:0,(anonymous_0)
FNDA:0,(anonymous_1)
FNDA:0,(anonymous_2)
FNDA:0,(anonymous_3)
FNDA:0,(anonymous_4)
FNDA:0,(anonymous_5)
FNDA:0,(anonymous_6)
FNDA:0,(anonymous_7)
FNDA:0,(anonymous_8)
FNDA:0,(anonymous_9)
FNDA:0,(anonymous_10)
FNDA:0,(anonymous_11)
FNDA:0,(anonymous_12)
FNDA:0,(anonymous_13)
FNDA:0,(anonymous_14)
FNDA:0,(anonymous_15)
FNDA:0,(anonymous_16)
FNDA:0,(anonymous_17)
FNDA:0,(anonymous_18)
FNDA:0,(anonymous_19)
FNDA:0,(anonymous_20)
FNDA:0,(anonymous_21)
FNDA:0,(anonymous_22)
FNDA:0,(anonymous_23)
FNDA:0,(anonymous_24)
FNDA:0,App
DA:24,0
DA:25,0
DA:26,0
DA:27,0
DA:28,0
DA:29,0
DA:30,0
DA:31,0
DA:32,0
DA:34,0
DA:35,0
DA:38,0
DA:39,0
DA:40,0
DA:42,0
DA:43,0
DA:44,0
DA:48,0
DA:49,0
DA:52,0
DA:53,0
DA:56,0
DA:60,0
DA:61,0
DA:63,0
DA:64,0
DA:67,0
DA:71,0
DA:72,0
DA:73,0
DA:75,0
DA:85,0
DA:86,0
DA:87,0
DA:88,0
DA:89,0
DA:90,0
DA:91,0
DA:92,0
DA:93,0
DA:96,0
DA:97,0
DA:100,0
DA:113,0
DA:114,0
DA:115,0
DA:116,0
DA:118,0
DA:119,0
DA:120,0
DA:122,0
DA:125,0
DA:140,0
DA:171,0
DA:172,0
DA:184,0
DA:185,0
DA:186,0
DA:189,0
DA:190,0
DA:212,0
LF:61
LH:0
BRDA:43,0,0,0
BRDA:43,0,1,0
BRDA:43,1,0,0
BRDA:43,1,1,0
BRDA:48,2,0,0
BRDA:48,2,1,0
BRDA:52,3,0,0
BRDA:52,3,1,0
BRDA:63,4,0,0
BRDA:63,4,1,0
BRDA:87,5,0,0
BRDA:87,5,1,0
BRDA:88,6,0,0
BRDA:88,6,1,0
BRDA:89,7,0,0
BRDA:89,7,1,0
BRDA:90,8,0,0
BRDA:90,8,1,0
BRDA:91,9,0,0
BRDA:91,9,1,0
BRDA:92,10,0,0
BRDA:92,10,1,0
BRDA:130,11,0,0
BRDA:130,11,1,0
BRDA:139,12,0,0
BRDA:139,12,1,0
BRDA:151,13,0,0
BRDA:151,13,1,0
BRDA:151,14,0,0
BRDA:151,14,1,0
BRF:30
BRH:0
end_of_record
TN:
SF:src/index.js
FNF:0
FNH:0
DA:6,0
DA:7,0
LF:2
LH:0
BRF:0
BRH:0
end_of_record
TN:
SF:src/components/Auth/PrivateRoute.jsx
FN:10,(anonymous_0)
FN:15,(anonymous_1)
FNF:2
FNH:0
FNDA:0,(anonymous_0)
FNDA:0,(anonymous_1)
DA:10,0
DA:11,0
DA:12,0
DA:15,0
DA:16,0
DA:17,0
DA:21,0
DA:22,0
DA:25,0
DA:27,0
DA:30,0
LF:11
LH:0
BRDA:16,0,0,0
BRDA:16,0,1,0
BRDA:16,1,0,0
BRDA:16,1,1,0
BRDA:21,2,0,0
BRDA:21,2,1,0
BRDA:25,3,0,0
BRDA:25,3,1,0
BRF:8
BRH:0
end_of_record
TN:
SF:src/components/Cesium/CesiumViewer.jsx
FN:10,(anonymous_0)
FN:21,(anonymous_1)
FN:75,(anonymous_2)
FN:88,(anonymous_3)
FN:105,(anonymous_4)
FN:113,(anonymous_5)
FNF:6
FNH:0
FNDA:0,(anonymous_0)
FNDA:0,(anonymous_1)
FNDA:0,(anonymous_2)
FNDA:0,(anonymous_3)
FNDA:0,(anonymous_4)
FNDA:0,(anonymous_5)
DA:8,0
DA:10,0
DA:17,0
DA:18,0
DA:19,0
DA:21,0
DA:22,0
DA:25,0
DA:53,0
DA:56,0
DA:57,0
DA:67,0
DA:70,0
DA:73,0
DA:74,0
DA:75,0
DA:76,0
DA:77,0
DA:78,0
DA:79,0
DA:80,0
DA:81,0
DA:87,0
DA:88,0
DA:89,0
DA:90,0
DA:101,0
DA:102,0
DA:105,0
DA:106,0
DA:107,0
DA:113,0
DA:114,0
DA:116,0
DA:123,0
LF:35
LH:0
BRDA:22,0,0,0
BRDA:22,0,1,0
BRDA:73,1,0,0
BRDA:73,1,1,0
BRDA:77,2,0,0
BRDA:77,2,1,0
BRDA:87,3,0,0
BRDA:87,3,1,0
BRDA:106,4,0,0
BRDA:106,4,1,0
BRDA:106,5,0,0
BRDA:106,5,1,0
BRDA:114,6,0,0
BRDA:114,6,1,0
BRDA:114,7,0,0
BRDA:114,7,1,0
BRDA:126,8,0,0
BRDA:126,8,1,0
BRDA:126,8,2,0
BRF:19
BRH:0
end_of_record
TN:
SF:src/components/Cesium/DataVisualization.jsx
FN:7,(anonymous_0)
FN:12,(anonymous_1)
FN:18,(anonymous_2)
FN:34,(anonymous_3)
FN:65,(anonymous_4)
FN:70,(anonymous_5)
FN:95,(anonymous_6)
FN:100,(anonymous_7)
FN:132,(anonymous_8)
FN:137,(anonymous_9)
FN:141,(anonymous_10)
FN:142,(anonymous_11)
FN:160,(anonymous_12)
FN:165,(anonymous_13)
FN:191,(anonymous_14)
FN:199,(anonymous_15)
FN:214,(anonymous_16)
FN:222,(anonymous_17)
FN:229,(anonymous_18)
FN:236,(anonymous_19)
FN:245,(anonymous_20)
FN:254,(anonymous_21)
FN:255,(anonymous_22)
FN:262,(anonymous_23)
FN:270,(anonymous_24)
FN:297,(anonymous_25)
FNF:26
FNH:0
FNDA:0,(anonymous_0)
FNDA:0,(anonymous_1)
FNDA:0,(anonymous_2)
FNDA:0,(anonymous_3)
FNDA:0,(anonymous_4)
FNDA:0,(anonymous_5)
FNDA:0,(anonymous_6)
FNDA:0,(anonymous_7)
FNDA:0,(anonymous_8)
FNDA:0,(anonymous_9)
FNDA:0,(anonymous_10)
FNDA:0,(anonymous_11)
FNDA:0,(anonymous_12)
FNDA:0,(anonymous_13)
FNDA:0,(anonymous_14)
FNDA:0,(anonymous_15)
FNDA:0,(anonymous_16)
FNDA:0,(anonymous_17)
FNDA:0,(anonymous_18)
FNDA:0,(anonymous_19)
FNDA:0,(anonymous_20)
FNDA:0,(anonymous_21)
FNDA:0,(anonymous_22)
FNDA:0,(anonymous_23)
FNDA:0,(anonymous_24)
FNDA:0,(anonymous_25)
DA:7,0
DA:8,0
DA:9,0
DA:12,0
DA:13,0
DA:15,0
DA:18,0
DA:19,0
DA:22,0
DA:23,0
DA:31,0
DA:34,0
DA:35,0
DA:36,0
DA:59,0
DA:65,0
DA:66,0
DA:68,0
DA:70,0
DA:71,0
DA:72,0
DA:74,0
DA:90,0
DA:95,0
DA:96,0
DA:98,0
DA:100,0
DA:101,0
DA:102,0
DA:103,0
DA:104,0
DA:106,0
DA:127,0
DA:132,0
DA:133,0
DA:135,0
DA:137,0
DA:138,0
DA:139,0
DA:141,0
DA:142,0
DA:144,0
DA:154,0
DA:160,0
DA:161,0
DA:163,0
DA:165,0
DA:166,0
DA:169,0
DA:170,0
DA:171,0
DA:173,0
DA:186,0
DA:191,0
DA:192,0
DA:193,0
DA:194,0
DA:195,0
DA:199,0
DA:200,0
DA:202,0
DA:204,0
DA:206,0
DA:208,0
DA:210,0
DA:214,0
DA:215,0
DA:216,0
DA:218,0
DA:219,0
DA:222,0
DA:223,0
DA:224,0
DA:225,0
DA:226,0
DA:229,0
DA:230,0
DA:231,0
DA:232,0
DA:233,0
DA:236,0
DA:237,0
DA:238,0
DA:239,0
DA:240,0
DA:241,0
DA:242,0
DA:245,0
DA:246,0
DA:247,0
DA:248,0
DA:249,0
DA:250,0
DA:254,0
DA:255,0
DA:256,0
DA:257,0
DA:260,0
DA:262,0
DA:263,0
DA:264,0
DA:267,0
DA:270,0
DA:271,0
DA:274,0
DA:277,0
DA:279,0
DA:280,0
DA:282,0
DA:283,0
DA:285,0
DA:286,0
DA:288,0
DA:289,0
DA:291,0
DA:292,0
DA:294,0
DA:297,0
DA:298,0
DA:303,0
LF:120
LH:0
BRDA:7,0,0,0
BRDA:12,1,0,0
BRDA:13,2,0,0
BRDA:13,2,1,0
BRDA:13,3,0,0
BRDA:13,3,1,0
BRDA:15,4,0,0
BRDA:15,5,0,0
BRDA:15,6,0,0
BRDA:19,7,0,0
BRDA:19,7,1,0
BRDA:35,8,0,0
BRDA:35,8,1,0
BRDA:40,9,0,0
BRDA:40,9,1,0
BRDA:65,10,0,0
BRDA:66,11,0,0
BRDA:66,11,1,0
BRDA:66,12,0,0
BRDA:66,12,1,0
BRDA:68,13,0,0
BRDA:68,14,0,0
BRDA:71,15,0,0
BRDA:95,16,0,0
BRDA:96,17,0,0
BRDA:96,17,1,0
BRDA:96,18,0,0
BRDA:96,18,1,0
BRDA:98,19,0,0
BRDA:98,20,0,0
BRDA:132,21,0,0
BRDA:133,22,0,0
BRDA:133,22,1,0
BRDA:133,23,0,0
BRDA:133,23,1,0
BRDA:135,24,0,0
BRDA:160,25,0,0
BRDA:161,26,0,0
BRDA:161,26,1,0
BRDA:161,27,0,0
BRDA:161,27,1,0
BRDA:163,28,0,0
BRDA:163,29,0,0
BRDA:202,30,0,0
BRDA:202,30,1,0
BRDA:202,30,2,0
BRDA:202,30,3,0
BRDA:215,31,0,0
BRDA:215,31,1,0
BRDA:216,32,0,0
BRDA:216,32,1,0
BRDA:217,33,0,0
BRDA:217,33,1,0
BRDA:218,34,0,0
BRDA:218,34,1,0
BRDA:238,35,0,0
BRDA:238,35,1,0
BRDA:239,36,0,0
BRDA:239,36,1,0
BRDA:240,37,0,0
BRDA:240,37,1,0
BRDA:241,38,0,0
BRDA:241,38,1,0
BRDA:247,39,0,0
BRDA:247,39,1,0
BRDA:248,40,0,0
BRDA:248,40,1,0
BRDA:249,41,0,0
BRDA:249,41,1,0
BRDA:256,42,0,0
BRDA:256,42,1,0
BRDA:256,43,0,0
BRDA:256,43,1,0
BRDA:263,44,0,0
BRDA:263,44,1,0
BRDA:263,45,0,0
BRDA:263,45,1,0
BRDA:271,46,0,0
BRDA:271,46,1,0
BRDA:271,47,0,0
BRDA:271,47,1,0
BRDA:277,48,0,0
BRDA:277,48,1,0
BRDA:277,48,2,0
BRDA:277,48,3,0
BRDA:277,48,4,0
BRDA:277,48,5,0
BRF:87
BRH:0
end_of_record
TN:
SF:src/components/Cesium/EntityInfoPanel.jsx
FN:13,(anonymous_0)
FN:19,(anonymous_1)
FN:138,(anonymous_2)
FN:148,(anonymous_3)
FN:158,(anonymous_4)
FN:176,(anonymous_5)
FNF:6
FNH:0
FNDA:0,(anonymous_0)
FNDA:0,(anonymous_1)
FNDA:0,(anonymous_2)
FNDA:0,(anonymous_3)
FNDA:0,(anonymous_4)
FNDA:0,(anonymous_5)
DA:13,0
DA:14,0
DA:16,0
DA:19,0
DA:20,0
DA:22,0
DA:48,0
DA:74,0
DA:101,0
DA:127,0
DA:138,0
DA:139,0
DA:140,0
DA:141,0
DA:142,0
DA:143,0
DA:144,0
DA:148,0
DA:149,0
DA:150,0
DA:151,0
DA:152,0
DA:153,0
DA:154,0
DA:158,0
DA:159,0
DA:160,0
DA:161,0
DA:162,0
DA:163,0
DA:164,0
DA:166,0
DA:167,0
DA:168,0
DA:169,0
DA:170,0
DA:171,0
DA:173,0
DA:176,0
DA:177,0
DA:178,0
DA:179,0
DA:180,0
DA:181,0
DA:185,0
LF:45
LH:0
BRDA:14,0,0,0
BRDA:14,0,1,0
BRDA:20,1,0,0
BRDA:20,1,1,0
BRDA:20,1,2,0
BRDA:20,1,3,0
BRDA:20,1,4,0
BRDA:27,2,0,0
BRDA:27,2,1,0
BRDA:30,3,0,0
BRDA:30,3,1,0
BRDA:33,4,0,0
BRDA:33,4,1,0
BRDA:36,5,0,0
BRDA:36,5,1,0
BRDA:53,6,0,0
BRDA:53,6,1,0
BRDA:56,7,0,0
BRDA:56,7,1,0
BRDA:59,8,0,0
BRDA:59,8,1,0
BRDA:62,9,0,0
BRDA:62,9,1,0
BRDA:85,10,0,0
BRDA:85,10,1,0
BRDA:88,11,0,0
BRDA:88,11,1,0
BRDA:106,12,0,0
BRDA:106,12,1,0
BRDA:109,13,0,0
BRDA:109,13,1,0
BRDA:112,14,0,0
BRDA:112,14,1,0
BRDA:115,15,0,0
BRDA:115,15,1,0
BRDA:139,16,0,0
BRDA:139,16,1,0
BRDA:139,16,2,0
BRDA:139,16,3,0
BRDA:139,16,4,0
BRDA:149,17,0,0
BRDA:149,17,1,0
BRDA:149,17,2,0
BRDA:149,17,3,0
BRDA:149,17,4,0
BRDA:159,18,0,0
BRDA:159,18,1,0
BRDA:160,19,0,0
BRDA:160,19,1,0
BRDA:161,20,0,0
BRDA:161,20,1,0
BRDA:162,21,0,0
BRDA:162,21,1,0
BRDA:163,22,0,0
BRDA:163,22,1,0
BRDA:166,23,0,0
BRDA:166,23,1,0
BRDA:167,24,0,0
BRDA:167,24,1,0
BRDA:168,25,0,0
BRDA:168,25,1,0
BRDA:169,26,0,0
BRDA:169,26,1,0
BRDA:170,27,0,0
BRDA:170,27,1,0
BRDA:177,28,0,0
BRDA:177,28,1,0
BRDA:177,28,2,0
BRDA:177,28,3,0
BRF:69
BRH:0
end_of_record
TN:
SF:src/components/Cesium/HydrologyEntities.jsx
FN:7,(anonymous_0)
FN:10,(anonymous_1)
FN:38,(anonymous_2)
FN:53,(anonymous_3)
FN:60,(anonymous_4)
FN:61,(anonymous_5)
FN:62,(anonymous_6)
FN:90,(anonymous_7)
FN:91,(anonymous_8)
FN:92,(anonymous_9)
FN:121,(anonymous_10)
FN:122,(anonymous_11)
FN:234,(anonymous_12)
FN:235,(anonymous_13)
FN:236,(anonymous_14)
FN:264,(anonymous_15)
FN:265,(anonymous_16)
FN:274,(anonymous_17)
FN:284,(anonymous_18)
FNF:19
FNH:0
FNDA:0,(anonymous_0)
FNDA:0,(anonymous_1)
FNDA:0,(anonymous_2)
FNDA:0,(anonymous_3)
FNDA:0,(anonymous_4)
FNDA:0,(anonymous_5)
FNDA:0,(anonymous_6)
FNDA:0,(anonymous_7)
FNDA:0,(anonymous_8)
FNDA:0,(anonymous_9)
FNDA:0,(anonymous_10)
FNDA:0,(anonymous_11)
FNDA:0,(anonymous_12)
FNDA:0,(anonymous_13)
FNDA:0,(anonymous_14)
FNDA:0,(anonymous_15)
FNDA:0,(anonymous_16)
FNDA:0,(anonymous_17)
FNDA:0,(anonymous_18)
DA:7,0
DA:8,0
DA:10,0
DA:11,0
DA:14,0
DA:17,0
DA:18,0
DA:22,0
DA:23,0
DA:27,0
DA:28,0
DA:32,0
DA:33,0
DA:37,0
DA:38,0
DA:39,0
DA:40,0
DA:41,0
DA:42,0
DA:43,0
DA:53,0
DA:54,0
DA:55,0
DA:60,0
DA:61,0
DA:62,0
DA:63,0
DA:66,0
DA:85,0
DA:90,0
DA:91,0
DA:92,0
DA:93,0
DA:96,0
DA:116,0
DA:121,0
DA:122,0
DA:125,0
DA:127,0
DA:161,0
DA:163,0
DA:199,0
DA:229,0
DA:234,0
DA:235,0
DA:236,0
DA:237,0
DA:240,0
DA:259,0
DA:264,0
DA:265,0
DA:266,0
DA:267,0
DA:270,0
DA:274,0
DA:275,0
DA:276,0
DA:277,0
DA:278,0
DA:279,0
DA:280,0
DA:284,0
DA:285,0
DA:286,0
DA:287,0
DA:288,0
DA:289,0
DA:290,0
DA:293,0
LF:69
LH:0
BRDA:11,0,0,0
BRDA:11,0,1,0
BRDA:11,1,0,0
BRDA:11,1,1,0
BRDA:17,2,0,0
BRDA:17,2,1,0
BRDA:22,3,0,0
BRDA:22,3,1,0
BRDA:27,4,0,0
BRDA:27,4,1,0
BRDA:32,5,0,0
BRDA:32,5,1,0
BRDA:40,6,0,0
BRDA:40,6,1,0
BRDA:40,7,0,0
BRDA:40,7,1,0
BRDA:42,8,0,0
BRDA:42,8,1,0
BRDA:42,9,0,0
BRDA:42,9,1,0
BRDA:63,10,0,0
BRDA:63,10,1,0
BRDA:77,11,0,0
BRDA:77,11,1,0
BRDA:79,12,0,0
BRDA:79,12,1,0
BRDA:108,13,0,0
BRDA:108,13,1,0
BRDA:125,14,0,0
BRDA:125,14,1,0
BRDA:139,15,0,0
BRDA:139,15,1,0
BRDA:151,16,0,0
BRDA:151,16,1,0
BRDA:161,17,0,0
BRDA:161,17,1,0
BRDA:175,18,0,0
BRDA:175,18,1,0
BRDA:187,19,0,0
BRDA:187,19,1,0
BRDA:207,20,0,0
BRDA:207,20,1,0
BRDA:211,21,0,0
BRDA:211,21,1,0
BRDA:251,22,0,0
BRDA:251,22,1,0
BRDA:253,23,0,0
BRDA:253,23,1,0
BRDA:266,24,0,0
BRDA:266,24,1,0
BRDA:266,25,0,0
BRDA:266,25,1,0
BRDA:275,26,0,0
BRDA:275,26,1,0
BRDA:276,27,0,0
BRDA:276,27,1,0
BRDA:277,28,0,0
BRDA:277,28,1,0
BRDA:278,29,0,0
BRDA:278,29,1,0
BRDA:279,30,0,0
BRDA:279,30,1,0
BRDA:285,31,0,0
BRDA:285,31,1,0
BRDA:286,32,0,0
BRDA:286,32,1,0
BRDA:287,33,0,0
BRDA:287,33,1,0
BRDA:288,34,0,0
BRDA:288,34,1,0
BRDA:289,35,0,0
BRDA:289,35,1,0
BRF:72
BRH:0
end_of_record
TN:
SF:src/components/Cesium/ImageryLayer.jsx
FN:7,(anonymous_0)
FN:14,(anonymous_1)
FN:21,(anonymous_2)
FN:28,(anonymous_3)
FN:34,(anonymous_4)
FN:38,(anonymous_5)
FN:44,(anonymous_6)
FN:50,(anonymous_7)
FN:55,(anonymous_8)
FN:98,(anonymous_9)
FN:105,(anonymous_10)
FN:124,(anonymous_11)
FN:133,(anonymous_12)
FN:135,(anonymous_13)
FN:142,(anonymous_14)
FN:145,(anonymous_15)
FN:174,(anonymous_16)
FN:185,(anonymous_17)
FNF:18
FNH:0
FNDA:0,(anonymous_0)
FNDA:0,(anonymous_1)
FNDA:0,(anonymous_2)
FNDA:0,(anonymous_3)
FNDA:0,(anonymous_4)
FNDA:0,(anonymous_5)
FNDA:0,(anonymous_6)
FNDA:0,(anonymous_7)
FNDA:0,(anonymous_8)
FNDA:0,(anonymous_9)
FNDA:0,(anonymous_10)
FNDA:0,(anonymous_11)
FNDA:0,(anonymous_12)
FNDA:0,(anonymous_13)
FNDA:0,(anonymous_14)
FNDA:0,(anonymous_15)
FNDA:0,(anonymous_16)
FNDA:0,(anonymous_17)
DA:7,0
DA:8,0
DA:11,0
DA:14,0
DA:21,0
DA:28,0
DA:34,0
DA:38,0
DA:44,0
DA:50,0
DA:55,0
DA:56,0
DA:60,0
DA:61,0
DA:62,0
DA:64,0
DA:69,0
DA:71,0
DA:74,0
DA:75,0
DA:78,0
DA:79,0
DA:81,0
DA:82,0
DA:84,0
DA:85,0
DA:87,0
DA:88,0
DA:91,0
DA:94,0
DA:98,0
DA:99,0
DA:100,0
DA:105,0
DA:106,0
DA:109,0
DA:110,0
DA:114,0
DA:115,0
DA:116,0
DA:118,0
DA:123,0
DA:124,0
DA:125,0
DA:126,0
DA:127,0
DA:131,0
DA:133,0
DA:135,0
DA:136,0
DA:142,0
DA:143,0
DA:145,0
DA:146,0
DA:149,0
DA:150,0
DA:154,0
DA:155,0
DA:156,0
DA:160,0
DA:174,0
DA:186,0
DA:195,0
LF:63
LH:0
BRDA:7,0,0,0
BRDA:7,1,0,0
BRDA:56,2,0,0
BRDA:56,2,1,0
BRDA:60,3,0,0
BRDA:60,3,1,0
BRDA:60,4,0,0
BRDA:60,4,1,0
BRDA:62,5,0,0
BRDA:62,5,1,0
BRDA:69,6,0,0
BRDA:69,6,1,0
BRDA:74,7,0,0
BRDA:74,7,1,0
BRDA:78,8,0,0
BRDA:78,8,1,0
BRDA:81,9,0,0
BRDA:81,9,1,0
BRDA:84,10,0,0
BRDA:84,10,1,0
BRDA:87,11,0,0
BRDA:87,11,1,0
BRDA:99,12,0,0
BRDA:99,12,1,0
BRDA:99,13,0,0
BRDA:99,13,1,0
BRDA:106,14,0,0
BRDA:106,14,1,0
BRDA:114,15,0,0
BRDA:114,15,1,0
BRDA:114,16,0,0
BRDA:114,16,1,0
BRDA:116,17,0,0
BRDA:116,17,1,0
BRDA:126,18,0,0
BRDA:126,18,1,0
BRDA:155,19,0,0
BRDA:155,19,1,0
BRDA:195,20,0,0
BRDA:195,20,1,0
BRF:40
BRH:0
end_of_record
TN:
SF:src/components/Cesium/LayerManager.jsx
FN:5,(anonymous_0)
FN:15,(anonymous_1)
FN:18,(anonymous_2)
FN:18,(anonymous_3)
FN:41,(anonymous_4)
FN:51,(anonymous_5)
FN:60,(anonymous_6)
FN:61,(anonymous_7)
FN:65,(anonymous_8)
FN:65,(anonymous_9)
FN:68,(anonymous_10)
FN:69,(anonymous_11)
FN:79,(anonymous_12)
FN:87,(anonymous_13)
FN:93,(anonymous_14)
FN:107,(anonymous_15)
FN:115,(anonymous_16)
FN:128,(anonymous_17)
FNF:18
FNH:0
FNDA:0,(anonymous_0)
FNDA:0,(anonymous_1)
FNDA:0,(anonymous_2)
FNDA:0,(anonymous_3)
FNDA:0,(anonymous_4)
FNDA:0,(anonymous_5)
FNDA:0,(anonymous_6)
FNDA:0,(anonymous_7)
FNDA:0,(anonymous_8)
FNDA:0,(anonymous_9)
FNDA:0,(anonymous_10)
FNDA:0,(anonymous_11)
FNDA:0,(anonymous_12)
FNDA:0,(anonymous_13)
FNDA:0,(anonymous_14)
FNDA:0,(anonymous_15)
FNDA:0,(anonymous_16)
FNDA:0,(anonymous_17)
DA:5,0
DA:6,0
DA:13,0
DA:15,0
DA:16,0
DA:18,0
DA:19,0
DA:20,0
DA:23,0
DA:25,0
DA:26,0
DA:28,0
DA:29,0
DA:32,0
DA:35,0
DA:37,0
DA:41,0
DA:42,0
DA:44,0
DA:51,0
DA:60,0
DA:61,0
DA:62,0
DA:63,0
DA:65,0
DA:68,0
DA:69,0
DA:70,0
DA:71,0
DA:75,0
DA:77,0
DA:79,0
DA:88,0
DA:93,0
DA:107,0
DA:115,0
DA:130,0
LF:37
LH:0
BRDA:16,0,0,0
BRDA:16,0,1,0
BRDA:19,1,0,0
BRDA:19,1,1,0
BRDA:23,2,0,0
BRDA:23,2,1,0
BRDA:23,2,2,0
BRDA:42,3,0,0
BRDA:42,3,1,0
BRDA:62,4,0,0
BRDA:62,4,1,0
BRDA:62,5,0,0
BRDA:62,5,1,0
BRDA:70,6,0,0
BRDA:70,6,1,0
BRDA:70,7,0,0
BRDA:70,7,1,0
BRDA:75,8,0,0
BRDA:75,8,1,0
BRDA:78,9,0,0
BRDA:78,9,1,0
BRDA:81,10,0,0
BRDA:81,10,1,0
BRDA:84,11,0,0
BRDA:84,11,1,0
BRDA:99,12,0,0
BRDA:99,12,1,0
BRDA:99,12,2,0
BRDA:112,13,0,0
BRDA:112,13,1,0
BRF:30
BRH:0
end_of_record
TN:
SF:src/components/Cesium/MeasurementTool.jsx
FN:8,(anonymous_0)
FN:16,(anonymous_1)
FN:17,(anonymous_2)
FN:27,(anonymous_3)
FN:34,(anonymous_4)
FN:37,(anonymous_5)
FN:44,(anonymous_6)
FN:61,(anonymous_7)
FN:71,(anonymous_8)
FN:101,(anonymous_9)
FN:119,(anonymous_10)
FN:147,(anonymous_11)
FN:156,(anonymous_12)
FN:164,(anonymous_13)
FN:172,(anonymous_14)
FN:202,(anonymous_15)
FN:232,(anonymous_16)
FN:241,(anonymous_17)
FN:249,(anonymous_18)
FN:254,(anonymous_19)
FN:294,(anonymous_20)
FN:303,(anonymous_21)
FN:313,(anonymous_22)
FN:337,(anonymous_23)
FN:338,(anonymous_24)
FN:346,(anonymous_25)
FN:354,(anonymous_26)
FN:364,(anonymous_27)
FN:365,(anonymous_28)
FN:376,(anonymous_29)
FN:383,(anonymous_30)
FN:390,(anonymous_31)
FN:406,(anonymous_32)
FNF:33
FNH:0
FNDA:0,(anonymous_0)
FNDA:0,(anonymous_1)
FNDA:0,(anonymous_2)
FNDA:0,(anonymous_3)
FNDA:0,(anonymous_4)
FNDA:0,(anonymous_5)
FNDA:0,(anonymous_6)
FNDA:0,(anonymous_7)
FNDA:0,(anonymous_8)
FNDA:0,(anonymous_9)
FNDA:0,(anonymous_10)
FNDA:0,(anonymous_11)
FNDA:0,(anonymous_12)
FNDA:0,(anonymous_13)
FNDA:0,(anonymous_14)
FNDA:0,(anonymous_15)
FNDA:0,(anonymous_16)
FNDA:0,(anonymous_17)
FNDA:0,(anonymous_18)
FNDA:0,(anonymous_19)
FNDA:0,(anonymous_20)
FNDA:0,(anonymous_21)
FNDA:0,(anonymous_22)
FNDA:0,(anonymous_23)
FNDA:0,(anonymous_24)
FNDA:0,(anonymous_25)
FNDA:0,(anonymous_26)
FNDA:0,(anonymous_27)
FNDA:0,(anonymous_28)
FNDA:0,(anonymous_29)
FNDA:0,(anonymous_30)
FNDA:0,(anonymous_31)
FNDA:0,(anonymous_32)
DA:8,0
DA:9,0
DA:10,0
DA:11,0
DA:12,0
DA:13,0
DA:16,0
DA:17,0
DA:18,0
DA:19,0
DA:22,0
DA:23,0
DA:27,0
DA:28,0
DA:29,0
DA:30,0
DA:34,0
DA:35,0
DA:37,0
DA:38,0
DA:42,0
DA:43,0
DA:44,0
DA:45,0
DA:47,0
DA:49,0
DA:50,0
DA:51,0
DA:52,0
DA:53,0
DA:54,0
DA:57,0
DA:61,0
DA:62,0
DA:64,0
DA:65,0
DA:66,0
DA:68,0
DA:71,0
DA:72,0
DA:73,0
DA:75,0
DA:76,0
DA:81,0
DA:84,0
DA:93,0
DA:96,0
DA:97,0
DA:98,0
DA:101,0
DA:102,0
DA:110,0
DA:113,0
DA:114,0
DA:115,0
DA:119,0
DA:120,0
DA:122,0
DA:123,0
DA:135,0
DA:136,0
DA:138,0
DA:147,0
DA:148,0
DA:149,0
DA:156,0
DA:157,0
DA:159,0
DA:164,0
DA:165,0
DA:167,0
DA:168,0
DA:170,0
DA:172,0
DA:173,0
DA:174,0
DA:176,0
DA:177,0
DA:182,0
DA:185,0
DA:194,0
DA:197,0
DA:198,0
DA:199,0
DA:202,0
DA:203,0
DA:205,0
DA:222,0
DA:224,0
DA:232,0
DA:233,0
DA:234,0
DA:241,0
DA:242,0
DA:244,0
DA:249,0
DA:250,0
DA:252,0
DA:254,0
DA:255,0
DA:256,0
DA:258,0
DA:259,0
DA:262,0
DA:280,0
DA:282,0
DA:294,0
DA:295,0
DA:298,0
DA:303,0
DA:304,0
DA:305,0
DA:306,0
DA:308,0
DA:309,0
DA:313,0
DA:314,0
DA:315,0
DA:317,0
DA:318,0
DA:320,0
DA:322,0
DA:323,0
DA:325,0
DA:326,0
DA:328,0
DA:329,0
DA:331,0
DA:337,0
DA:338,0
DA:341,0
DA:342,0
DA:346,0
DA:347,0
DA:348,0
DA:350,0
DA:354,0
DA:355,0
DA:356,0
DA:358,0
DA:359,0
DA:361,0
DA:364,0
DA:365,0
DA:366,0
DA:370,0
DA:376,0
DA:383,0
DA:390,0
DA:407,0
LF:150
LH:0
BRDA:18,0,0,0
BRDA:18,0,1,0
BRDA:18,1,0,0
BRDA:18,1,1,0
BRDA:28,2,0,0
BRDA:28,2,1,0
BRDA:29,3,0,0
BRDA:29,3,1,0
BRDA:35,4,0,0
BRDA:35,4,1,0
BRDA:38,5,0,0
BRDA:38,5,1,0
BRDA:62,6,0,0
BRDA:62,6,1,0
BRDA:73,7,0,0
BRDA:73,7,1,0
BRDA:96,8,0,0
BRDA:96,8,1,0
BRDA:97,9,0,0
BRDA:97,9,1,0
BRDA:148,10,0,0
BRDA:148,10,1,0
BRDA:152,11,0,0
BRDA:152,11,1,0
BRDA:165,12,0,0
BRDA:165,12,1,0
BRDA:174,13,0,0
BRDA:174,13,1,0
BRDA:197,14,0,0
BRDA:197,14,1,0
BRDA:198,15,0,0
BRDA:198,15,1,0
BRDA:233,16,0,0
BRDA:233,16,1,0
BRDA:237,17,0,0
BRDA:237,17,1,0
BRDA:250,18,0,0
BRDA:250,18,1,0
BRDA:256,19,0,0
BRDA:256,19,1,0
BRDA:304,20,0,0
BRDA:304,20,1,0
BRDA:314,21,0,0
BRDA:314,21,1,0
BRDA:320,22,0,0
BRDA:320,22,1,0
BRDA:320,22,2,0
BRDA:320,22,3,0
BRDA:347,23,0,0
BRDA:347,23,1,0
BRDA:355,24,0,0
BRDA:355,24,1,0
BRDA:358,25,0,0
BRDA:358,25,1,0
BRDA:375,26,0,0
BRDA:375,26,1,0
BRDA:382,27,0,0
BRDA:382,27,1,0
BRDA:389,28,0,0
BRDA:389,28,1,0
BRDA:397,29,0,0
BRDA:397,29,1,0
BRDA:410,30,0,0
BRDA:410,30,1,0
BRDA:410,31,0,0
BRDA:410,31,1,0
BRDA:413,32,0,0
BRDA:413,32,1,0
BRDA:415,33,0,0
BRDA:415,33,1,0
BRDA:425,34,0,0
BRDA:425,34,1,0
BRDA:427,35,0,0
BRDA:427,35,1,0
BRDA:428,36,0,0
BRDA:428,36,1,0
BRDA:429,37,0,0
BRDA:429,37,1,0
BRF:78
BRH:0
end_of_record
TN:
SF:src/components/Cesium/ParticleSystem.jsx
FN:7,(anonymous_0)
FN:10,(anonymous_1)
FN:13,(anonymous_2)
FN:33,(anonymous_3)
FN:42,(anonymous_4)
FN:79,(anonymous_5)
FN:82,(anonymous_6)
FN:102,(anonymous_7)
FN:114,(anonymous_8)
FN:117,(anonymous_9)
FN:143,(anonymous_10)
FN:144,(anonymous_11)
FN:152,(anonymous_12)
FN:176,(anonymous_13)
FNF:14
FNH:0
FNDA:0,(anonymous_0)
FNDA:0,(anonymous_1)
FNDA:0,(anonymous_2)
FNDA:0,(anonymous_3)
FNDA:0,(anonymous_4)
FNDA:0,(anonymous_5)
FNDA:0,(anonymous_6)
FNDA:0,(anonymous_7)
FNDA:0,(anonymous_8)
FNDA:0,(anonymous_9)
FNDA:0,(anonymous_10)
FNDA:0,(anonymous_11)
FNDA:0,(anonymous_12)
FNDA:0,(anonymous_13)
DA:7,0
DA:8,0
DA:10,0
DA:11,0
DA:13,0
DA:14,0
DA:16,0
DA:34,0
DA:39,0
DA:42,0
DA:43,0
DA:46,0
DA:47,0
DA:48,0
DA:49,0
DA:50,0
DA:51,0
DA:52,0
DA:54,0
DA:73,0
DA:76,0
DA:79,0
DA:80,0
DA:82,0
DA:83,0
DA:85,0
DA:104,0
DA:105,0
DA:106,0
DA:111,0
DA:114,0
DA:115,0
DA:117,0
DA:118,0
DA:120,0
DA:140,0
DA:143,0
DA:144,0
DA:145,0
DA:146,0
DA:149,0
DA:152,0
DA:153,0
DA:156,0
DA:159,0
DA:161,0
DA:162,0
DA:164,0
DA:165,0
DA:167,0
DA:168,0
DA:170,0
DA:171,0
DA:173,0
DA:176,0
DA:177,0
DA:182,0
LF:57
LH:0
BRDA:7,0,0,0
BRDA:10,1,0,0
BRDA:11,2,0,0
BRDA:11,2,1,0
BRDA:11,3,0,0
BRDA:11,3,1,0
BRDA:14,4,0,0
BRDA:42,5,0,0
BRDA:43,6,0,0
BRDA:43,6,1,0
BRDA:43,7,0,0
BRDA:43,7,1,0
BRDA:52,8,0,0
BRDA:52,8,1,0
BRDA:52,9,0,0
BRDA:52,9,1,0
BRDA:79,10,0,0
BRDA:80,11,0,0
BRDA:80,11,1,0
BRDA:80,12,0,0
BRDA:80,12,1,0
BRDA:83,13,0,0
BRDA:114,14,0,0
BRDA:115,15,0,0
BRDA:115,15,1,0
BRDA:115,16,0,0
BRDA:115,16,1,0
BRDA:118,17,0,0
BRDA:145,18,0,0
BRDA:145,18,1,0
BRDA:145,19,0,0
BRDA:145,19,1,0
BRDA:153,20,0,0
BRDA:153,20,1,0
BRDA:153,21,0,0
BRDA:153,21,1,0
BRDA:159,22,0,0
BRDA:159,22,1,0
BRDA:159,22,2,0
BRDA:159,22,3,0
BRDA:159,22,4,0
BRF:41
BRH:0
end_of_record
TN:
SF:src/components/Cesium/TerrainLayer.jsx
FN:7,(anonymous_0)
FN:11,(anonymous_1)
FN:14,(anonymous_2)
FN:55,(anonymous_3)
FNF:4
FNH:0
FNDA:0,(anonymous_0)
FNDA:0,(anonymous_1)
FNDA:0,(anonymous_2)
FNDA:0,(anonymous_3)
DA:7,0
DA:8,0
DA:9,0
DA:11,0
DA:12,0
DA:14,0
DA:15,0
DA:16,0
DA:18,0
DA:19,0
DA:21,0
DA:28,0
DA:29,0
DA:32,0
DA:40,0
DA:41,0
DA:42,0
DA:45,0
DA:47,0
DA:48,0
DA:49,0
DA:53,0
DA:55,0
DA:57,0
DA:58,0
DA:68,0
DA:69,0
DA:87,0
DA:88,0
DA:105,0
LF:30
LH:0
BRDA:7,0,0,0
BRDA:12,1,0,0
BRDA:12,1,1,0
BRDA:19,2,0,0
BRDA:19,2,1,0
BRDA:23,3,0,0
BRDA:23,3,1,0
BRDA:24,4,0,0
BRDA:24,4,1,0
BRDA:34,5,0,0
BRDA:34,5,1,0
BRDA:35,6,0,0
BRDA:35,6,1,0
BRDA:40,7,0,0
BRDA:40,7,1,0
BRDA:41,8,0,0
BRDA:41,8,1,0
BRDA:42,9,0,0
BRDA:42,9,1,0
BRDA:57,10,0,0
BRDA:57,10,1,0
BRDA:57,11,0,0
BRDA:57,11,1,0
BRDA:68,12,0,0
BRDA:68,12,1,0
BRDA:87,13,0,0
BRDA:87,13,1,0
BRF:27
BRH:0
end_of_record
TN:
SF:src/components/Cesium/TimeSlider.jsx
FN:8,(anonymous_0)
FN:14,(anonymous_1)
FN:27,(anonymous_2)
FN:36,(anonymous_3)
FN:47,(anonymous_4)
FN:54,(anonymous_5)
FN:65,(anonymous_6)
FN:77,(anonymous_7)
FN:83,(anonymous_8)
FN:90,(anonymous_9)
FN:93,(anonymous_10)
FN:112,(anonymous_11)
FN:116,(anonymous_12)
FN:169,(anonymous_13)
FN:185,(anonymous_14)
FNF:15
FNH:0
FNDA:0,(anonymous_0)
FNDA:0,(anonymous_1)
FNDA:0,(anonymous_2)
FNDA:0,(anonymous_3)
FNDA:0,(anonymous_4)
FNDA:0,(anonymous_5)
FNDA:0,(anonymous_6)
FNDA:0,(anonymous_7)
FNDA:0,(anonymous_8)
FNDA:0,(anonymous_9)
FNDA:0,(anonymous_10)
FNDA:0,(anonymous_11)
FNDA:0,(anonymous_12)
FNDA:0,(anonymous_13)
FNDA:0,(anonymous_14)
DA:8,0
DA:9,0
DA:10,0
DA:11,0
DA:14,0
DA:15,0
DA:16,0
DA:17,0
DA:27,0
DA:28,0
DA:29,0
DA:30,0
DA:31,0
DA:32,0
DA:36,0
DA:37,0
DA:38,0
DA:39,0
DA:40,0
DA:41,0
DA:42,0
DA:47,0
DA:48,0
DA:49,0
DA:50,0
DA:54,0
DA:55,0
DA:56,0
DA:57,0
DA:58,0
DA:59,0
DA:60,0
DA:61,0
DA:65,0
DA:66,0
DA:67,0
DA:68,0
DA:69,0
DA:70,0
DA:71,0
DA:72,0
DA:77,0
DA:78,0
DA:79,0
DA:83,0
DA:84,0
DA:85,0
DA:90,0
DA:91,0
DA:93,0
DA:94,0
DA:95,0
DA:96,0
DA:97,0
DA:99,0
DA:100,0
DA:101,0
DA:102,0
DA:104,0
DA:105,0
DA:106,0
DA:109,0
DA:112,0
DA:116,0
DA:117,0
DA:118,0
DA:121,0
DA:123,0
DA:125,0
DA:169,0
DA:185,0
LF:71
LH:0
BRDA:15,0,0,0
BRDA:15,0,1,0
BRDA:28,1,0,0
BRDA:28,1,1,0
BRDA:28,2,0,0
BRDA:28,2,1,0
BRDA:28,2,2,0
BRDA:38,3,0,0
BRDA:38,3,1,0
BRDA:38,4,0,0
BRDA:38,4,1,0
BRDA:55,5,0,0
BRDA:55,5,1,0
BRDA:55,6,0,0
BRDA:55,6,1,0
BRDA:55,6,2,0
BRDA:66,7,0,0
BRDA:66,7,1,0
BRDA:66,8,0,0
BRDA:66,8,1,0
BRDA:66,8,2,0
BRDA:78,9,0,0
BRDA:78,9,1,0
BRDA:84,10,0,0
BRDA:84,10,1,0
BRDA:91,11,0,0
BRDA:91,11,1,0
BRDA:91,12,0,0
BRDA:91,12,1,0
BRDA:91,12,2,0
BRDA:100,13,0,0
BRDA:100,13,1,0
BRDA:101,14,0,0
BRDA:101,14,1,0
BRDA:117,15,0,0
BRDA:117,15,1,0
BRDA:117,16,0,0
BRDA:117,16,1,0
BRDA:121,17,0,0
BRDA:121,17,1,0
BRDA:121,18,0,0
BRDA:121,18,1,0
BRDA:155,19,0,0
BRDA:155,19,1,0
BRDA:156,20,0,0
BRDA:156,20,1,0
BRF:46
BRH:0
end_of_record
TN:
SF:src/components/Cesium/index.js
FNF:0
FNH:0
LF:0
LH:0
BRF:0
BRH:0
end_of_record
TN:
SF:src/components/Common/ErrorBoundary.jsx
FN:8,(anonymous_0)
FN:13,(anonymous_1)
FN:17,(anonymous_2)
FN:22,(anonymous_3)
FN:26,(anonymous_4)
FNF:5
FNH:0
FNDA:0,(anonymous_0)
FNDA:0,(anonymous_1)
FNDA:0,(anonymous_2)
FNDA:0,(anonymous_3)
FNDA:0,(anonymous_4)
DA:9,0
DA:10,0
DA:14,0
DA:18,0
DA:19,0
DA:22,0
DA:23,0
DA:27,0
DA:28,0
DA:29,0
DA:32,0
DA:56,0
DA:60,0
LF:13
LH:0
BRDA:27,0,0,0
BRDA:27,0,1,0
BRDA:28,1,0,0
BRDA:28,1,1,0
BRDA:39,2,0,0
BRDA:39,2,1,0
BRF:6
BRH:0
end_of_record
TN:
SF:src/components/Common/Loading.jsx
FN:13,(anonymous_0)
FNF:1
FNH:0
FNDA:0,(anonymous_0)
DA:13,0
DA:14,0
DA:15,0
DA:22,0
DA:23,0
DA:30,0
LF:6
LH:0
BRDA:13,0,0,0
BRDA:13,1,0,0
BRDA:13,2,0,0
BRDA:13,3,0,0
BRDA:14,4,0,0
BRDA:14,4,1,0
BRDA:22,5,0,0
BRDA:22,5,1,0
BRF:8
BRH:0
end_of_record
TN:
SF:src/components/Layout/AppLayout.jsx
FN:27,(anonymous_0)
FN:80,(anonymous_1)
FN:92,(anonymous_2)
FN:93,(anonymous_3)
FN:105,(anonymous_4)
FN:111,(anonymous_5)
FN:120,(anonymous_6)
FN:158,(anonymous_7)
FN:179,(anonymous_8)
FNF:9
FNH:0
FNDA:0,(anonymous_0)
FNDA:0,(anonymous_1)
FNDA:0,(anonymous_2)
FNDA:0,(anonymous_3)
FNDA:0,(anonymous_4)
FNDA:0,(anonymous_5)
FNDA:0,(anonymous_6)
FNDA:0,(anonymous_7)
FNDA:0,(anonymous_8)
DA:20,0
DA:21,0
DA:27,0
DA:28,0
DA:29,0
DA:30,0
DA:31,0
DA:34,0
DA:80,0
DA:81,0
DA:82,0
DA:83,0
DA:84,0
DA:85,0
DA:86,0
DA:87,0
DA:88,0
DA:92,0
DA:93,0
DA:94,0
DA:95,0
DA:100,0
DA:105,0
DA:111,0
DA:121,0
DA:122,0
DA:127,0
DA:158,0
DA:179,0
LF:29
LH:0
BRDA:82,0,0,0
BRDA:82,0,1,0
BRDA:83,1,0,0
BRDA:83,1,1,0
BRDA:84,2,0,0
BRDA:84,2,1,0
BRDA:85,3,0,0
BRDA:85,3,1,0
BRDA:86,4,0,0
BRDA:86,4,1,0
BRDA:87,5,0,0
BRDA:87,5,1,0
BRDA:94,6,0,0
BRDA:94,6,1,0
BRDA:140,7,0,0
BRDA:140,7,1,0
BRDA:157,8,0,0
BRDA:157,8,1,0
BRDA:169,9,0,0
BRDA:169,9,1,0
BRDA:169,10,0,0
BRDA:169,10,1,0
BRDA:173,11,0,0
BRDA:173,11,1,0
BRDA:174,12,0,0
BRDA:174,12,1,0
BRF:26
BRH:0
end_of_record
TN:
SF:src/components/ModelCard/ModelCard.jsx
FN:4,(anonymous_0)
FN:5,(anonymous_1)
FN:15,(anonymous_2)
FN:30,(anonymous_3)
FN:54,(anonymous_4)
FN:79,(anonymous_5)
FN:88,(anonymous_6)
FNF:7
FNH:5
FNDA:8,(anonymous_0)
FNDA:8,(anonymous_1)
FNDA:8,(anonymous_2)
FNDA:1,(anonymous_3)
FNDA:14,(anonymous_4)
FNDA:0,(anonymous_5)
FNDA:0,(anonymous_6)
DA:4,1
DA:5,8
DA:6,8
DA:12,8
DA:15,8
DA:16,8
DA:18,0
DA:20,0
DA:23,8
DA:27,8
DA:29,8
DA:30,1
DA:55,14
DA:80,0
DA:81,0
DA:89,0
DA:90,0
LF:17
LH:11
BRDA:12,0,0,8
BRDA:12,0,1,0
BRDA:16,1,0,0
BRDA:16,1,1,0
BRDA:16,1,2,0
BRDA:16,1,3,8
BRDA:33,2,0,0
BRDA:33,2,1,8
BRDA:34,3,0,0
BRDA:34,3,1,8
BRDA:35,4,0,0
BRDA:35,4,1,8
BRDA:50,5,0,8
BRDA:50,5,1,1
BRDA:61,6,0,8
BRDA:61,6,1,8
BRDA:64,7,0,8
BRDA:64,7,1,8
BRDA:67,8,0,8
BRDA:67,8,1,8
BRDA:74,9,0,8
BRDA:74,9,1,8
BRF:22
BRH:15
end_of_record
TN:
SF:src/components/ModelCard/index.js
FNF:0
FNH:0
LF:0
LH:0
BRF:0
BRH:0
end_of_record
TN:
SF:src/components/ModelForm/ModelForm.jsx
FN:4,(anonymous_0)
FN:20,(anonymous_1)
FN:32,(anonymous_2)
FN:39,(anonymous_3)
FN:49,(anonymous_4)
FN:52,(anonymous_5)
FN:65,(anonymous_6)
FN:75,(anonymous_7)
FN:86,(anonymous_8)
FN:97,(anonymous_9)
FN:109,(anonymous_10)
FN:126,(anonymous_11)
FN:127,(anonymous_12)
FN:133,(anonymous_13)
FN:136,(anonymous_14)
FN:152,(anonymous_15)
FN:164,(anonymous_16)
FN:177,(anonymous_17)
FNF:18
FNH:0
FNDA:0,(anonymous_0)
FNDA:0,(anonymous_1)
FNDA:0,(anonymous_2)
FNDA:0,(anonymous_3)
FNDA:0,(anonymous_4)
FNDA:0,(anonymous_5)
FNDA:0,(anonymous_6)
FNDA:0,(anonymous_7)
FNDA:0,(anonymous_8)
FNDA:0,(anonymous_9)
FNDA:0,(anonymous_10)
FNDA:0,(anonymous_11)
FNDA:0,(anonymous_12)
FNDA:0,(anonymous_13)
FNDA:0,(anonymous_14)
FNDA:0,(anonymous_15)
FNDA:0,(anonymous_16)
FNDA:0,(anonymous_17)
DA:4,0
DA:5,0
DA:17,0
DA:18,0
DA:20,0
DA:21,0
DA:22,0
DA:23,0
DA:25,0
DA:26,0
DA:28,0
DA:29,0
DA:32,0
DA:33,0
DA:34,0
DA:35,0
DA:39,0
DA:40,0
DA:41,0
DA:45,0
DA:49,0
DA:50,0
DA:52,0
DA:56,0
DA:65,0
DA:75,0
DA:86,0
DA:97,0
DA:109,0
DA:126,0
DA:127,0
DA:134,0
DA:136,0
DA:152,0
DA:164,0
DA:177,0
LF:36
LH:0
BRDA:6,0,0,0
BRDA:6,0,1,0
BRDA:7,1,0,0
BRDA:7,1,1,0
BRDA:8,2,0,0
BRDA:8,2,1,0
BRDA:9,3,0,0
BRDA:9,3,1,0
BRDA:10,4,0,0
BRDA:10,4,1,0
BRDA:11,5,0,0
BRDA:11,5,1,0
BRDA:12,6,0,0
BRDA:12,6,1,0
BRDA:13,7,0,0
BRDA:13,7,1,0
BRDA:22,8,0,0
BRDA:22,8,1,0
BRDA:25,9,0,0
BRDA:25,9,1,0
BRDA:34,10,0,0
BRDA:34,10,1,0
BRDA:40,11,0,0
BRDA:40,11,1,0
BRDA:40,12,0,0
BRDA:40,12,1,0
BRDA:58,13,0,0
BRDA:58,13,1,0
BRDA:68,14,0,0
BRDA:68,14,1,0
BRDA:89,15,0,0
BRDA:89,15,1,0
BRDA:127,16,0,0
BRDA:127,16,1,0
BRDA:192,17,0,0
BRDA:192,17,1,0
BRF:36
BRH:0
end_of_record
TN:
SF:src/components/ModelForm/index.js
FNF:0
FNH:0
LF:0
LH:0
BRF:0
BRH:0
end_of_record
TN:
SF:src/components/Presentation/PresentationMode.jsx
FN:9,(anonymous_0)
FN:20,(anonymous_1)
FN:22,(anonymous_2)
FN:26,(anonymous_3)
FN:28,(anonymous_4)
FN:32,(anonymous_5)
FN:45,(anonymous_6)
FN:54,(anonymous_7)
FN:54,(anonymous_8)
FN:55,(anonymous_9)
FN:55,(anonymous_10)
FN:56,(anonymous_11)
FN:65,(anonymous_12)
FN:67,(anonymous_13)
FN:68,(anonymous_14)
FN:80,(anonymous_15)
FN:153,(anonymous_16)
FN:157,(anonymous_17)
FN:186,(anonymous_18)
FN:193,(anonymous_19)
FN:200,(anonymous_20)
FN:210,(anonymous_21)
FNF:22
FNH:0
FNDA:0,(anonymous_0)
FNDA:0,(anonymous_1)
FNDA:0,(anonymous_2)
FNDA:0,(anonymous_3)
FNDA:0,(anonymous_4)
FNDA:0,(anonymous_5)
FNDA:0,(anonymous_6)
FNDA:0,(anonymous_7)
FNDA:0,(anonymous_8)
FNDA:0,(anonymous_9)
FNDA:0,(anonymous_10)
FNDA:0,(anonymous_11)
FNDA:0,(anonymous_12)
FNDA:0,(anonymous_13)
FNDA:0,(anonymous_14)
FNDA:0,(anonymous_15)
FNDA:0,(anonymous_16)
FNDA:0,(anonymous_17)
FNDA:0,(anonymous_18)
FNDA:0,(anonymous_19)
FNDA:0,(anonymous_20)
FNDA:0,(anonymous_21)
DA:9,0
DA:10,0
DA:11,0
DA:12,0
DA:13,0
DA:14,0
DA:15,0
DA:17,0
DA:20,0
DA:21,0
DA:22,0
DA:26,0
DA:27,0
DA:28,0
DA:32,0
DA:33,0
DA:34,0
DA:35,0
DA:40,0
DA:41,0
DA:42,0
DA:43,0
DA:44,0
DA:45,0
DA:46,0
DA:47,0
DA:48,0
DA:49,0
DA:51,0
DA:54,0
DA:55,0
DA:56,0
DA:57,0
DA:58,0
DA:60,0
DA:65,0
DA:66,0
DA:67,0
DA:68,0
DA:69,0
DA:70,0
DA:71,0
DA:73,0
DA:77,0
DA:80,0
DA:84,0
DA:86,0
DA:154,0
DA:157,0
DA:186,0
DA:193,0
DA:200,0
DA:210,0
LF:53
LH:0
BRDA:9,0,0,0
BRDA:21,1,0,0
BRDA:21,1,1,0
BRDA:27,2,0,0
BRDA:27,2,1,0
BRDA:33,3,0,0
BRDA:33,3,1,0
BRDA:33,4,0,0
BRDA:33,4,1,0
BRDA:46,5,0,0
BRDA:46,5,1,0
BRDA:48,6,0,0
BRDA:48,6,1,0
BRDA:57,7,0,0
BRDA:57,7,1,0
BRDA:66,8,0,0
BRDA:66,8,1,0
BRDA:69,9,0,0
BRDA:69,9,1,0
BRDA:91,10,0,0
BRDA:91,10,1,0
BRDA:94,11,0,0
BRDA:94,11,1,0
BRDA:95,12,0,0
BRDA:95,12,1,0
BRDA:99,13,0,0
BRDA:99,13,1,0
BRDA:108,14,0,0
BRDA:108,14,1,0
BRDA:114,15,0,0
BRDA:114,15,1,0
BRDA:118,16,0,0
BRDA:118,16,1,0
BRDA:127,17,0,0
BRDA:127,17,1,0
BRDA:134,18,0,0
BRDA:134,18,1,0
BRDA:142,19,0,0
BRDA:142,19,1,0
BRDA:142,19,2,0
BRDA:150,20,0,0
BRDA:150,20,1,0
BRDA:156,21,0,0
BRDA:156,21,1,0
BRDA:185,22,0,0
BRDA:185,22,1,0
BRDA:189,23,0,0
BRDA:189,23,1,0
BRDA:192,24,0,0
BRDA:192,24,1,0
BRDA:199,25,0,0
BRDA:199,25,1,0
BRF:52
BRH:0
end_of_record
TN:
SF:src/components/Presentation/index.js
FNF:0
FNH:0
LF:0
LH:0
BRF:0
BRH:0
end_of_record
TN:
SF:src/components/SensitivityAnalysis/SensitivityAnalysis.jsx
FN:12,(anonymous_0)
FN:26,(anonymous_1)
FN:27,(anonymous_2)
FN:38,(anonymous_3)
FN:39,(anonymous_4)
FN:39,(anonymous_5)
FN:45,(anonymous_6)
FN:46,(anonymous_7)
FN:46,(anonymous_8)
FN:50,(anonymous_9)
FN:76,(anonymous_10)
FN:79,(anonymous_11)
FN:80,(anonymous_12)
FN:81,(anonymous_13)
FN:95,(anonymous_14)
FN:96,(anonymous_15)
FN:100,(anonymous_16)
FN:104,(anonymous_17)
FN:112,(anonymous_18)
FN:115,(anonymous_19)
FN:128,(anonymous_20)
FN:134,(anonymous_21)
FN:140,(anonymous_22)
FN:155,(anonymous_23)
FN:167,(anonymous_24)
FN:177,(anonymous_25)
FN:188,(anonymous_26)
FN:200,(anonymous_27)
FN:206,(anonymous_28)
FN:215,(anonymous_29)
FN:222,(anonymous_30)
FN:228,(anonymous_31)
FN:234,(anonymous_32)
FN:239,(anonymous_33)
FN:265,(anonymous_34)
FN:269,(anonymous_35)
FN:273,(anonymous_36)
FN:334,(anonymous_37)
FN:358,calculatePearsonCorrelation
FN:360,(anonymous_39)
FN:361,(anonymous_40)
FN:362,(anonymous_41)
FN:363,(anonymous_42)
FN:364,(anonymous_43)
FN:373,calculateStandardizedRegression
FN:374,(anonymous_45)
FN:375,(anonymous_46)
FN:377,(anonymous_47)
FN:378,(anonymous_48)
FNF:49
FNH:0
FNDA:0,(anonymous_0)
FNDA:0,(anonymous_1)
FNDA:0,(anonymous_2)
FNDA:0,(anonymous_3)
FNDA:0,(anonymous_4)
FNDA:0,(anonymous_5)
FNDA:0,(anonymous_6)
FNDA:0,(anonymous_7)
FNDA:0,(anonymous_8)
FNDA:0,(anonymous_9)
FNDA:0,(anonymous_10)
FNDA:0,(anonymous_11)
FNDA:0,(anonymous_12)
FNDA:0,(anonymous_13)
FNDA:0,(anonymous_14)
FNDA:0,(anonymous_15)
FNDA:0,(anonymous_16)
FNDA:0,(anonymous_17)
FNDA:0,(anonymous_18)
FNDA:0,(anonymous_19)
FNDA:0,(anonymous_20)
FNDA:0,(anonymous_21)
FNDA:0,(anonymous_22)
FNDA:0,(anonymous_23)
FNDA:0,(anonymous_24)
FNDA:0,(anonymous_25)
FNDA:0,(anonymous_26)
FNDA:0,(anonymous_27)
FNDA:0,(anonymous_28)
FNDA:0,(anonymous_29)
FNDA:0,(anonymous_30)
FNDA:0,(anonymous_31)
FNDA:0,(anonymous_32)
FNDA:0,(anonymous_33)
FNDA:0,(anonymous_34)
FNDA:0,(anonymous_35)
FNDA:0,(anonymous_36)
FNDA:0,(anonymous_37)
FNDA:0,calculatePearsonCorrelation
FNDA:0,(anonymous_39)
FNDA:0,(anonymous_40)
FNDA:0,(anonymous_41)
FNDA:0,(anonymous_42)
FNDA:0,(anonymous_43)
FNDA:0,calculateStandardizedRegression
FNDA:0,(anonymous_45)
FNDA:0,(anonymous_46)
FNDA:0,(anonymous_47)
FNDA:0,(anonymous_48)
DA:12,0
DA:13,0
DA:14,0
DA:15,0
DA:16,0
DA:17,0
DA:18,0
DA:26,0
DA:27,0
DA:38,0
DA:39,0
DA:40,0
DA:45,0
DA:46,0
DA:50,0
DA:51,0
DA:52,0
DA:53,0
DA:56,0
DA:57,0
DA:58,0
DA:65,0
DA:66,0
DA:68,0
DA:69,0
DA:71,0
DA:76,0
DA:77,0
DA:79,0
DA:80,0
DA:81,0
DA:84,0
DA:87,0
DA:89,0
DA:95,0
DA:96,0
DA:100,0
DA:101,0
DA:103,0
DA:104,0
DA:112,0
DA:113,0
DA:115,0
DA:121,0
DA:128,0
DA:134,0
DA:140,0
DA:155,0
DA:167,0
DA:177,0
DA:188,0
DA:201,0
DA:206,0
DA:215,0
DA:222,0
DA:228,0
DA:234,0
DA:239,0
DA:265,0
DA:270,0
DA:273,0
DA:335,0
DA:359,0
DA:360,0
DA:361,0
DA:362,0
DA:363,0
DA:364,0
DA:366,0
DA:367,0
DA:369,0
DA:374,0
DA:375,0
DA:377,0
DA:378,0
DA:380,0
DA:382,0
LF:77
LH:0
BRDA:40,0,0,0
BRDA:40,0,1,0
BRDA:51,1,0,0
BRDA:51,1,1,0
BRDA:77,2,0,0
BRDA:77,2,1,0
BRDA:77,3,0,0
BRDA:77,3,1,0
BRDA:101,4,0,0
BRDA:101,4,1,0
BRDA:113,5,0,0
BRDA:113,5,1,0
BRDA:113,6,0,0
BRDA:113,6,1,0
BRDA:127,7,0,0
BRDA:127,7,1,0
BRDA:133,8,0,0
BRDA:133,8,1,0
BRDA:139,9,0,0
BRDA:139,9,1,0
BRDA:253,10,0,0
BRDA:253,10,1,0
BRDA:255,11,0,0
BRDA:255,11,1,0
BRDA:260,12,0,0
BRDA:260,12,1,0
BRDA:264,13,0,0
BRDA:264,13,1,0
BRDA:272,14,0,0
BRDA:272,14,1,0
BRDA:281,15,0,0
BRDA:281,15,1,0
BRDA:369,16,0,0
BRDA:369,16,1,0
BRDA:382,17,0,0
BRDA:382,17,1,0
BRF:36
BRH:0
end_of_record
TN:
SF:src/components/WorkflowEditor/EdgeTypes.jsx
FN:8,(anonymous_0)
FN:28,(anonymous_1)
FN:71,(anonymous_2)
FN:91,(anonymous_3)
FNF:4
FNH:0
FNDA:0,(anonymous_0)
FNDA:0,(anonymous_1)
FNDA:0,(anonymous_2)
FNDA:0,(anonymous_3)
DA:8,0
DA:19,0
DA:28,0
DA:29,0
DA:30,0
DA:33,0
DA:71,0
DA:82,0
DA:91,0
DA:92,0
DA:93,0
DA:96,0
DA:138,0
LF:13
LH:0
BRDA:39,0,0,0
BRDA:39,0,1,0
BRDA:40,1,0,0
BRDA:40,1,1,0
BRDA:52,2,0,0
BRDA:52,2,1,0
BRDA:102,3,0,0
BRDA:102,3,1,0
BRDA:103,4,0,0
BRDA:103,4,1,0
BRDA:117,5,0,0
BRDA:117,5,1,0
BRDA:120,6,0,0
BRDA:120,6,1,0
BRF:14
BRH:0
end_of_record
TN:
SF:src/components/WorkflowEditor/ModelNode.jsx
FN:5,(anonymous_0)
FN:8,(anonymous_1)
FN:56,(anonymous_2)
FN:66,(anonymous_3)
FNF:4
FNH:0
FNDA:0,(anonymous_0)
FNDA:0,(anonymous_1)
FNDA:0,(anonymous_2)
FNDA:0,(anonymous_3)
DA:5,0
DA:6,0
DA:8,0
DA:9,0
DA:11,0
DA:13,0
DA:15,0
DA:17,0
DA:21,0
DA:57,0
DA:58,0
DA:67,0
DA:68,0
LF:13
LH:0
BRDA:9,0,0,0
BRDA:9,0,1,0
BRDA:9,0,2,0
BRDA:9,0,3,0
BRDA:22,1,0,0
BRDA:22,1,1,0
BRDA:31,2,0,0
BRDA:31,2,1,0
BRDA:32,3,0,0
BRDA:32,3,1,0
BRDA:33,4,0,0
BRDA:33,4,1,0
BRDA:34,5,0,0
BRDA:34,5,1,0
BRDA:40,6,0,0
BRDA:40,6,1,0
BRDA:44,7,0,0
BRDA:44,7,1,0
BRDA:46,8,0,0
BRDA:46,8,1,0
BRDA:47,9,0,0
BRDA:47,9,1,0
BRDA:48,10,0,0
BRDA:48,10,1,0
BRF:24
BRH:0
end_of_record
TN:
SF:src/components/WorkflowEditor/NodeTypes.jsx
FN:18,(anonymous_0)
FN:21,(anonymous_1)
FN:34,(anonymous_2)
FN:50,(anonymous_3)
FN:51,(anonymous_4)
FN:101,(anonymous_5)
FN:107,(anonymous_6)
FN:108,(anonymous_7)
FN:150,(anonymous_8)
FN:156,(anonymous_9)
FN:157,(anonymous_10)
FN:199,(anonymous_11)
FN:205,(anonymous_12)
FN:222,(anonymous_13)
FN:228,(anonymous_14)
FNF:15
FNH:0
FNDA:0,(anonymous_0)
FNDA:0,(anonymous_1)
FNDA:0,(anonymous_2)
FNDA:0,(anonymous_3)
FNDA:0,(anonymous_4)
FNDA:0,(anonymous_5)
FNDA:0,(anonymous_6)
FNDA:0,(anonymous_7)
FNDA:0,(anonymous_8)
FNDA:0,(anonymous_9)
FNDA:0,(anonymous_10)
FNDA:0,(anonymous_11)
FNDA:0,(anonymous_12)
FNDA:0,(anonymous_13)
FNDA:0,(anonymous_14)
DA:18,0
DA:19,0
DA:21,0
DA:22,0
DA:24,0
DA:26,0
DA:28,0
DA:30,0
DA:34,0
DA:35,0
DA:37,0
DA:39,0
DA:41,0
DA:43,0
DA:47,0
DA:50,0
DA:51,0
DA:101,0
DA:102,0
DA:104,0
DA:107,0
DA:108,0
DA:150,0
DA:151,0
DA:153,0
DA:156,0
DA:157,0
DA:199,0
DA:200,0
DA:202,0
DA:205,0
DA:222,0
DA:223,0
DA:225,0
DA:228,0
DA:245,0
LF:36
LH:0
BRDA:19,0,0,0
BRDA:22,1,0,0
BRDA:22,1,1,0
BRDA:22,1,2,0
BRDA:22,1,3,0
BRDA:35,2,0,0
BRDA:35,2,1,0
BRDA:35,2,2,0
BRDA:35,2,3,0
BRDA:49,3,0,0
BRDA:49,3,1,0
BRDA:65,4,0,0
BRDA:65,4,1,0
BRDA:72,5,0,0
BRDA:72,5,1,0
BRDA:78,6,0,0
BRDA:78,6,1,0
BRDA:81,7,0,0
BRDA:81,7,1,0
BRDA:82,8,0,0
BRDA:82,8,1,0
BRDA:106,9,0,0
BRDA:106,9,1,0
BRDA:116,10,0,0
BRDA:116,10,1,0
BRDA:121,11,0,0
BRDA:121,11,1,0
BRDA:127,12,0,0
BRDA:127,12,1,0
BRDA:155,13,0,0
BRDA:155,13,1,0
BRDA:171,14,0,0
BRDA:171,14,1,0
BRDA:176,15,0,0
BRDA:176,15,1,0
BRDA:182,16,0,0
BRDA:182,16,1,0
BRDA:204,17,0,0
BRDA:204,17,1,0
BRDA:227,18,0,0
BRDA:227,18,1,0
BRF:41
BRH:0
end_of_record
TN:
SF:src/components/WorkflowEditor/WorkflowCanvas.jsx
FN:34,(anonymous_0)
FN:56,(anonymous_1)
FN:66,(anonymous_2)
FN:78,(anonymous_3)
FN:85,(anonymous_4)
FN:94,(anonymous_5)
FN:95,(anonymous_6)
FN:95,(anonymous_7)
FN:103,(anonymous_8)
FN:108,(anonymous_9)
FN:114,(anonymous_10)
FN:126,(anonymous_11)
FN:140,(anonymous_12)
FN:141,(anonymous_13)
FN:141,(anonymous_14)
FN:142,(anonymous_15)
FN:143,(anonymous_16)
FN:155,(anonymous_17)
FN:165,(anonymous_18)
FN:174,(anonymous_19)
FN:180,(anonymous_20)
FN:213,(anonymous_21)
FN:221,(anonymous_22)
FN:231,(anonymous_23)
FN:241,(anonymous_24)
FN:251,(anonymous_25)
FN:253,(anonymous_26)
FN:259,(anonymous_27)
FN:277,(anonymous_28)
FN:287,(anonymous_29)
FN:297,(anonymous_30)
FN:310,(anonymous_31)
FN:325,(anonymous_32)
FN:329,(anonymous_33)
FN:333,(anonymous_34)
FN:352,(anonymous_35)
FN:353,(anonymous_36)
FN:355,(anonymous_37)
FN:356,(anonymous_38)
FN:378,(anonymous_39)
FN:389,(anonymous_40)
FN:400,(anonymous_41)
FN:413,(anonymous_42)
FN:434,(anonymous_43)
FN:435,(anonymous_44)
FN:468,(anonymous_45)
FN:474,(anonymous_46)
FN:497,(anonymous_47)
FN:515,(anonymous_48)
FN:530,(anonymous_49)
FN:549,(anonymous_50)
FNF:51
FNH:0
FNDA:0,(anonymous_0)
FNDA:0,(anonymous_1)
FNDA:0,(anonymous_2)
FNDA:0,(anonymous_3)
FNDA:0,(anonymous_4)
FNDA:0,(anonymous_5)
FNDA:0,(anonymous_6)
FNDA:0,(anonymous_7)
FNDA:0,(anonymous_8)
FNDA:0,(anonymous_9)
FNDA:0,(anonymous_10)
FNDA:0,(anonymous_11)
FNDA:0,(anonymous_12)
FNDA:0,(anonymous_13)
FNDA:0,(anonymous_14)
FNDA:0,(anonymous_15)
FNDA:0,(anonymous_16)
FNDA:0,(anonymous_17)
FNDA:0,(anonymous_18)
FNDA:0,(anonymous_19)
FNDA:0,(anonymous_20)
FNDA:0,(anonymous_21)
FNDA:0,(anonymous_22)
FNDA:0,(anonymous_23)
FNDA:0,(anonymous_24)
FNDA:0,(anonymous_25)
FNDA:0,(anonymous_26)
FNDA:0,(anonymous_27)
FNDA:0,(anonymous_28)
FNDA:0,(anonymous_29)
FNDA:0,(anonymous_30)
FNDA:0,(anonymous_31)
FNDA:0,(anonymous_32)
FNDA:0,(anonymous_33)
FNDA:0,(anonymous_34)
FNDA:0,(anonymous_35)
FNDA:0,(anonymous_36)
FNDA:0,(anonymous_37)
FNDA:0,(anonymous_38)
FNDA:0,(anonymous_39)
FNDA:0,(anonymous_40)
FNDA:0,(anonymous_41)
FNDA:0,(anonymous_42)
FNDA:0,(anonymous_43)
FNDA:0,(anonymous_44)
FNDA:0,(anonymous_45)
FNDA:0,(anonymous_46)
FNDA:0,(anonymous_47)
FNDA:0,(anonymous_48)
FNDA:0,(anonymous_49)
FNDA:0,(anonymous_50)
DA:27,0
DA:30,0
DA:31,0
DA:34,0
DA:42,0
DA:43,0
DA:44,0
DA:45,0
DA:46,0
DA:47,0
DA:48,0
DA:49,0
DA:50,0
DA:51,0
DA:53,0
DA:56,0
DA:57,0
DA:58,0
DA:59,0
DA:60,0
DA:61,0
DA:66,0
DA:67,0
DA:68,0
DA:72,0
DA:73,0
DA:77,0
DA:79,0
DA:85,0
DA:86,0
DA:87,0
DA:93,0
DA:95,0
DA:96,0
DA:97,0
DA:103,0
DA:104,0
DA:108,0
DA:109,0
DA:110,0
DA:114,0
DA:115,0
DA:116,0
DA:117,0
DA:125,0
DA:127,0
DA:128,0
DA:129,0
DA:139,0
DA:141,0
DA:142,0
DA:143,0
DA:145,0
DA:146,0
DA:147,0
DA:148,0
DA:154,0
DA:156,0
DA:165,0
DA:166,0
DA:167,0
DA:168,0
DA:174,0
DA:175,0
DA:176,0
DA:179,0
DA:181,0
DA:183,0
DA:184,0
DA:186,0
DA:188,0
DA:193,0
DA:204,0
DA:205,0
DA:206,0
DA:213,0
DA:214,0
DA:215,0
DA:221,0
DA:222,0
DA:223,0
DA:224,0
DA:225,0
DA:226,0
DA:231,0
DA:232,0
DA:233,0
DA:234,0
DA:235,0
DA:236,0
DA:241,0
DA:242,0
DA:243,0
DA:244,0
DA:245,0
DA:246,0
DA:247,0
DA:251,0
DA:252,0
DA:253,0
DA:259,0
DA:267,0
DA:268,0
DA:269,0
DA:270,0
DA:272,0
DA:277,0
DA:278,0
DA:279,0
DA:280,0
DA:282,0
DA:287,0
DA:288,0
DA:289,0
DA:290,0
DA:291,0
DA:293,0
DA:298,0
DA:305,0
DA:310,0
DA:311,0
DA:312,0
DA:315,0
DA:316,0
DA:317,0
DA:318,0
DA:319,0
DA:320,0
DA:321,0
DA:325,0
DA:326,0
DA:327,0
DA:328,0
DA:329,0
DA:330,0
DA:331,0
DA:332,0
DA:333,0
DA:334,0
DA:335,0
DA:336,0
DA:337,0
DA:338,0
DA:339,0
DA:340,0
DA:342,0
DA:345,0
DA:348,0
DA:352,0
DA:353,0
DA:354,0
DA:355,0
DA:356,0
DA:357,0
DA:365,0
DA:366,0
DA:368,0
DA:373,0
DA:379,0
DA:380,0
DA:382,0
DA:390,0
DA:391,0
DA:393,0
DA:401,0
DA:402,0
DA:414,0
DA:415,0
DA:417,0
DA:422,0
DA:434,0
DA:435,0
DA:469,0
DA:470,0
DA:471,0
DA:472,0
DA:475,0
DA:476,0
DA:477,0
DA:478,0
DA:497,0
DA:515,0
DA:531,0
DA:549,0
DA:550,0
LF:185
LH:0
BRDA:40,0,0,0
BRDA:57,1,0,0
BRDA:57,1,1,0
BRDA:58,2,0,0
BRDA:58,3,0,0
BRDA:118,4,0,0
BRDA:118,4,1,0
BRDA:143,5,0,0
BRDA:143,5,1,0
BRDA:186,6,0,0
BRDA:186,6,1,0
BRDA:198,7,0,0
BRDA:198,7,1,0
BRDA:204,8,0,0
BRDA:204,8,1,0
BRDA:204,9,0,0
BRDA:204,9,1,0
BRDA:222,10,0,0
BRDA:222,10,1,0
BRDA:232,11,0,0
BRDA:232,11,1,0
BRDA:290,12,0,0
BRDA:290,12,1,0
BRDA:318,13,0,0
BRDA:318,13,1,0
BRDA:331,14,0,0
BRDA:331,14,1,0
BRDA:336,15,0,0
BRDA:336,15,1,0
BRDA:337,16,0,0
BRDA:337,16,1,0
BRDA:354,17,0,0
BRDA:354,17,1,0
BRDA:357,18,0,0
BRDA:357,18,1,0
BRDA:379,19,0,0
BRDA:379,19,1,0
BRDA:390,20,0,0
BRDA:390,20,1,0
BRDA:414,21,0,0
BRDA:414,21,1,0
BRDA:434,22,0,0
BRDA:434,22,1,0
BRDA:469,23,0,0
BRDA:469,23,1,0
BRDA:470,24,0,0
BRDA:470,24,1,0
BRDA:471,25,0,0
BRDA:471,25,1,0
BRDA:475,26,0,0
BRDA:475,26,1,0
BRDA:476,27,0,0
BRDA:476,27,1,0
BRDA:477,28,0,0
BRDA:477,28,1,0
BRDA:493,29,0,0
BRDA:493,29,1,0
BRDA:527,30,0,0
BRDA:527,30,1,0
BRF:59
BRH:0
end_of_record
TN:
SF:src/components/WorkflowEditor/WorkflowEditor.jsx
FN:20,(anonymous_0)
FN:29,(anonymous_1)
FN:33,(anonymous_2)
FN:43,(anonymous_3)
FN:44,(anonymous_4)
FN:48,(anonymous_5)
FN:58,(anonymous_6)
FN:59,(anonymous_7)
FN:63,(anonymous_8)
FN:64,(anonymous_9)
FN:64,(anonymous_10)
FN:65,(anonymous_11)
FN:65,(anonymous_12)
FN:69,(anonymous_13)
FN:74,(anonymous_14)
FN:80,(anonymous_15)
FN:106,(anonymous_16)
FN:107,(anonymous_17)
FN:111,(anonymous_18)
FN:117,(anonymous_19)
FN:123,(anonymous_20)
FN:132,(anonymous_21)
FN:168,(anonymous_22)
FN:172,(anonymous_23)
FN:184,(anonymous_24)
FN:185,(anonymous_25)
FN:186,(anonymous_26)
FN:187,(anonymous_27)
FN:202,(anonymous_28)
FN:217,(anonymous_29)
FN:226,(anonymous_30)
FN:234,(anonymous_31)
FN:245,(anonymous_32)
FN:253,(anonymous_33)
FNF:34
FNH:0
FNDA:0,(anonymous_0)
FNDA:0,(anonymous_1)
FNDA:0,(anonymous_2)
FNDA:0,(anonymous_3)
FNDA:0,(anonymous_4)
FNDA:0,(anonymous_5)
FNDA:0,(anonymous_6)
FNDA:0,(anonymous_7)
FNDA:0,(anonymous_8)
FNDA:0,(anonymous_9)
FNDA:0,(anonymous_10)
FNDA:0,(anonymous_11)
FNDA:0,(anonymous_12)
FNDA:0,(anonymous_13)
FNDA:0,(anonymous_14)
FNDA:0,(anonymous_15)
FNDA:0,(anonymous_16)
FNDA:0,(anonymous_17)
FNDA:0,(anonymous_18)
FNDA:0,(anonymous_19)
FNDA:0,(anonymous_20)
FNDA:0,(anonymous_21)
FNDA:0,(anonymous_22)
FNDA:0,(anonymous_23)
FNDA:0,(anonymous_24)
FNDA:0,(anonymous_25)
FNDA:0,(anonymous_26)
FNDA:0,(anonymous_27)
FNDA:0,(anonymous_28)
FNDA:0,(anonymous_29)
FNDA:0,(anonymous_30)
FNDA:0,(anonymous_31)
FNDA:0,(anonymous_32)
FNDA:0,(anonymous_33)
DA:16,0
DA:20,0
DA:21,0
DA:22,0
DA:23,0
DA:24,0
DA:25,0
DA:26,0
DA:29,0
DA:30,0
DA:31,0
DA:33,0
DA:43,0
DA:44,0
DA:48,0
DA:58,0
DA:59,0
DA:63,0
DA:64,0
DA:65,0
DA:69,0
DA:70,0
DA:74,0
DA:75,0
DA:76,0
DA:79,0
DA:81,0
DA:83,0
DA:84,0
DA:86,0
DA:87,0
DA:90,0
DA:91,0
DA:96,0
DA:106,0
DA:107,0
DA:111,0
DA:117,0
DA:118,0
DA:120,0
DA:122,0
DA:123,0
DA:132,0
DA:139,0
DA:142,0
DA:169,0
DA:170,0
DA:173,0
DA:174,0
DA:184,0
DA:186,0
DA:187,0
DA:188,0
DA:193,0
DA:202,0
DA:203,0
DA:205,0
DA:217,0
DA:226,0
DA:235,0
DA:236,0
DA:245,0
DA:253,0
DA:254,0
LF:64
LH:0
BRDA:30,0,0,0
BRDA:30,0,1,0
BRDA:31,1,0,0
BRDA:31,2,0,0
BRDA:36,3,0,0
BRDA:36,3,1,0
BRDA:65,4,0,0
BRDA:65,4,1,0
BRDA:84,5,0,0
BRDA:84,5,1,0
BRDA:86,6,0,0
BRDA:86,6,1,0
BRDA:86,7,0,0
BRDA:86,7,1,0
BRDA:101,8,0,0
BRDA:101,8,1,0
BRDA:118,9,0,0
BRDA:118,9,1,0
BRDA:145,10,0,0
BRDA:145,10,1,0
BRDA:169,11,0,0
BRDA:169,11,1,0
BRDA:173,12,0,0
BRDA:173,12,1,0
BRDA:181,13,0,0
BRDA:181,13,1,0
BRDA:188,14,0,0
BRDA:188,14,1,0
BRDA:203,15,0,0
BRDA:203,15,1,0
BRDA:216,16,0,0
BRDA:216,16,1,0
BRDA:225,17,0,0
BRDA:225,17,1,0
BRDA:233,18,0,0
BRDA:233,18,1,0
BRF:36
BRH:0
end_of_record
TN:
SF:src/components/WorkflowEditor/WorkflowToolbar.jsx
FN:19,(anonymous_0)
FNF:1
FNH:0
FNDA:0,(anonymous_0)
DA:19,0
DA:39,0
LF:2
LH:0
BRDA:51,0,0,0
BRDA:51,0,1,0
BRDA:97,1,0,0
BRDA:97,1,1,0
BRDA:98,2,0,0
BRDA:98,2,1,0
BRF:6
BRH:0
end_of_record
TN:
SF:src/components/WorkflowEditor/index.js
FNF:0
FNH:0
LF:0
LH:0
BRF:0
BRH:0
end_of_record
TN:
SF:src/config/cesium.js
FNF:0
FNH:0
DA:2,0
DA:48,0
LF:2
LH:0
BRDA:5,0,0,0
BRDA:5,0,1,0
BRF:2
BRH:0
end_of_record
TN:
SF:src/hooks/useKeyPress.js
FN:8,(anonymous_0)
FN:10,(anonymous_1)
FN:19,(anonymous_2)
FN:21,(anonymous_3)
FNF:4
FNH:0
FNDA:0,(anonymous_0)
FNDA:0,(anonymous_1)
FNDA:0,(anonymous_2)
FNDA:0,(anonymous_3)
DA:8,0
DA:9,0
DA:11,0
DA:12,0
DA:13,0
DA:19,0
DA:20,0
DA:21,0
LF:8
LH:0
BRDA:11,0,0,0
BRDA:11,0,1,0
BRF:2
BRH:0
end_of_record
TN:
SF:src/pages/Auth/Login.jsx
FN:27,(anonymous_0)
FN:36,(anonymous_1)
FN:44,(anonymous_2)
FN:53,(anonymous_3)
FN:149,(anonymous_4)
FNF:5
FNH:0
FNDA:0,(anonymous_0)
FNDA:0,(anonymous_1)
FNDA:0,(anonymous_2)
FNDA:0,(anonymous_3)
FNDA:0,(anonymous_4)
DA:22,0
DA:27,0
DA:28,0
DA:29,0
DA:30,0
DA:31,0
DA:32,0
DA:33,0
DA:36,0
DA:37,0
DA:38,0
DA:39,0
DA:44,0
DA:45,0
DA:46,0
DA:47,0
DA:48,0
DA:53,0
DA:54,0
DA:55,0
DA:57,0
DA:58,0
DA:60,0
DA:61,0
DA:64,0
DA:65,0
DA:67,0
DA:71,0
DA:72,0
DA:74,0
DA:77,0
DA:79,0
DA:83,0
DA:149,0
LF:34
LH:0
BRDA:37,0,0,0
BRDA:37,0,1,0
BRDA:38,1,0,0
BRDA:38,1,1,0
BRDA:46,2,0,0
BRDA:46,2,1,0
BRDA:60,3,0,0
BRDA:60,3,1,0
BRDA:64,4,0,0
BRDA:64,4,1,0
BRDA:71,5,0,0
BRDA:71,5,1,0
BRDA:74,6,0,0
BRDA:74,6,1,0
BRDA:77,7,0,0
BRDA:77,7,1,0
BRDA:100,8,0,0
BRDA:100,8,1,0
BRF:18
BRH:0
end_of_record
TN:
SF:src/pages/Auth/index.js
FNF:0
FNH:0
LF:0
LH:0
BRF:0
BRH:0
end_of_record
TN:
SF:src/pages/Models/ModelCreate.jsx
FN:41,(anonymous_0)
FN:68,(anonymous_1)
FN:74,(anonymous_2)
FN:75,(anonymous_3)
FN:92,(anonymous_4)
FN:105,(anonymous_5)
FN:139,(anonymous_6)
FN:151,(anonymous_7)
FN:158,(anonymous_8)
FN:159,(anonymous_9)
FN:163,(anonymous_10)
FN:186,(anonymous_11)
FN:258,(anonymous_12)
FN:266,(anonymous_13)
FN:266,(anonymous_14)
FN:278,(anonymous_15)
FN:287,(anonymous_16)
FN:294,(anonymous_17)
FN:296,(anonymous_18)
FN:304,(anonymous_19)
FN:316,(anonymous_20)
FN:327,(anonymous_21)
FN:334,(anonymous_22)
FN:342,(anonymous_23)
FN:342,(anonymous_24)
FN:354,(anonymous_25)
FN:363,(anonymous_26)
FN:370,(anonymous_27)
FN:372,(anonymous_28)
FN:386,(anonymous_29)
FN:397,(anonymous_30)
FN:489,(anonymous_31)
FN:491,(anonymous_32)
FN:492,(anonymous_33)
FN:512,(anonymous_34)
FN:540,(anonymous_35)
FN:545,(anonymous_36)
FNF:37
FNH:0
FNDA:0,(anonymous_0)
FNDA:0,(anonymous_1)
FNDA:0,(anonymous_2)
FNDA:0,(anonymous_3)
FNDA:0,(anonymous_4)
FNDA:0,(anonymous_5)
FNDA:0,(anonymous_6)
FNDA:0,(anonymous_7)
FNDA:0,(anonymous_8)
FNDA:0,(anonymous_9)
FNDA:0,(anonymous_10)
FNDA:0,(anonymous_11)
FNDA:0,(anonymous_12)
FNDA:0,(anonymous_13)
FNDA:0,(anonymous_14)
FNDA:0,(anonymous_15)
FNDA:0,(anonymous_16)
FNDA:0,(anonymous_17)
FNDA:0,(anonymous_18)
FNDA:0,(anonymous_19)
FNDA:0,(anonymous_20)
FNDA:0,(anonymous_21)
FNDA:0,(anonymous_22)
FNDA:0,(anonymous_23)
FNDA:0,(anonymous_24)
FNDA:0,(anonymous_25)
FNDA:0,(anonymous_26)
FNDA:0,(anonymous_27)
FNDA:0,(anonymous_28)
FNDA:0,(anonymous_29)
FNDA:0,(anonymous_30)
FNDA:0,(anonymous_31)
FNDA:0,(anonymous_32)
FNDA:0,(anonymous_33)
FNDA:0,(anonymous_34)
FNDA:0,(anonymous_35)
FNDA:0,(anonymous_36)
DA:38,0
DA:39,0
DA:41,0
DA:42,0
DA:43,0
DA:44,0
DA:45,0
DA:46,0
DA:49,0
DA:68,0
DA:69,0
DA:70,0
DA:71,0
DA:74,0
DA:75,0
DA:77,0
DA:78,0
DA:79,0
DA:80,0
DA:81,0
DA:84,0
DA:85,0
DA:86,0
DA:87,0
DA:88,0
DA:92,0
DA:93,0
DA:94,0
DA:95,0
DA:96,0
DA:97,0
DA:100,0
DA:105,0
DA:122,0
DA:124,0
DA:125,0
DA:127,0
DA:128,0
DA:129,0
DA:131,0
DA:134,0
DA:139,0
DA:140,0
DA:147,0
DA:151,0
DA:152,0
DA:153,0
DA:154,0
DA:158,0
DA:159,0
DA:163,0
DA:164,0
DA:166,0
DA:187,0
DA:247,0
DA:258,0
DA:266,0
DA:267,0
DA:268,0
DA:278,0
DA:287,0
DA:294,0
DA:297,0
DA:304,0
DA:316,0
DA:327,0
DA:334,0
DA:342,0
DA:343,0
DA:344,0
DA:354,0
DA:363,0
DA:370,0
DA:373,0
DA:386,0
DA:397,0
DA:406,0
DA:489,0
DA:491,0
DA:492,0
DA:502,0
DA:506,0
DA:512,0
DA:540,0
DA:545,0
LF:85
LH:0
BRDA:77,0,0,0
BRDA:77,0,1,0
BRDA:84,1,0,0
BRDA:84,1,1,0
BRDA:92,2,0,0
BRDA:92,2,1,0
BRDA:93,3,0,0
BRDA:93,3,1,0
BRDA:110,4,0,0
BRDA:110,4,1,0
BRDA:113,5,0,0
BRDA:113,5,1,0
BRDA:114,6,0,0
BRDA:114,6,1,0
BRDA:115,7,0,0
BRDA:115,7,1,0
BRDA:116,8,0,0
BRDA:116,8,1,0
BRDA:118,9,0,0
BRDA:118,9,1,0
BRDA:119,10,0,0
BRDA:119,10,1,0
BRDA:128,11,0,0
BRDA:128,11,1,0
BRDA:164,12,0,0
BRDA:164,12,1,0
BRDA:164,12,2,0
BRDA:164,12,3,0
BRDA:258,13,0,0
BRDA:258,13,1,0
BRDA:303,14,0,0
BRDA:303,14,1,0
BRDA:334,15,0,0
BRDA:334,15,1,0
BRDA:488,16,0,0
BRDA:488,16,1,0
BRDA:489,17,0,0
BRDA:489,17,1,0
BRDA:490,18,0,0
BRDA:490,18,1,0
BRDA:493,19,0,0
BRDA:493,19,1,0
BRDA:494,20,0,0
BRDA:494,20,1,0
BRDA:495,21,0,0
BRDA:495,21,1,0
BRDA:539,22,0,0
BRDA:539,22,1,0
BRDA:544,23,0,0
BRDA:544,23,1,0
BRDA:549,24,0,0
BRDA:549,24,1,0
BRF:52
BRH:0
end_of_record
TN:
SF:src/pages/Models/ModelDetail.jsx
FN:43,(anonymous_0)
FN:53,(anonymous_1)
FN:62,(anonymous_2)
FN:75,(anonymous_3)
FN:80,(anonymous_4)
FN:81,(anonymous_5)
FN:86,(anonymous_6)
FN:87,(anonymous_7)
FN:92,(anonymous_8)
FN:93,(anonymous_9)
FN:98,(anonymous_10)
FN:109,(anonymous_11)
FN:131,(anonymous_12)
FN:170,(anonymous_13)
FN:185,(anonymous_14)
FN:208,(anonymous_15)
FN:226,(anonymous_16)
FN:331,(anonymous_17)
FN:332,(anonymous_18)
FN:332,(anonymous_19)
FN:352,(anonymous_20)
FN:353,(anonymous_21)
FN:353,(anonymous_22)
FN:385,(anonymous_23)
FNF:24
FNH:0
FNDA:0,(anonymous_0)
FNDA:0,(anonymous_1)
FNDA:0,(anonymous_2)
FNDA:0,(anonymous_3)
FNDA:0,(anonymous_4)
FNDA:0,(anonymous_5)
FNDA:0,(anonymous_6)
FNDA:0,(anonymous_7)
FNDA:0,(anonymous_8)
FNDA:0,(anonymous_9)
FNDA:0,(anonymous_10)
FNDA:0,(anonymous_11)
FNDA:0,(anonymous_12)
FNDA:0,(anonymous_13)
FNDA:0,(anonymous_14)
FNDA:0,(anonymous_15)
FNDA:0,(anonymous_16)
FNDA:0,(anonymous_17)
FNDA:0,(anonymous_18)
FNDA:0,(anonymous_19)
FNDA:0,(anonymous_20)
FNDA:0,(anonymous_21)
FNDA:0,(anonymous_22)
FNDA:0,(anonymous_23)
DA:41,0
DA:43,0
DA:44,0
DA:45,0
DA:46,0
DA:47,0
DA:48,0
DA:49,0
DA:50,0
DA:53,0
DA:54,0
DA:56,0
DA:57,0
DA:58,0
DA:59,0
DA:60,0
DA:62,0
DA:64,0
DA:65,0
DA:67,0
DA:68,0
DA:69,0
DA:71,0
DA:75,0
DA:76,0
DA:80,0
DA:81,0
DA:82,0
DA:86,0
DA:87,0
DA:88,0
DA:92,0
DA:93,0
DA:94,0
DA:98,0
DA:99,0
DA:109,0
DA:110,0
DA:111,0
DA:121,0
DA:122,0
DA:123,0
DA:125,0
DA:126,0
DA:131,0
DA:132,0
DA:135,0
DA:136,0
DA:148,0
DA:149,0
DA:166,0
DA:167,0
DA:170,0
DA:178,0
DA:185,0
DA:209,0
DA:226,0
DA:331,0
DA:332,0
DA:333,0
DA:352,0
DA:353,0
DA:354,0
DA:386,0
LF:64
LH:0
BRDA:54,0,0,0
BRDA:54,0,1,0
BRDA:65,1,0,0
BRDA:65,1,1,0
BRDA:68,2,0,0
BRDA:68,2,1,0
BRDA:69,3,0,0
BRDA:69,3,1,0
BRDA:82,4,0,0
BRDA:82,4,1,0
BRDA:82,5,0,0
BRDA:82,5,1,0
BRDA:88,6,0,0
BRDA:88,6,1,0
BRDA:94,7,0,0
BRDA:94,7,1,0
BRDA:102,8,0,0
BRDA:102,8,1,0
BRDA:103,9,0,0
BRDA:103,9,1,0
BRDA:116,10,0,0
BRDA:116,10,1,0
BRDA:126,11,0,0
BRDA:126,11,1,0
BRDA:135,12,0,0
BRDA:135,12,1,0
BRDA:148,13,0,0
BRDA:148,13,1,0
BRDA:166,14,0,0
BRDA:166,14,1,0
BRDA:203,15,0,0
BRDA:203,15,1,0
BRDA:244,16,0,0
BRDA:244,16,1,0
BRDA:253,17,0,0
BRDA:253,17,1,0
BRDA:262,18,0,0
BRDA:262,18,1,0
BRDA:271,19,0,0
BRDA:271,19,1,0
BRDA:293,20,0,0
BRDA:293,20,1,0
BRDA:296,21,0,0
BRDA:296,21,1,0
BRDA:298,22,0,0
BRDA:298,22,1,0
BRDA:308,23,0,0
BRDA:308,23,1,0
BRDA:309,24,0,0
BRDA:309,24,1,0
BRDA:310,25,0,0
BRDA:310,25,1,0
BRDA:311,26,0,0
BRDA:311,26,1,0
BRDA:314,27,0,0
BRDA:314,27,1,0
BRDA:331,28,0,0
BRDA:331,28,1,0
BRDA:338,29,0,0
BRDA:338,29,1,0
BRDA:352,30,0,0
BRDA:352,30,1,0
BRDA:374,31,0,0
BRDA:374,31,1,0
BRDA:383,32,0,0
BRDA:383,32,1,0
BRDA:392,33,0,0
BRDA:392,33,1,0
BRDA:396,34,0,0
BRDA:396,34,1,0
BRF:70
BRH:0
end_of_record
TN:
SF:src/pages/Models/ModelDetailPage.jsx
FN:6,(anonymous_0)
FN:10,(anonymous_1)
FNF:2
FNH:0
FNDA:0,(anonymous_0)
FNDA:0,(anonymous_1)
DA:6,0
DA:7,0
DA:8,0
DA:10,0
DA:11,0
DA:14,0
DA:15,0
DA:18,0
DA:19,0
DA:22,0
LF:10
LH:0
BRDA:14,0,0,0
BRDA:14,0,1,0
BRDA:18,1,0,0
BRDA:18,1,1,0
BRDA:35,2,0,0
BRDA:35,2,1,0
BRF:6
BRH:0
end_of_record
TN:
SF:src/pages/Models/ModelList.jsx
FN:44,(anonymous_0)
FN:58,(anonymous_1)
FN:83,(anonymous_2)
FN:88,(anonymous_3)
FN:89,(anonymous_4)
FN:91,(anonymous_5)
FN:95,(anonymous_6)
FN:99,(anonymous_7)
FN:100,(anonymous_8)
FN:105,(anonymous_9)
FN:106,(anonymous_10)
FN:111,(anonymous_11)
FN:123,(anonymous_12)
FN:150,(anonymous_13)
FN:164,(anonymous_14)
FN:171,(anonymous_15)
FN:178,(anonymous_16)
FN:185,(anonymous_17)
FN:199,(anonymous_18)
FN:216,(anonymous_19)
FN:228,(anonymous_20)
FN:235,(anonymous_21)
FN:241,(anonymous_22)
FN:248,(anonymous_23)
FN:255,(anonymous_24)
FN:261,(anonymous_25)
FN:275,(anonymous_26)
FN:289,(anonymous_27)
FN:314,(anonymous_28)
FN:315,(anonymous_29)
FN:341,(anonymous_30)
FN:358,(anonymous_31)
FN:359,(anonymous_32)
FN:368,(anonymous_33)
FN:370,(anonymous_34)
FN:381,(anonymous_35)
FN:383,(anonymous_36)
FNF:37
FNH:0
FNDA:0,(anonymous_0)
FNDA:0,(anonymous_1)
FNDA:0,(anonymous_2)
FNDA:0,(anonymous_3)
FNDA:0,(anonymous_4)
FNDA:0,(anonymous_5)
FNDA:0,(anonymous_6)
FNDA:0,(anonymous_7)
FNDA:0,(anonymous_8)
FNDA:0,(anonymous_9)
FNDA:0,(anonymous_10)
FNDA:0,(anonymous_11)
FNDA:0,(anonymous_12)
FNDA:0,(anonymous_13)
FNDA:0,(anonymous_14)
FNDA:0,(anonymous_15)
FNDA:0,(anonymous_16)
FNDA:0,(anonymous_17)
FNDA:0,(anonymous_18)
FNDA:0,(anonymous_19)
FNDA:0,(anonymous_20)
FNDA:0,(anonymous_21)
FNDA:0,(anonymous_22)
FNDA:0,(anonymous_23)
FNDA:0,(anonymous_24)
FNDA:0,(anonymous_25)
FNDA:0,(anonymous_26)
FNDA:0,(anonymous_27)
FNDA:0,(anonymous_28)
FNDA:0,(anonymous_29)
FNDA:0,(anonymous_30)
FNDA:0,(anonymous_31)
FNDA:0,(anonymous_32)
FNDA:0,(anonymous_33)
FNDA:0,(anonymous_34)
FNDA:0,(anonymous_35)
FNDA:0,(anonymous_36)
DA:40,0
DA:41,0
DA:42,0
DA:44,0
DA:45,0
DA:46,0
DA:47,0
DA:48,0
DA:49,0
DA:58,0
DA:59,0
DA:60,0
DA:61,0
DA:69,0
DA:70,0
DA:71,0
DA:73,0
DA:74,0
DA:75,0
DA:76,0
DA:78,0
DA:83,0
DA:84,0
DA:88,0
DA:89,0
DA:90,0
DA:91,0
DA:92,0
DA:95,0
DA:99,0
DA:100,0
DA:101,0
DA:105,0
DA:106,0
DA:107,0
DA:111,0
DA:112,0
DA:113,0
DA:114,0
DA:115,0
DA:117,0
DA:118,0
DA:123,0
DA:124,0
DA:125,0
DA:135,0
DA:136,0
DA:137,0
DA:139,0
DA:140,0
DA:145,0
DA:151,0
DA:164,0
DA:171,0
DA:178,0
DA:186,0
DA:200,0
DA:217,0
DA:228,0
DA:236,0
DA:241,0
DA:248,0
DA:255,0
DA:261,0
DA:275,0
DA:276,0
DA:277,0
DA:280,0
DA:281,0
DA:289,0
DA:297,0
DA:314,0
DA:315,0
DA:322,0
DA:341,0
DA:358,0
DA:359,0
DA:368,0
DA:371,0
DA:381,0
DA:384,0
LF:81
LH:0
BRDA:64,0,0,0
BRDA:64,0,1,0
BRDA:70,1,0,0
BRDA:70,1,1,0
BRDA:71,2,0,0
BRDA:71,2,1,0
BRDA:74,3,0,0
BRDA:74,3,1,0
BRDA:90,4,0,0
BRDA:90,4,1,0
BRDA:101,5,0,0
BRDA:101,5,1,0
BRDA:101,6,0,0
BRDA:101,6,1,0
BRDA:107,7,0,0
BRDA:107,7,1,0
BRDA:118,8,0,0
BRDA:118,8,1,0
BRDA:130,9,0,0
BRDA:130,9,1,0
BRDA:140,10,0,0
BRDA:140,10,1,0
BRDA:154,11,0,0
BRDA:154,11,1,0
BRDA:200,12,0,0
BRDA:200,12,1,0
BRDA:219,13,0,0
BRDA:219,13,1,0
BRDA:228,14,0,0
BRDA:228,14,1,0
BRDA:276,15,0,0
BRDA:276,15,1,0
BRDA:276,16,0,0
BRDA:276,16,1,0
BRDA:280,17,0,0
BRDA:280,17,1,0
BRDA:280,18,0,0
BRDA:280,18,1,0
BRF:38
BRH:0
end_of_record
TN:
SF:src/pages/Models/ModelListPage.jsx
FN:7,(anonymous_0)
FN:24,(anonymous_1)
FN:29,(anonymous_2)
FN:38,(anonymous_3)
FN:48,(anonymous_4)
FN:62,(anonymous_5)
FN:72,(anonymous_6)
FN:78,(anonymous_7)
FN:89,(anonymous_8)
FN:93,(anonymous_9)
FN:110,(anonymous_10)
FN:114,(anonymous_11)
FN:115,(anonymous_12)
FN:127,(anonymous_13)
FN:139,(anonymous_14)
FNF:15
FNH:0
FNDA:0,(anonymous_0)
FNDA:0,(anonymous_1)
FNDA:0,(anonymous_2)
FNDA:0,(anonymous_3)
FNDA:0,(anonymous_4)
FNDA:0,(anonymous_5)
FNDA:0,(anonymous_6)
FNDA:0,(anonymous_7)
FNDA:0,(anonymous_8)
FNDA:0,(anonymous_9)
FNDA:0,(anonymous_10)
FNDA:0,(anonymous_11)
FNDA:0,(anonymous_12)
FNDA:0,(anonymous_13)
FNDA:0,(anonymous_14)
DA:7,0
DA:17,0
DA:19,0
DA:20,0
DA:21,0
DA:22,0
DA:24,0
DA:25,0
DA:26,0
DA:29,0
DA:30,0
DA:31,0
DA:32,0
DA:34,0
DA:38,0
DA:39,0
DA:40,0
DA:41,0
DA:43,0
DA:48,0
DA:49,0
DA:52,0
DA:53,0
DA:56,0
DA:62,0
DA:72,0
DA:78,0
DA:89,0
DA:93,0
DA:111,0
DA:114,0
DA:115,0
DA:127,0
DA:139,0
LF:34
LH:0
BRDA:39,0,0,0
BRDA:39,0,1,0
BRDA:48,1,0,0
BRDA:48,1,1,0
BRDA:49,2,0,0
BRDA:49,2,1,0
BRDA:49,2,2,0
BRDA:52,3,0,0
BRDA:52,3,1,0
BRDA:53,4,0,0
BRDA:53,4,1,0
BRDA:71,5,0,0
BRDA:71,5,1,0
BRDA:77,6,0,0
BRDA:77,6,1,0
BRDA:104,7,0,0
BRDA:104,7,1,0
BRDA:106,8,0,0
BRDA:106,8,1,0
BRDA:122,9,0,0
BRDA:122,9,1,0
BRDA:122,9,2,0
BRDA:134,10,0,0
BRDA:134,10,1,0
BRF:24
BRH:0
end_of_record
TN:
SF:src/pages/Models/index.js
FNF:0
FNH:0
LF:0
LH:0
BRF:0
BRH:0
end_of_record
TN:
SF:src/pages/Tasks/TaskDetail.jsx
FN:52,(anonymous_0)
FN:69,(anonymous_1)
FN:78,(anonymous_2)
FN:79,(anonymous_3)
FN:93,(anonymous_4)
FN:98,(anonymous_5)
FN:109,(anonymous_6)
FN:110,(anonymous_7)
FN:120,(anonymous_8)
FN:133,(anonymous_9)
FN:144,(anonymous_10)
FN:151,(anonymous_11)
FN:152,(anonymous_12)
FN:171,(anonymous_13)
FN:190,(anonymous_14)
FN:206,(anonymous_15)
FN:215,(anonymous_16)
FN:228,(anonymous_17)
FN:241,(anonymous_18)
FN:287,(anonymous_19)
FN:302,(anonymous_20)
FN:357,(anonymous_21)
FN:439,(anonymous_22)
FN:465,(anonymous_23)
FN:473,(anonymous_24)
FN:488,(anonymous_25)
FN:534,(anonymous_26)
FN:551,(anonymous_27)
FN:555,(anonymous_28)
FN:558,(anonymous_29)
FN:559,(anonymous_30)
FN:576,(anonymous_31)
FNF:32
FNH:0
FNDA:0,(anonymous_0)
FNDA:0,(anonymous_1)
FNDA:0,(anonymous_2)
FNDA:0,(anonymous_3)
FNDA:0,(anonymous_4)
FNDA:0,(anonymous_5)
FNDA:0,(anonymous_6)
FNDA:0,(anonymous_7)
FNDA:0,(anonymous_8)
FNDA:0,(anonymous_9)
FNDA:0,(anonymous_10)
FNDA:0,(anonymous_11)
FNDA:0,(anonymous_12)
FNDA:0,(anonymous_13)
FNDA:0,(anonymous_14)
FNDA:0,(anonymous_15)
FNDA:0,(anonymous_16)
FNDA:0,(anonymous_17)
FNDA:0,(anonymous_18)
FNDA:0,(anonymous_19)
FNDA:0,(anonymous_20)
FNDA:0,(anonymous_21)
FNDA:0,(anonymous_22)
FNDA:0,(anonymous_23)
FNDA:0,(anonymous_24)
FNDA:0,(anonymous_25)
FNDA:0,(anonymous_26)
FNDA:0,(anonymous_27)
FNDA:0,(anonymous_28)
FNDA:0,(anonymous_29)
FNDA:0,(anonymous_30)
FNDA:0,(anonymous_31)
DA:48,0
DA:49,0
DA:50,0
DA:52,0
DA:53,0
DA:54,0
DA:55,0
DA:56,0
DA:57,0
DA:58,0
DA:59,0
DA:60,0
DA:61,0
DA:62,0
DA:63,0
DA:64,0
DA:65,0
DA:66,0
DA:69,0
DA:70,0
DA:72,0
DA:73,0
DA:74,0
DA:75,0
DA:76,0
DA:78,0
DA:79,0
DA:81,0
DA:82,0
DA:83,0
DA:85,0
DA:86,0
DA:87,0
DA:89,0
DA:93,0
DA:94,0
DA:98,0
DA:99,0
DA:101,0
DA:102,0
DA:105,0
DA:106,0
DA:109,0
DA:110,0
DA:119,0
DA:120,0
DA:131,0
DA:133,0
DA:134,0
DA:135,0
DA:137,0
DA:144,0
DA:145,0
DA:146,0
DA:151,0
DA:152,0
DA:153,0
DA:163,0
DA:171,0
DA:172,0
DA:179,0
DA:186,0
DA:190,0
DA:191,0
DA:192,0
DA:193,0
DA:194,0
DA:196,0
DA:197,0
DA:198,0
DA:199,0
DA:201,0
DA:206,0
DA:207,0
DA:210,0
DA:211,0
DA:215,0
DA:216,0
DA:217,0
DA:218,0
DA:219,0
DA:220,0
DA:222,0
DA:223,0
DA:228,0
DA:229,0
DA:230,0
DA:231,0
DA:232,0
DA:233,0
DA:235,0
DA:236,0
DA:241,0
DA:242,0
DA:243,0
DA:244,0
DA:245,0
DA:247,0
DA:248,0
DA:252,0
DA:253,0
DA:265,0
DA:266,0
DA:283,0
DA:284,0
DA:287,0
DA:295,0
DA:302,0
DA:357,0
DA:440,0
DA:466,0
DA:473,0
DA:489,0
DA:534,0
DA:551,0
DA:555,0
DA:559,0
DA:560,0
DA:561,0
DA:562,0
DA:563,0
DA:564,0
DA:577,0
LF:123
LH:0
BRDA:70,0,0,0
BRDA:70,0,1,0
BRDA:82,1,0,0
BRDA:82,1,1,0
BRDA:83,2,0,0
BRDA:83,2,1,0
BRDA:86,3,0,0
BRDA:86,3,1,0
BRDA:87,4,0,0
BRDA:87,4,1,0
BRDA:99,5,0,0
BRDA:99,5,1,0
BRDA:99,6,0,0
BRDA:99,6,1,0
BRDA:105,7,0,0
BRDA:105,7,1,0
BRDA:110,8,0,0
BRDA:110,8,1,0
BRDA:112,9,0,0
BRDA:112,9,1,0
BRDA:113,10,0,0
BRDA:113,10,1,0
BRDA:114,11,0,0
BRDA:114,11,1,0
BRDA:115,12,0,0
BRDA:115,12,1,0
BRDA:119,13,0,0
BRDA:119,13,1,0
BRDA:123,14,0,0
BRDA:123,14,1,0
BRDA:134,15,0,0
BRDA:134,15,1,0
BRDA:145,16,0,0
BRDA:145,16,1,0
BRDA:145,17,0,0
BRDA:145,17,1,0
BRDA:164,18,0,0
BRDA:164,18,1,0
BRDA:165,19,0,0
BRDA:165,19,1,0
BRDA:186,20,0,0
BRDA:186,20,1,0
BRDA:186,21,0,0
BRDA:186,21,1,0
BRDA:191,22,0,0
BRDA:191,22,1,0
BRDA:196,23,0,0
BRDA:196,23,1,0
BRDA:198,24,0,0
BRDA:198,24,1,0
BRDA:207,25,0,0
BRDA:207,25,1,0
BRDA:207,25,2,0
BRDA:211,26,0,0
BRDA:211,26,1,0
BRDA:217,27,0,0
BRDA:217,27,1,0
BRDA:223,28,0,0
BRDA:223,28,1,0
BRDA:230,29,0,0
BRDA:230,29,1,0
BRDA:236,30,0,0
BRDA:236,30,1,0
BRDA:243,31,0,0
BRDA:243,31,1,0
BRDA:248,32,0,0
BRDA:248,32,1,0
BRDA:252,33,0,0
BRDA:252,33,1,0
BRDA:265,34,0,0
BRDA:265,34,1,0
BRDA:283,35,0,0
BRDA:283,35,1,0
BRDA:317,36,0,0
BRDA:317,36,1,0
BRDA:324,37,0,0
BRDA:324,37,1,0
BRDA:324,38,0,0
BRDA:324,38,1,0
BRDA:330,39,0,0
BRDA:330,39,1,0
BRDA:335,40,0,0
BRDA:335,40,1,0
BRDA:335,40,2,0
BRDA:340,41,0,0
BRDA:340,41,1,0
BRDA:351,42,0,0
BRDA:351,42,1,0
BRDA:354,43,0,0
BRDA:354,43,1,0
BRDA:355,44,0,0
BRDA:355,44,1,0
BRDA:359,45,0,0
BRDA:359,45,1,0
BRDA:374,46,0,0
BRDA:374,46,1,0
BRDA:376,47,0,0
BRDA:376,47,1,0
BRDA:393,48,0,0
BRDA:393,48,1,0
BRDA:403,49,0,0
BRDA:403,49,1,0
BRDA:422,50,0,0
BRDA:422,50,1,0
BRDA:424,51,0,0
BRDA:424,51,1,0
BRDA:429,52,0,0
BRDA:429,52,1,0
BRDA:439,53,0,0
BRDA:439,53,1,0
BRDA:441,54,0,0
BRDA:441,54,1,0
BRDA:448,55,0,0
BRDA:448,55,1,0
BRDA:461,56,0,0
BRDA:461,56,1,0
BRDA:486,57,0,0
BRDA:486,57,1,0
BRDA:491,58,0,0
BRDA:491,58,1,0
BRDA:491,59,0,0
BRDA:491,59,1,0
BRDA:491,60,0,0
BRDA:491,60,1,0
BRDA:506,61,0,0
BRDA:506,61,1,0
BRDA:511,62,0,0
BRDA:511,62,1,0
BRDA:550,63,0,0
BRDA:550,63,1,0
BRDA:553,64,0,0
BRDA:553,64,1,0
BRDA:573,65,0,0
BRDA:573,65,1,0
BRDA:577,66,0,0
BRDA:577,66,1,0
BRDA:579,67,0,0
BRDA:579,67,1,0
BRDA:582,68,0,0
BRDA:582,68,1,0
BRDA:585,69,0,0
BRDA:585,69,1,0
BRDA:587,70,0,0
BRDA:587,70,1,0
BRF:144
BRH:0
end_of_record
TN:
SF:src/pages/Tasks/TaskList.jsx
FN:48,(anonymous_0)
FN:63,(anonymous_1)
FN:89,(anonymous_2)
FN:94,(anonymous_3)
FN:95,(anonymous_4)
FN:97,(anonymous_5)
FN:101,(anonymous_6)
FN:105,(anonymous_7)
FN:106,(anonymous_8)
FN:125,(anonymous_9)
FN:137,(anonymous_10)
FN:149,(anonymous_11)
FN:161,(anonymous_12)
FN:195,(anonymous_13)
FN:216,(anonymous_14)
FN:230,(anonymous_15)
FN:239,(anonymous_16)
FN:245,(anonymous_17)
FN:257,(anonymous_18)
FN:264,(anonymous_19)
FN:271,(anonymous_20)
FN:277,(anonymous_21)
FN:285,(anonymous_22)
FN:300,(anonymous_23)
FN:310,(anonymous_24)
FN:319,(anonymous_25)
FN:334,(anonymous_26)
FN:364,(anonymous_27)
FN:389,(anonymous_28)
FN:390,(anonymous_29)
FN:416,(anonymous_30)
FN:433,(anonymous_31)
FN:434,(anonymous_32)
FN:443,(anonymous_33)
FN:445,(anonymous_34)
FNF:35
FNH:0
FNDA:0,(anonymous_0)
FNDA:0,(anonymous_1)
FNDA:0,(anonymous_2)
FNDA:0,(anonymous_3)
FNDA:0,(anonymous_4)
FNDA:0,(anonymous_5)
FNDA:0,(anonymous_6)
FNDA:0,(anonymous_7)
FNDA:0,(anonymous_8)
FNDA:0,(anonymous_9)
FNDA:0,(anonymous_10)
FNDA:0,(anonymous_11)
FNDA:0,(anonymous_12)
FNDA:0,(anonymous_13)
FNDA:0,(anonymous_14)
FNDA:0,(anonymous_15)
FNDA:0,(anonymous_16)
FNDA:0,(anonymous_17)
FNDA:0,(anonymous_18)
FNDA:0,(anonymous_19)
FNDA:0,(anonymous_20)
FNDA:0,(anonymous_21)
FNDA:0,(anonymous_22)
FNDA:0,(anonymous_23)
FNDA:0,(anonymous_24)
FNDA:0,(anonymous_25)
FNDA:0,(anonymous_26)
FNDA:0,(anonymous_27)
FNDA:0,(anonymous_28)
FNDA:0,(anonymous_29)
FNDA:0,(anonymous_30)
FNDA:0,(anonymous_31)
FNDA:0,(anonymous_32)
FNDA:0,(anonymous_33)
FNDA:0,(anonymous_34)
DA:43,0
DA:44,0
DA:45,0
DA:46,0
DA:48,0
DA:49,0
DA:50,0
DA:51,0
DA:52,0
DA:53,0
DA:54,0
DA:63,0
DA:64,0
DA:65,0
DA:66,0
DA:67,0
DA:74,0
DA:75,0
DA:76,0
DA:78,0
DA:79,0
DA:80,0
DA:81,0
DA:82,0
DA:84,0
DA:89,0
DA:90,0
DA:94,0
DA:95,0
DA:96,0
DA:97,0
DA:98,0
DA:101,0
DA:105,0
DA:106,0
DA:107,0
DA:117,0
DA:125,0
DA:126,0
DA:127,0
DA:128,0
DA:129,0
DA:131,0
DA:132,0
DA:137,0
DA:138,0
DA:139,0
DA:140,0
DA:141,0
DA:143,0
DA:144,0
DA:149,0
DA:150,0
DA:151,0
DA:152,0
DA:153,0
DA:155,0
DA:156,0
DA:161,0
DA:162,0
DA:172,0
DA:195,0
DA:196,0
DA:197,0
DA:198,0
DA:199,0
DA:201,0
DA:202,0
DA:203,0
DA:204,0
DA:206,0
DA:211,0
DA:217,0
DA:231,0
DA:239,0
DA:245,0
DA:257,0
DA:264,0
DA:272,0
DA:277,0
DA:285,0
DA:300,0
DA:310,0
DA:319,0
DA:334,0
DA:335,0
DA:336,0
DA:339,0
DA:340,0
DA:355,0
DA:356,0
DA:364,0
DA:372,0
DA:389,0
DA:390,0
DA:397,0
DA:416,0
DA:433,0
DA:434,0
DA:443,0
DA:446,0
LF:101
LH:0
BRDA:70,0,0,0
BRDA:70,0,1,0
BRDA:75,1,0,0
BRDA:75,1,1,0
BRDA:76,2,0,0
BRDA:76,2,1,0
BRDA:79,3,0,0
BRDA:79,3,1,0
BRDA:80,4,0,0
BRDA:80,4,1,0
BRDA:96,5,0,0
BRDA:96,5,1,0
BRDA:118,6,0,0
BRDA:118,6,1,0
BRDA:119,7,0,0
BRDA:119,7,1,0
BRDA:132,8,0,0
BRDA:132,8,1,0
BRDA:144,9,0,0
BRDA:144,9,1,0
BRDA:156,10,0,0
BRDA:156,10,1,0
BRDA:175,11,0,0
BRDA:175,11,1,0
BRDA:178,12,0,0
BRDA:178,12,1,0
BRDA:180,13,0,0
BRDA:180,13,1,0
BRDA:180,13,2,0
BRDA:185,14,0,0
BRDA:185,14,1,0
BRDA:185,14,2,0
BRDA:196,15,0,0
BRDA:196,15,1,0
BRDA:201,16,0,0
BRDA:201,16,1,0
BRDA:203,17,0,0
BRDA:203,17,1,0
BRDA:220,18,0,0
BRDA:220,18,1,0
BRDA:231,19,0,0
BRDA:231,19,1,0
BRDA:264,20,0,0
BRDA:264,20,1,0
BRDA:281,21,0,0
BRDA:281,21,1,0
BRDA:295,22,0,0
BRDA:295,22,1,0
BRDA:295,22,2,0
BRDA:305,23,0,0
BRDA:305,23,1,0
BRDA:315,24,0,0
BRDA:315,24,1,0
BRDA:315,24,2,0
BRDA:315,24,3,0
BRDA:335,25,0,0
BRDA:335,25,1,0
BRDA:335,26,0,0
BRDA:335,26,1,0
BRDA:339,27,0,0
BRDA:339,27,1,0
BRDA:355,28,0,0
BRDA:355,28,1,0
BRDA:355,29,0,0
BRDA:355,29,1,0
BRF:65
BRH:0
end_of_record
TN:
SF:src/pages/Tasks/index.js
FNF:0
FNH:0
LF:0
LH:0
BRF:0
BRH:0
end_of_record
TN:
SF:src/pages/Visualization/VisualizationPage.jsx
FN:19,(anonymous_0)
FN:176,(anonymous_1)
FN:181,(anonymous_2)
FN:185,(anonymous_3)
FN:189,(anonymous_4)
FN:193,(anonymous_5)
FN:198,(anonymous_6)
FN:208,(anonymous_7)
FN:212,(anonymous_8)
FN:221,(anonymous_9)
FN:222,(anonymous_10)
FN:269,(anonymous_11)
FNF:12
FNH:0
FNDA:0,(anonymous_0)
FNDA:0,(anonymous_1)
FNDA:0,(anonymous_2)
FNDA:0,(anonymous_3)
FNDA:0,(anonymous_4)
FNDA:0,(anonymous_5)
FNDA:0,(anonymous_6)
FNDA:0,(anonymous_7)
FNDA:0,(anonymous_8)
FNDA:0,(anonymous_9)
FNDA:0,(anonymous_10)
FNDA:0,(anonymous_11)
DA:19,0
DA:20,0
DA:21,0
DA:22,0
DA:23,0
DA:24,0
DA:25,0
DA:26,0
DA:29,0
DA:30,0
DA:33,0
DA:46,0
DA:59,0
DA:66,0
DA:176,0
DA:177,0
DA:178,0
DA:181,0
DA:182,0
DA:185,0
DA:186,0
DA:189,0
DA:190,0
DA:193,0
DA:194,0
DA:195,0
DA:198,0
DA:199,0
DA:200,0
DA:201,0
DA:203,0
DA:204,0
DA:208,0
DA:209,0
DA:212,0
DA:213,0
DA:216,0
DA:221,0
DA:222,0
DA:269,0
LF:40
LH:0
BRDA:199,0,0,0
BRDA:199,0,1,0
BRDA:209,1,0,0
BRDA:209,1,1,0
BRDA:225,2,0,0
BRDA:225,2,1,0
BRDA:228,3,0,0
BRDA:228,3,1,0
BRDA:231,4,0,0
BRDA:231,4,1,0
BRDA:234,5,0,0
BRDA:234,5,1,0
BRDA:237,6,0,0
BRDA:237,6,1,0
BRDA:237,6,2,0
BRDA:246,7,0,0
BRDA:246,7,1,0
BRDA:246,7,2,0
BRDA:256,8,0,0
BRDA:256,8,1,0
BRDA:256,8,2,0
BRDA:260,9,0,0
BRDA:260,9,1,0
BRDA:266,10,0,0
BRDA:266,10,1,0
BRDA:275,11,0,0
BRDA:275,11,1,0
BRDA:292,12,0,0
BRDA:292,12,1,0
BRDA:295,13,0,0
BRDA:295,13,1,0
BRDA:302,14,0,0
BRDA:302,14,1,0
BRDA:305,15,0,0
BRDA:305,15,1,0
BRDA:312,16,0,0
BRDA:312,16,1,0
BRDA:315,17,0,0
BRDA:315,17,1,0
BRDA:323,18,0,0
BRDA:323,18,1,0
BRDA:324,19,0,0
BRDA:324,19,1,0
BRDA:325,20,0,0
BRDA:325,20,1,0
BRF:45
BRH:0
end_of_record
TN:
SF:src/pages/Visualization/index.js
FNF:0
FNH:0
LF:0
LH:0
BRF:0
BRH:0
end_of_record
TN:
SF:src/pages/Workflows/WorkflowDetail.jsx
FN:102,(anonymous_0)
FN:109,(anonymous_1)
FN:114,(anonymous_2)
FN:117,(anonymous_3)
FN:132,(anonymous_4)
FN:134,(anonymous_5)
FN:141,(anonymous_6)
FN:143,(anonymous_7)
FN:150,(anonymous_8)
FN:152,(anonymous_9)
FN:159,(anonymous_10)
FN:172,(anonymous_11)
FN:174,(anonymous_12)
FN:182,(anonymous_13)
FN:192,(anonymous_14)
FN:212,(anonymous_15)
FN:212,(anonymous_16)
FN:218,(anonymous_17)
FN:224,(anonymous_18)
FN:230,(anonymous_19)
FN:245,(anonymous_20)
FN:249,(anonymous_21)
FN:270,(anonymous_22)
FN:283,(anonymous_23)
FN:301,(anonymous_24)
FNF:25
FNH:0
FNDA:0,(anonymous_0)
FNDA:0,(anonymous_1)
FNDA:0,(anonymous_2)
FNDA:0,(anonymous_3)
FNDA:0,(anonymous_4)
FNDA:0,(anonymous_5)
FNDA:0,(anonymous_6)
FNDA:0,(anonymous_7)
FNDA:0,(anonymous_8)
FNDA:0,(anonymous_9)
FNDA:0,(anonymous_10)
FNDA:0,(anonymous_11)
FNDA:0,(anonymous_12)
FNDA:0,(anonymous_13)
FNDA:0,(anonymous_14)
FNDA:0,(anonymous_15)
FNDA:0,(anonymous_16)
FNDA:0,(anonymous_17)
FNDA:0,(anonymous_18)
FNDA:0,(anonymous_19)
FNDA:0,(anonymous_20)
FNDA:0,(anonymous_21)
FNDA:0,(anonymous_22)
FNDA:0,(anonymous_23)
FNDA:0,(anonymous_24)
DA:40,0
DA:74,0
DA:102,0
DA:103,0
DA:104,0
DA:105,0
DA:106,0
DA:107,0
DA:109,0
DA:110,0
DA:111,0
DA:114,0
DA:115,0
DA:116,0
DA:117,0
DA:118,0
DA:119,0
DA:120,0
DA:122,0
DA:123,0
DA:126,0
DA:128,0
DA:132,0
DA:133,0
DA:134,0
DA:135,0
DA:137,0
DA:141,0
DA:142,0
DA:143,0
DA:144,0
DA:146,0
DA:150,0
DA:151,0
DA:152,0
DA:153,0
DA:155,0
DA:159,0
DA:160,0
DA:163,0
DA:164,0
DA:165,0
DA:166,0
DA:167,0
DA:168,0
DA:169,0
DA:172,0
DA:173,0
DA:174,0
DA:175,0
DA:176,0
DA:178,0
DA:182,0
DA:183,0
DA:188,0
DA:189,0
DA:192,0
DA:193,0
DA:199,0
DA:200,0
DA:207,0
DA:212,0
DA:218,0
DA:224,0
DA:230,0
DA:246,0
DA:249,0
DA:257,0
DA:258,0
DA:261,0
DA:270,0
DA:284,0
DA:301,0
LF:73
LH:0
BRDA:119,0,0,0
BRDA:119,0,1,0
BRDA:188,1,0,0
BRDA:188,1,1,0
BRDA:199,2,0,0
BRDA:199,2,1,0
BRDA:230,3,0,0
BRDA:230,3,1,0
BRDA:257,4,0,0
BRDA:257,4,1,0
BRDA:282,5,0,0
BRDA:282,5,1,0
BRDA:335,6,0,0
BRDA:335,6,1,0
BRDA:397,7,0,0
BRDA:397,7,1,0
BRDA:402,8,0,0
BRDA:402,8,1,0
BRDA:403,9,0,0
BRDA:403,9,1,0
BRF:20
BRH:0
end_of_record
TN:
SF:src/pages/Workflows/WorkflowEditorPage.jsx
FN:107,(anonymous_0)
FN:121,(anonymous_1)
FN:136,(anonymous_2)
FN:140,(anonymous_3)
FN:162,(anonymous_4)
FN:168,(anonymous_5)
FN:177,(anonymous_6)
FN:182,(anonymous_7)
FN:188,(anonymous_8)
FN:209,(anonymous_9)
FN:214,(anonymous_10)
FN:231,(anonymous_11)
FN:243,(anonymous_12)
FN:263,(anonymous_13)
FN:325,(anonymous_14)
FN:337,(anonymous_15)
FN:345,(anonymous_16)
FN:359,(anonymous_17)
FN:363,(anonymous_18)
FNF:19
FNH:0
FNDA:0,(anonymous_0)
FNDA:0,(anonymous_1)
FNDA:0,(anonymous_2)
FNDA:0,(anonymous_3)
FNDA:0,(anonymous_4)
FNDA:0,(anonymous_5)
FNDA:0,(anonymous_6)
FNDA:0,(anonymous_7)
FNDA:0,(anonymous_8)
FNDA:0,(anonymous_9)
FNDA:0,(anonymous_10)
FNDA:0,(anonymous_11)
FNDA:0,(anonymous_12)
FNDA:0,(anonymous_13)
FNDA:0,(anonymous_14)
FNDA:0,(anonymous_15)
FNDA:0,(anonymous_16)
FNDA:0,(anonymous_17)
FNDA:0,(anonymous_18)
DA:34,0
DA:35,0
DA:38,0
DA:82,0
DA:107,0
DA:108,0
DA:109,0
DA:110,0
DA:111,0
DA:112,0
DA:113,0
DA:114,0
DA:115,0
DA:116,0
DA:118,0
DA:121,0
DA:122,0
DA:123,0
DA:126,0
DA:136,0
DA:137,0
DA:138,0
DA:140,0
DA:141,0
DA:147,0
DA:148,0
DA:149,0
DA:155,0
DA:157,0
DA:162,0
DA:163,0
DA:168,0
DA:169,0
DA:170,0
DA:171,0
DA:173,0
DA:177,0
DA:178,0
DA:182,0
DA:183,0
DA:184,0
DA:185,0
DA:188,0
DA:190,0
DA:195,0
DA:196,0
DA:198,0
DA:199,0
DA:202,0
DA:204,0
DA:209,0
DA:210,0
DA:214,0
DA:216,0
DA:217,0
DA:218,0
DA:220,0
DA:221,0
DA:224,0
DA:231,0
DA:232,0
DA:239,0
DA:243,0
DA:244,0
DA:251,0
DA:254,0
DA:263,0
DA:325,0
DA:337,0
DA:345,0
DA:360,0
DA:363,0
LF:72
LH:0
BRDA:122,0,0,0
BRDA:122,0,1,0
BRDA:141,1,0,0
BRDA:141,1,1,0
BRDA:148,2,0,0
BRDA:148,2,1,0
BRDA:163,3,0,0
BRDA:163,3,1,0
BRDA:168,4,0,0
BRDA:170,5,0,0
BRDA:170,5,1,0
BRDA:196,6,0,0
BRDA:196,6,1,0
BRDA:198,7,0,0
BRDA:198,7,1,0
BRDA:217,8,0,0
BRDA:217,8,1,0
BRDA:220,9,0,0
BRDA:220,9,1,0
BRDA:220,10,0,0
BRDA:220,10,1,0
BRDA:226,11,0,0
BRDA:226,11,1,0
BRDA:239,12,0,0
BRDA:239,12,1,0
BRDA:251,13,0,0
BRDA:251,13,1,0
BRDA:269,14,0,0
BRDA:269,14,1,0
BRF:29
BRH:0
end_of_record
TN:
SF:src/pages/Workflows/WorkflowList.jsx
FN:156,(anonymous_0)
FN:168,(anonymous_1)
FN:172,(anonymous_2)
FN:179,(anonymous_3)
FN:182,(anonymous_4)
FN:199,(anonymous_5)
FN:204,(anonymous_6)
FN:205,(anonymous_7)
FN:208,(anonymous_8)
FN:212,(anonymous_9)
FN:223,(anonymous_10)
FN:225,(anonymous_11)
FN:234,(anonymous_12)
FN:236,(anonymous_13)
FN:245,(anonymous_14)
FN:247,(anonymous_15)
FN:255,(anonymous_16)
FN:274,(anonymous_17)
FN:294,(anonymous_18)
FN:301,(anonymous_19)
FN:312,(anonymous_20)
FN:314,(anonymous_21)
FN:328,(anonymous_22)
FN:342,(anonymous_23)
FN:358,(anonymous_24)
FN:365,(anonymous_25)
FN:371,(anonymous_26)
FN:378,(anonymous_27)
FN:385,(anonymous_28)
FN:392,(anonymous_29)
FN:399,(anonymous_30)
FN:405,(anonymous_31)
FN:432,(anonymous_32)
FN:439,(anonymous_33)
FN:456,(anonymous_34)
FN:457,(anonymous_35)
FN:492,(anonymous_36)
FN:493,(anonymous_37)
FNF:38
FNH:0
FNDA:0,(anonymous_0)
FNDA:0,(anonymous_1)
FNDA:0,(anonymous_2)
FNDA:0,(anonymous_3)
FNDA:0,(anonymous_4)
FNDA:0,(anonymous_5)
FNDA:0,(anonymous_6)
FNDA:0,(anonymous_7)
FNDA:0,(anonymous_8)
FNDA:0,(anonymous_9)
FNDA:0,(anonymous_10)
FNDA:0,(anonymous_11)
FNDA:0,(anonymous_12)
FNDA:0,(anonymous_13)
FNDA:0,(anonymous_14)
FNDA:0,(anonymous_15)
FNDA:0,(anonymous_16)
FNDA:0,(anonymous_17)
FNDA:0,(anonymous_18)
FNDA:0,(anonymous_19)
FNDA:0,(anonymous_20)
FNDA:0,(anonymous_21)
FNDA:0,(anonymous_22)
FNDA:0,(anonymous_23)
FNDA:0,(anonymous_24)
FNDA:0,(anonymous_25)
FNDA:0,(anonymous_26)
FNDA:0,(anonymous_27)
FNDA:0,(anonymous_28)
FNDA:0,(anonymous_29)
FNDA:0,(anonymous_30)
FNDA:0,(anonymous_31)
FNDA:0,(anonymous_32)
FNDA:0,(anonymous_33)
FNDA:0,(anonymous_34)
FNDA:0,(anonymous_35)
FNDA:0,(anonymous_36)
FNDA:0,(anonymous_37)
DA:35,0
DA:36,0
DA:39,0
DA:156,0
DA:157,0
DA:158,0
DA:159,0
DA:160,0
DA:161,0
DA:168,0
DA:169,0
DA:170,0
DA:172,0
DA:174,0
DA:177,0
DA:178,0
DA:179,0
DA:180,0
DA:182,0
DA:186,0
DA:189,0
DA:190,0
DA:191,0
DA:193,0
DA:195,0
DA:199,0
DA:200,0
DA:204,0
DA:205,0
DA:206,0
DA:208,0
DA:212,0
DA:213,0
DA:218,0
DA:219,0
DA:223,0
DA:224,0
DA:225,0
DA:226,0
DA:227,0
DA:229,0
DA:234,0
DA:235,0
DA:236,0
DA:237,0
DA:238,0
DA:240,0
DA:245,0
DA:246,0
DA:247,0
DA:248,0
DA:250,0
DA:255,0
DA:256,0
DA:259,0
DA:260,0
DA:261,0
DA:262,0
DA:263,0
DA:264,0
DA:265,0
DA:269,0
DA:275,0
DA:294,0
DA:302,0
DA:313,0
DA:315,0
DA:329,0
DA:343,0
DA:358,0
DA:366,0
DA:371,0
DA:378,0
DA:385,0
DA:392,0
DA:399,0
DA:405,0
DA:418,0
DA:432,0
DA:439,0
DA:456,0
DA:457,0
DA:492,0
DA:493,0
LF:84
LH:0
BRDA:177,0,0,0
BRDA:177,0,1,0
BRDA:180,1,0,0
BRDA:180,1,1,0
BRDA:180,1,2,0
BRDA:189,2,0,0
BRDA:189,2,1,0
BRDA:189,3,0,0
BRDA:189,3,1,0
BRDA:190,4,0,0
BRDA:190,4,1,0
BRDA:218,5,0,0
BRDA:218,5,1,0
BRDA:279,6,0,0
BRDA:279,6,1,0
BRDA:284,7,0,0
BRDA:284,7,1,0
BRDA:317,8,0,0
BRDA:317,8,1,0
BRDA:345,9,0,0
BRDA:345,9,1,0
BRF:21
BRH:0
end_of_record
TN:
SF:src/pages/Workflows/index.js
FNF:0
FNH:0
LF:0
LH:0
BRF:0
BRH:0
end_of_record
TN:
SF:src/services/api.ts
FN:24,(anonymous_0)
FN:31,(anonymous_1)
FN:38,(anonymous_2)
FN:47,(anonymous_3)
FN:96,(anonymous_4)
FN:99,(anonymous_5)
FN:101,(anonymous_6)
FN:102,(anonymous_7)
FN:104,(anonymous_8)
FN:105,(anonymous_9)
FN:107,(anonymous_10)
FN:108,(anonymous_11)
FN:110,(anonymous_12)
FN:111,(anonymous_13)
FNF:14
FNH:0
FNDA:0,(anonymous_0)
FNDA:0,(anonymous_1)
FNDA:0,(anonymous_2)
FNDA:0,(anonymous_3)
FNDA:0,(anonymous_4)
FNDA:0,(anonymous_5)
FNDA:0,(anonymous_6)
FNDA:0,(anonymous_7)
FNDA:0,(anonymous_8)
FNDA:0,(anonymous_9)
FNDA:0,(anonymous_10)
FNDA:0,(anonymous_11)
FNDA:0,(anonymous_12)
FNDA:0,(anonymous_13)
DA:10,0
DA:11,0
DA:14,0
DA:23,0
DA:25,0
DA:26,0
DA:27,0
DA:29,0
DA:32,0
DA:37,0
DA:40,0
DA:41,0
DA:42,0
DA:43,0
DA:45,0
DA:48,0
DA:49,0
DA:51,0
DA:54,0
DA:55,0
DA:56,0
DA:57,0
DA:59,0
DA:60,0
DA:62,0
DA:63,0
DA:65,0
DA:66,0
DA:68,0
DA:71,0
DA:74,0
DA:75,0
DA:76,0
DA:77,0
DA:79,0
DA:82,0
DA:83,0
DA:86,0
DA:95,0
DA:97,0
DA:99,0
DA:102,0
DA:105,0
DA:108,0
DA:111,0
LF:45
LH:0
BRDA:10,0,0,0
BRDA:10,0,1,0
BRDA:26,1,0,0
BRDA:26,1,1,0
BRDA:26,2,0,0
BRDA:26,2,1,0
BRDA:40,3,0,0
BRDA:40,3,1,0
BRDA:41,4,0,0
BRDA:41,4,1,0
BRDA:48,5,0,0
BRDA:48,5,1,0
BRDA:51,6,0,0
BRDA:51,6,1,0
BRDA:51,6,2,0
BRDA:51,6,3,0
BRDA:51,6,4,0
BRDA:72,7,0,0
BRDA:72,7,1,0
BRDA:74,8,0,0
BRDA:74,8,1,0
BRDA:77,9,0,0
BRDA:77,9,1,0
BRF:23
BRH:0
end_of_record
TN:
SF:src/services/authService.ts
FN:21,(anonymous_0)
FN:39,(anonymous_1)
FN:46,(anonymous_2)
FN:60,(anonymous_3)
FN:69,(anonymous_4)
FN:90,(anonymous_5)
FN:104,(anonymous_6)
FN:112,(anonymous_7)
FN:120,(anonymous_8)
FNF:9
FNH:0
FNDA:0,(anonymous_0)
FNDA:0,(anonymous_1)
FNDA:0,(anonymous_2)
FNDA:0,(anonymous_3)
FNDA:0,(anonymous_4)
FNDA:0,(anonymous_5)
FNDA:0,(anonymous_6)
FNDA:0,(anonymous_7)
FNDA:0,(anonymous_8)
DA:14,0
DA:22,0
DA:26,0
DA:29,0
DA:30,0
DA:32,0
DA:40,0
DA:47,0
DA:48,0
DA:51,0
DA:52,0
DA:61,0
DA:62,0
DA:70,0
DA:71,0
DA:72,0
DA:75,0
DA:80,0
DA:81,0
DA:82,0
DA:94,0
DA:105,0
DA:113,0
DA:121,0
LF:24
LH:0
BRDA:71,0,0,0
BRDA:71,0,1,0
BRF:2
BRH:0
end_of_record
TN:
SF:src/services/datasetService.js
FN:5,(anonymous_0)
FN:10,(anonymous_1)
FN:15,(anonymous_2)
FN:20,(anonymous_3)
FN:25,(anonymous_4)
FN:30,(anonymous_5)
FNF:6
FNH:0
FNDA:0,(anonymous_0)
FNDA:0,(anonymous_1)
FNDA:0,(anonymous_2)
FNDA:0,(anonymous_3)
FNDA:0,(anonymous_4)
FNDA:0,(anonymous_5)
DA:3,0
DA:6,0
DA:11,0
DA:16,0
DA:21,0
DA:26,0
DA:31,0
LF:7
LH:0
BRDA:5,0,0,0
BRF:1
BRH:0
end_of_record
TN:
SF:src/services/modelService.ts
FN:20,(anonymous_0)
FN:31,(anonymous_1)
FN:40,(anonymous_2)
FN:50,(anonymous_3)
FN:58,(anonymous_4)
FN:67,(anonymous_5)
FN:80,(anonymous_6)
FN:92,(anonymous_7)
FN:106,(anonymous_8)
FN:114,(anonymous_9)
FN:124,(anonymous_10)
FN:147,(anonymous_11)
FN:163,(anonymous_12)
FNF:13
FNH:0
FNDA:0,(anonymous_0)
FNDA:0,(anonymous_1)
FNDA:0,(anonymous_2)
FNDA:0,(anonymous_3)
FNDA:0,(anonymous_4)
FNDA:0,(anonymous_5)
FNDA:0,(anonymous_6)
FNDA:0,(anonymous_7)
FNDA:0,(anonymous_8)
FNDA:0,(anonymous_9)
FNDA:0,(anonymous_10)
FNDA:0,(anonymous_11)
FNDA:0,(anonymous_12)
DA:14,0
DA:23,0
DA:32,0
DA:41,0
DA:51,0
DA:59,0
DA:70,0
DA:83,0
DA:96,0
DA:107,0
DA:115,0
DA:133,0
DA:152,0
DA:173,0
LF:14
LH:0
BRF:0
BRH:0
end_of_record
TN:
SF:src/services/taskService.ts
FN:25,(anonymous_0)
FN:31,(anonymous_1)
FN:36,(anonymous_2)
FN:45,(anonymous_3)
FN:49,(anonymous_4)
FN:58,(anonymous_5)
FN:68,(anonymous_6)
FN:71,(anonymous_7)
FN:81,(anonymous_8)
FN:91,(anonymous_9)
FN:98,(anonymous_10)
FN:99,(anonymous_11)
FN:118,(anonymous_12)
FN:127,(anonymous_13)
FN:136,(anonymous_14)
FN:144,(anonymous_15)
FN:153,(anonymous_16)
FN:161,(anonymous_17)
FN:171,(anonymous_18)
FN:181,(anonymous_19)
FN:207,(anonymous_20)
FN:219,(anonymous_21)
FN:231,(anonymous_22)
FN:242,(anonymous_23)
FN:251,(anonymous_24)
FN:259,(anonymous_25)
FN:267,(anonymous_26)
FN:269,(anonymous_27)
FN:276,(anonymous_28)
FN:297,(anonymous_29)
FN:313,(anonymous_30)
FN:329,(anonymous_31)
FN:336,(anonymous_32)
FNF:33
FNH:17
FNDA:1,(anonymous_0)
FNDA:0,(anonymous_1)
FNDA:0,(anonymous_2)
FNDA:0,(anonymous_3)
FNDA:0,(anonymous_4)
FNDA:0,(anonymous_5)
FNDA:0,(anonymous_6)
FNDA:0,(anonymous_7)
FNDA:1,(anonymous_8)
FNDA:1,(anonymous_9)
FNDA:0,(anonymous_10)
FNDA:0,(anonymous_11)
FNDA:1,(anonymous_12)
FNDA:1,(anonymous_13)
FNDA:2,(anonymous_14)
FNDA:1,(anonymous_15)
FNDA:1,(anonymous_16)
FNDA:1,(anonymous_17)
FNDA:2,(anonymous_18)
FNDA:0,(anonymous_19)
FNDA:0,(anonymous_20)
FNDA:0,(anonymous_21)
FNDA:0,(anonymous_22)
FNDA:0,(anonymous_23)
FNDA:1,(anonymous_24)
FNDA:1,(anonymous_25)
FNDA:0,(anonymous_26)
FNDA:0,(anonymous_27)
FNDA:1,(anonymous_28)
FNDA:2,(anonymous_29)
FNDA:2,(anonymous_30)
FNDA:3,(anonymous_31)
FNDA:3,(anonymous_32)
DA:15,1
DA:16,1
DA:17,1
DA:18,1
DA:19,1
DA:26,1
DA:27,1
DA:29,1
DA:31,1
DA:32,0
DA:33,0
DA:36,1
DA:37,0
DA:38,0
DA:39,0
DA:41,0
DA:45,1
DA:46,0
DA:49,1
DA:50,0
DA:51,0
DA:59,0
DA:60,0
DA:61,0
DA:69,0
DA:70,0
DA:71,0
DA:72,0
DA:73,0
DA:82,1
DA:83,1
DA:85,1
DA:92,1
DA:99,0
DA:100,0
DA:106,1
DA:112,1
DA:119,1
DA:128,1
DA:137,2
DA:145,1
DA:154,1
DA:162,1
DA:172,2
DA:173,2
DA:191,0
DA:208,0
DA:211,0
DA:222,0
DA:235,0
DA:243,0
DA:255,1
DA:256,1
DA:259,1
DA:260,1
DA:268,0
DA:269,0
DA:284,1
DA:298,2
DA:307,2
DA:314,2
DA:323,2
DA:330,3
DA:337,3
LF:64
LH:37
BRDA:27,0,0,1
BRDA:27,0,1,1
BRDA:59,1,0,0
BRDA:59,1,1,0
BRDA:69,2,0,0
BRDA:69,2,1,0
BRDA:82,3,0,1
BRDA:82,3,1,0
BRDA:172,4,0,1
BRDA:172,4,1,1
BRDA:307,5,0,2
BRDA:307,5,1,0
BRDA:323,6,0,2
BRDA:323,6,1,0
BRF:14
BRH:7
end_of_record
TN:
SF:src/services/workflowService.ts
FN:30,(anonymous_0)
FN:41,(anonymous_1)
FN:50,(anonymous_2)
FN:60,(anonymous_3)
FN:71,(anonymous_4)
FN:80,(anonymous_5)
FN:91,(anonymous_6)
FN:103,(anonymous_7)
FN:118,(anonymous_8)
FN:138,(anonymous_9)
FN:149,(anonymous_10)
FN:159,(anonymous_11)
FN:176,(anonymous_12)
FN:202,(anonymous_13)
FN:212,(anonymous_14)
FN:224,(anonymous_15)
FNF:16
FNH:0
FNDA:0,(anonymous_0)
FNDA:0,(anonymous_1)
FNDA:0,(anonymous_2)
FNDA:0,(anonymous_3)
FNDA:0,(anonymous_4)
FNDA:0,(anonymous_5)
FNDA:0,(anonymous_6)
FNDA:0,(anonymous_7)
FNDA:0,(anonymous_8)
FNDA:0,(anonymous_9)
FNDA:0,(anonymous_10)
FNDA:0,(anonymous_11)
FNDA:0,(anonymous_12)
FNDA:0,(anonymous_13)
FNDA:0,(anonymous_14)
FNDA:0,(anonymous_15)
DA:24,0
DA:33,0
DA:42,0
DA:51,0
DA:64,0
DA:72,0
DA:83,0
DA:94,0
DA:107,0
DA:125,0
DA:139,0
DA:150,0
DA:164,0
DA:187,0
DA:203,0
DA:216,0
DA:225,0
LF:17
LH:0
BRF:0
BRH:0
end_of_record
TN:
SF:src/stores/authStore.ts
FN:40,(anonymous_0)
FN:52,(anonymous_1)
FN:77,(anonymous_2)
FN:101,(anonymous_3)
FN:102,(anonymous_4)
FN:117,(anonymous_5)
FN:131,(anonymous_6)
FN:141,(anonymous_7)
FN:146,(anonymous_8)
FN:152,(anonymous_9)
FNF:10
FNH:8
FNDA:1,(anonymous_0)
FNDA:2,(anonymous_1)
FNDA:0,(anonymous_2)
FNDA:1,(anonymous_3)
FNDA:0,(anonymous_4)
FNDA:2,(anonymous_5)
FNDA:2,(anonymous_6)
FNDA:1,(anonymous_7)
FNDA:1,(anonymous_8)
FNDA:23,(anonymous_9)
DA:38,1
DA:40,1
DA:53,2
DA:54,2
DA:55,2
DA:56,1
DA:63,1
DA:65,1
DA:70,1
DA:78,0
DA:79,0
DA:80,0
DA:87,0
DA:88,0
DA:90,0
DA:94,0
DA:102,1
DA:105,1
DA:118,2
DA:119,2
DA:120,1
DA:121,1
DA:123,1
DA:124,1
DA:132,2
DA:133,2
DA:134,1
DA:141,1
DA:147,1
DA:152,23
LF:30
LH:23
BRDA:66,0,0,1
BRDA:66,0,1,0
BRDA:91,1,0,0
BRDA:91,1,1,0
BRDA:133,2,0,1
BRDA:133,2,1,1
BRF:6
BRH:3
end_of_record
TN:
SF:src/stores/index.ts
FNF:0
FNH:0
LF:0
LH:0
BRF:0
BRH:0
end_of_record
TN:
SF:src/stores/modelStore.ts
FN:61,(anonymous_0)
FN:80,(anonymous_1)
FN:108,(anonymous_2)
FN:126,(anonymous_3)
FN:130,(anonymous_4)
FN:148,(anonymous_5)
FN:152,(anonymous_6)
FN:153,(anonymous_7)
FN:170,(anonymous_8)
FN:174,(anonymous_9)
FN:175,(anonymous_10)
FN:192,(anonymous_11)
FN:204,(anonymous_12)
FN:216,(anonymous_13)
FN:217,(anonymous_14)
FN:225,(anonymous_15)
FN:232,(anonymous_16)
FN:239,(anonymous_17)
FNF:18
FNH:0
FNDA:0,(anonymous_0)
FNDA:0,(anonymous_1)
FNDA:0,(anonymous_2)
FNDA:0,(anonymous_3)
FNDA:0,(anonymous_4)
FNDA:0,(anonymous_5)
FNDA:0,(anonymous_6)
FNDA:0,(anonymous_7)
FNDA:0,(anonymous_8)
FNDA:0,(anonymous_9)
FNDA:0,(anonymous_10)
FNDA:0,(anonymous_11)
FNDA:0,(anonymous_12)
FNDA:0,(anonymous_13)
FNDA:0,(anonymous_14)
FNDA:0,(anonymous_15)
FNDA:0,(anonymous_16)
FNDA:0,(anonymous_17)
DA:50,0
DA:59,0
DA:61,0
DA:81,0
DA:82,0
DA:83,0
DA:84,0
DA:86,0
DA:98,0
DA:109,0
DA:110,0
DA:111,0
DA:112,0
DA:113,0
DA:115,0
DA:119,0
DA:127,0
DA:128,0
DA:129,0
DA:130,0
DA:135,0
DA:137,0
DA:141,0
DA:149,0
DA:150,0
DA:151,0
DA:152,0
DA:153,0
DA:157,0
DA:159,0
DA:163,0
DA:171,0
DA:172,0
DA:173,0
DA:174,0
DA:175,0
DA:179,0
DA:181,0
DA:185,0
DA:193,0
DA:194,0
DA:195,0
DA:197,0
DA:205,0
DA:206,0
DA:207,0
DA:209,0
DA:217,0
DA:226,0
DA:233,0
DA:240,0
LF:51
LH:0
BRDA:99,0,0,0
BRDA:99,0,1,0
BRDA:116,1,0,0
BRDA:116,1,1,0
BRDA:138,2,0,0
BRDA:138,2,1,0
BRDA:153,3,0,0
BRDA:153,3,1,0
BRDA:160,4,0,0
BRDA:160,4,1,0
BRDA:176,5,0,0
BRDA:176,5,1,0
BRDA:182,6,0,0
BRDA:182,6,1,0
BRF:14
BRH:0
end_of_record
TN:
SF:src/stores/taskStore.ts
FN:74,(anonymous_0)
FN:100,(anonymous_1)
FN:128,(anonymous_2)
FN:146,(anonymous_3)
FN:150,(anonymous_4)
FN:170,(anonymous_5)
FN:174,(anonymous_6)
FN:175,(anonymous_7)
FN:197,(anonymous_8)
FN:201,(anonymous_9)
FN:202,(anonymous_10)
FN:221,(anonymous_11)
FN:227,(anonymous_12)
FN:228,(anonymous_13)
FN:231,(anonymous_14)
FN:248,(anonymous_15)
FN:260,(anonymous_16)
FN:264,(anonymous_17)
FN:268,(anonymous_18)
FN:276,(anonymous_19)
FN:278,(anonymous_20)
FN:280,(anonymous_21)
FN:288,(anonymous_22)
FN:289,(anonymous_23)
FN:290,(anonymous_24)
FN:311,(anonymous_25)
FN:329,(anonymous_26)
FN:330,(anonymous_27)
FN:338,(anonymous_28)
FN:345,(anonymous_29)
FN:352,(anonymous_30)
FNF:31
FNH:0
FNDA:0,(anonymous_0)
FNDA:0,(anonymous_1)
FNDA:0,(anonymous_2)
FNDA:0,(anonymous_3)
FNDA:0,(anonymous_4)
FNDA:0,(anonymous_5)
FNDA:0,(anonymous_6)
FNDA:0,(anonymous_7)
FNDA:0,(anonymous_8)
FNDA:0,(anonymous_9)
FNDA:0,(anonymous_10)
FNDA:0,(anonymous_11)
FNDA:0,(anonymous_12)
FNDA:0,(anonymous_13)
FNDA:0,(anonymous_14)
FNDA:0,(anonymous_15)
FNDA:0,(anonymous_16)
FNDA:0,(anonymous_17)
FNDA:0,(anonymous_18)
FNDA:0,(anonymous_19)
FNDA:0,(anonymous_20)
FNDA:0,(anonymous_21)
FNDA:0,(anonymous_22)
FNDA:0,(anonymous_23)
FNDA:0,(anonymous_24)
FNDA:0,(anonymous_25)
FNDA:0,(anonymous_26)
FNDA:0,(anonymous_27)
FNDA:0,(anonymous_28)
FNDA:0,(anonymous_29)
FNDA:0,(anonymous_30)
DA:63,0
DA:72,0
DA:74,0
DA:101,0
DA:102,0
DA:103,0
DA:104,0
DA:106,0
DA:118,0
DA:129,0
DA:130,0
DA:131,0
DA:132,0
DA:133,0
DA:135,0
DA:139,0
DA:147,0
DA:148,0
DA:149,0
DA:150,0
DA:156,0
DA:157,0
DA:159,0
DA:163,0
DA:171,0
DA:172,0
DA:173,0
DA:174,0
DA:176,0
DA:184,0
DA:186,0
DA:190,0
DA:198,0
DA:199,0
DA:200,0
DA:201,0
DA:202,0
DA:207,0
DA:208,0
DA:210,0
DA:214,0
DA:222,0
DA:223,0
DA:224,0
DA:226,0
DA:227,0
DA:228,0
DA:231,0
DA:235,0
DA:237,0
DA:241,0
DA:249,0
DA:250,0
DA:251,0
DA:253,0
DA:261,0
DA:262,0
DA:264,0
DA:265,0
DA:268,0
DA:277,0
DA:278,0
DA:280,0
DA:289,0
DA:290,0
DA:291,0
DA:302,0
DA:311,0
DA:319,0
DA:330,0
DA:339,0
DA:346,0
DA:353,0
LF:73
LH:0
BRDA:119,0,0,0
BRDA:119,0,1,0
BRDA:136,1,0,0
BRDA:136,1,1,0
BRDA:160,2,0,0
BRDA:160,2,1,0
BRDA:176,3,0,0
BRDA:176,3,1,0
BRDA:179,4,0,0
BRDA:179,4,1,0
BRDA:187,5,0,0
BRDA:187,5,1,0
BRDA:202,6,0,0
BRDA:202,6,1,0
BRDA:211,7,0,0
BRDA:211,7,1,0
BRDA:229,8,0,0
BRDA:229,8,1,0
BRDA:238,9,0,0
BRDA:238,9,1,0
BRDA:262,10,0,0
BRDA:262,10,1,0
BRDA:291,11,0,0
BRDA:291,11,1,0
BRDA:302,12,0,0
BRDA:302,12,1,0
BRDA:308,13,0,0
BRDA:308,13,1,0
BRF:28
BRH:0
end_of_record
TN:
SF:src/stores/uiStore.js
FN:3,(anonymous_0)
FN:6,(anonymous_1)
FN:6,(anonymous_2)
FN:12,(anonymous_3)
FN:13,(anonymous_4)
FN:13,(anonymous_5)
FN:19,(anonymous_6)
FN:21,(anonymous_7)
FN:29,(anonymous_8)
FN:35,(anonymous_9)
FN:35,(anonymous_10)
FN:36,(anonymous_11)
FN:41,(anonymous_12)
FN:41,(anonymous_13)
FN:44,(anonymous_14)
FN:44,(anonymous_15)
FN:50,(anonymous_16)
FN:54,(anonymous_17)
FNF:18
FNH:0
FNDA:0,(anonymous_0)
FNDA:0,(anonymous_1)
FNDA:0,(anonymous_2)
FNDA:0,(anonymous_3)
FNDA:0,(anonymous_4)
FNDA:0,(anonymous_5)
FNDA:0,(anonymous_6)
FNDA:0,(anonymous_7)
FNDA:0,(anonymous_8)
FNDA:0,(anonymous_9)
FNDA:0,(anonymous_10)
FNDA:0,(anonymous_11)
FNDA:0,(anonymous_12)
FNDA:0,(anonymous_13)
FNDA:0,(anonymous_14)
FNDA:0,(anonymous_15)
FNDA:0,(anonymous_16)
FNDA:0,(anonymous_17)
DA:3,0
DA:6,0
DA:12,0
DA:13,0
DA:20,0
DA:21,0
DA:29,0
DA:30,0
DA:33,0
DA:35,0
DA:36,0
DA:41,0
DA:44,0
DA:50,0
DA:54,0
LF:15
LH:0
BRDA:14,0,0,0
BRDA:14,0,1,0
BRDA:31,1,0,0
BRDA:31,1,1,0
BRDA:41,2,0,0
BRF:5
BRH:0
end_of_record
TN:
SF:src/stores/workflowStore.js
FN:4,(anonymous_0)
FN:21,(anonymous_1)
FN:32,(anonymous_2)
FN:43,(anonymous_3)
FN:65,(anonymous_4)
FN:79,(anonymous_5)
FN:96,(anonymous_6)
FN:101,(anonymous_7)
FN:111,(anonymous_8)
FN:122,(anonymous_9)
FN:123,(anonymous_10)
FN:132,(anonymous_11)
FN:133,(anonymous_12)
FN:136,(anonymous_13)
FN:144,(anonymous_14)
FN:145,(anonymous_15)
FN:148,(anonymous_16)
FN:150,(anonymous_17)
FN:157,(anonymous_18)
FN:158,(anonymous_19)
FN:167,(anonymous_20)
FN:168,(anonymous_21)
FN:171,(anonymous_22)
FN:177,(anonymous_23)
FN:178,(anonymous_24)
FN:186,(anonymous_25)
FN:197,(anonymous_26)
FNF:27
FNH:0
FNDA:0,(anonymous_0)
FNDA:0,(anonymous_1)
FNDA:0,(anonymous_2)
FNDA:0,(anonymous_3)
FNDA:0,(anonymous_4)
FNDA:0,(anonymous_5)
FNDA:0,(anonymous_6)
FNDA:0,(anonymous_7)
FNDA:0,(anonymous_8)
FNDA:0,(anonymous_9)
FNDA:0,(anonymous_10)
FNDA:0,(anonymous_11)
FNDA:0,(anonymous_12)
FNDA:0,(anonymous_13)
FNDA:0,(anonymous_14)
FNDA:0,(anonymous_15)
FNDA:0,(anonymous_16)
FNDA:0,(anonymous_17)
FNDA:0,(anonymous_18)
FNDA:0,(anonymous_19)
FNDA:0,(anonymous_20)
FNDA:0,(anonymous_21)
FNDA:0,(anonymous_22)
FNDA:0,(anonymous_23)
FNDA:0,(anonymous_24)
FNDA:0,(anonymous_25)
FNDA:0,(anonymous_26)
DA:4,0
DA:22,0
DA:23,0
DA:24,0
DA:25,0
DA:27,0
DA:33,0
DA:34,0
DA:35,0
DA:36,0
DA:38,0
DA:44,0
DA:45,0
DA:46,0
DA:47,0
DA:57,0
DA:59,0
DA:60,0
DA:66,0
DA:67,0
DA:68,0
DA:69,0
DA:70,0
DA:71,0
DA:73,0
DA:74,0
DA:80,0
DA:81,0
DA:82,0
DA:83,0
DA:88,0
DA:90,0
DA:91,0
DA:97,0
DA:98,0
DA:99,0
DA:100,0
DA:101,0
DA:105,0
DA:106,0
DA:112,0
DA:113,0
DA:114,0
DA:116,0
DA:117,0
DA:123,0
DA:133,0
DA:137,0
DA:145,0
DA:148,0
DA:150,0
DA:158,0
DA:168,0
DA:171,0
DA:178,0
DA:187,0
DA:197,0
LF:57
LH:0
BRDA:21,0,0,0
BRDA:25,1,0,0
BRDA:25,1,1,0
BRDA:50,2,0,0
BRDA:50,2,1,0
BRDA:51,3,0,0
BRDA:51,3,1,0
BRDA:137,4,0,0
BRDA:137,4,1,0
BRDA:150,5,0,0
BRDA:150,5,1,0
BRF:11
BRH:0
end_of_record
TN:
SF:src/types/common.js
FNF:0
FNH:0
LF:0
LH:0
BRF:0
BRH:0
end_of_record
TN:
SF:src/types/index.js
FNF:0
FNH:0
LF:0
LH:0
BRF:0
BRH:0
end_of_record
TN:
SF:src/types/model.js
FNF:0
FNH:0
DA:2,0
DA:11,0
DA:19,0
LF:3
LH:0
BRF:0
BRH:0
end_of_record
TN:
SF:src/types/task.js
FNF:0
FNH:0
DA:2,0
DA:13,0
DA:20,0
LF:3
LH:0
BRF:0
BRH:0
end_of_record
TN:
SF:src/utils/request.js
FN:14,(anonymous_0)
FN:27,(anonymous_1)
FN:34,(anonymous_2)
FN:52,(anonymous_3)
FN:87,generateRequestId
FNF:5
FNH:0
FNDA:0,(anonymous_0)
FNDA:0,(anonymous_1)
FNDA:0,(anonymous_2)
FNDA:0,(anonymous_3)
FNDA:0,generateRequestId
DA:4,0
DA:13,0
DA:16,0
DA:18,0
DA:19,0
DA:23,0
DA:25,0
DA:28,0
DA:33,0
DA:35,0
DA:38,0
DA:40,0
DA:42,0
DA:43,0
DA:44,0
DA:47,0
DA:50,0
DA:53,0
DA:55,0
DA:56,0
DA:58,0
DA:59,0
DA:61,0
DA:62,0
DA:63,0
DA:64,0
DA:65,0
DA:67,0
DA:68,0
DA:70,0
DA:71,0
DA:73,0
DA:74,0
DA:76,0
DA:78,0
DA:79,0
DA:82,0
DA:88,0
LF:38
LH:0
BRDA:5,0,0,0
BRDA:5,0,1,0
BRDA:18,1,0,0
BRDA:18,1,1,0
BRDA:38,2,0,0
BRDA:38,2,1,0
BRDA:40,3,0,0
BRDA:40,3,1,0
BRDA:47,4,0,0
BRDA:47,4,1,0
BRDA:55,5,0,0
BRDA:55,5,1,0
BRDA:56,6,0,0
BRDA:56,6,1,0
BRDA:56,6,2,0
BRDA:56,6,3,0
BRDA:56,6,4,0
BRDA:56,6,5,0
BRDA:58,7,0,0
BRDA:58,7,1,0
BRDA:78,8,0,0
BRDA:78,8,1,0
BRF:22
BRH:0
end_of_record
TN:
SF:src/utils/validation.js
FN:10,(anonymous_0)
FN:22,(anonymous_1)
FN:36,(anonymous_2)
FN:55,(anonymous_3)
FN:70,(anonymous_4)
FN:88,(anonymous_5)
FNF:6
FNH:5
FNDA:5,(anonymous_0)
FNDA:6,(anonymous_1)
FNDA:4,(anonymous_2)
FNDA:4,(anonymous_3)
FNDA:4,(anonymous_4)
FNDA:0,(anonymous_5)
DA:10,1
DA:11,5
DA:12,3
DA:14,2
DA:22,1
DA:23,6
DA:24,5
DA:25,5
DA:26,3
DA:28,2
DA:36,1
DA:37,4
DA:38,4
DA:39,1
DA:41,3
DA:42,1
DA:44,2
DA:45,1
DA:47,1
DA:55,1
DA:56,4
DA:57,3
DA:58,1
DA:60,2
DA:70,1
DA:71,4
DA:72,3
DA:73,3
DA:74,1
DA:76,2
DA:77,1
DA:79,1
DA:88,1
DA:89,0
DA:91,0
DA:92,0
DA:93,0
DA:95,0
DA:96,0
DA:98,0
DA:100,0
DA:101,0
DA:103,0
DA:104,0
DA:106,0
DA:107,0
DA:109,0
DA:110,0
DA:112,0
DA:113,0
DA:115,0
DA:116,0
DA:118,0
DA:120,0
DA:123,0
DA:124,0
DA:125,0
DA:130,0
LF:58
LH:33
BRDA:11,0,0,3
BRDA:11,0,1,2
BRDA:11,1,0,5
BRDA:11,1,1,4
BRDA:11,1,2,3
BRDA:23,2,0,1
BRDA:23,2,1,5
BRDA:25,3,0,3
BRDA:25,3,1,2
BRDA:37,4,0,0
BRDA:37,4,1,4
BRDA:38,5,0,1
BRDA:38,5,1,3
BRDA:41,6,0,1
BRDA:41,6,1,2
BRDA:44,7,0,1
BRDA:44,7,1,1
BRDA:56,8,0,1
BRDA:56,8,1,3
BRDA:57,9,0,1
BRDA:57,9,1,2
BRDA:71,10,0,1
BRDA:71,10,1,3
BRDA:71,11,0,4
BRDA:71,11,1,3
BRDA:71,11,2,3
BRDA:73,12,0,1
BRDA:73,12,1,2
BRDA:73,13,0,3
BRDA:73,13,1,3
BRDA:76,14,0,1
BRDA:76,14,1,1
BRDA:76,15,0,2
BRDA:76,15,1,2
BRDA:98,16,0,0
BRDA:98,16,1,0
BRDA:98,16,2,0
BRDA:98,16,3,0
BRDA:98,16,4,0
BRDA:98,16,5,0
BRDA:98,16,6,0
BRDA:115,17,0,0
BRDA:115,17,1,0
BRDA:123,18,0,0
BRDA:123,18,1,0
BRF:45
BRH:33
end_of_record
